FRAME	1540899945942	34	2	19216800000603	403	723	353	94	96	0	9024	1920	1080
FRAME	1540899945942	35	2	19216800000603	900	1667	49	151	46	0	6946	1920	1080
FRAME	1540899945942	36	2	19216800000603	400	649	19	62	30	0	1860	1920	1080
FRAME	1540899945942	37	2	19216800000603	402	733	283	99	105	0	10395	1920	1080
FRAME	1540899946228	34	2	19216800000603	403	723	353	94	96	0	9024	1920	1080
FRAME	1540899946228	35	2	19216800000603	900	1709	47	154	45	0	6930	1920	1080
FRAME	1540899946228	36	2	19216800000603	400	637	39	61	41	0	2501	1920	1080
FRAME	1540899946228	37	2	19216800000603	402	733	283	99	105	0	10395	1920	1080
FRAME	1540899946689	34	2	19216800000603	403	723	353	94	96	0	9024	1920	1080
FRAME	1540899946689	35	2	19216800000603	1000	1754	45	152	45	0	6840	1920	1080
FRAME	1540899946689	36	2	19216800000603	400	620	69	64	49	0	3136	1920	1080
FRAME	1540899946689	37	2	19216800000603	402	733	283	99	105	0	10395	1920	1080
FRAME	1540899947147	34	2	19216800000603	403	723	353	94	96	0	9024	1920	1080
FRAME	1540899947147	35	2	19216800000603	1000	1774	45	157	45	0	7065	1920	1080
FRAME	1540899947147	36	2	19216800000603	400	620	69	64	49	0	3136	1920	1080
FRAME	1540899947147	37	2	19216800000603	402	733	283	99	105	0	10395	1920	1080
FRAME	1540899947456	35	2	19216800000603	1000	1784	46	154	45	0	6930	1920	1080
FRAME	1540899947456	36	2	19216800000603	400	620	69	64	49	0	3136	1920	1080
FRAME	1540899948049	35	2	19216800000603	1000	1787	47	152	45	0	6840	1920	1080
FRAME	1540899948049	36	2	19216800000603	400	620	69	64	49	0	3136	1920	1080
FRAME	1540899948049	38	2	19216800000603	406	576	687	192	203	0	38976	1920	1080
FRAME	1540899948455	35	2	19216800000603	1000	1800	46	154	46	0	7084	1920	1080
FRAME	1540899948455	38	2	19216800000603	406	576	687	192	203	0	38976	1920	1080
FRAME	1540899948836	35	2	19216800000603	1000	1800	46	154	46	0	7084	1920	1080
FRAME	1540899948836	38	2	19216800000603	406	576	687	192	203	0	38976	1920	1080
FRAME	1540899949243	35	2	19216800000603	1000	1800	46	154	46	0	7084	1920	1080
FRAME	1540899949243	38	2	19216800000603	406	576	687	192	203	0	38976	1920	1080
FRAME	1540899949769	35	2	19216800000603	1000	1842	39	137	52	0	7124	1920	1080
FRAME	1540899949769	39	2	19216800000603	301	565	173	93	76	0	7068	1920	1080
FRAME	1540899949978	35	2	19216800000603	1000	1880	34	120	50	0	6000	1920	1080
FRAME	1540899949978	39	2	19216800000603	301	542	214	95	82	0	7790	1920	1080
FRAME	1540899950200	35	2	19216800000603	1000	1879	35	111	49	0	5439	1920	1080
FRAME	1540899950200	39	2	19216800000603	302	526	240	102	89	0	9078	1920	1080
FRAME	1540899950775	35	2	19216800000603	1000	1879	35	111	49	0	5439	1920	1080
FRAME	1540899950775	39	2	19216800000603	302	519	247	108	97	0	10476	1920	1080
FRAME	1540899950775	40	1	19216800000603	802	1415	286	36	63	0	2268	1920	1080
FRAME	1540899951019	35	2	19216800000603	1000	1879	35	111	49	0	5439	1920	1080
FRAME	1540899951019	39	2	19216800000603	302	519	247	108	97	0	10476	1920	1080
FRAME	1540899951019	40	1	19216800000603	802	1409	282	39	62	0	2418	1920	1080
FRAME	1540899951462	35	2	19216800000603	1000	1879	35	111	49	0	5439	1920	1080
FRAME	1540899951462	39	2	19216800000603	302	519	247	108	97	0	10476	1920	1080
FRAME	1540899951462	40	1	19216800000603	802	1403	283	38	60	0	2280	1920	1080
FRAME	1540899951985	39	2	19216800000603	302	519	247	108	97	0	10476	1920	1080
FRAME	1540899951985	40	1	19216800000603	802	1401	285	37	61	0	2257	1920	1080
FRAME	1540899951985	41	2	19216800000603	302	427	320	165	150	0	24750	1920	1080
FRAME	1540899952466	40	1	19216800000603	802	1400	284	37	68	0	2516	1920	1080
FRAME	1540899952466	41	2	19216800000603	302	427	320	165	150	0	24750	1920	1080
FRAME	1540899952692	40	1	19216800000603	802	1395	277	37	68	0	2516	1920	1080
FRAME	1540899952692	41	2	19216800000603	203	275	416	215	156	0	33540	1920	1080
FRAME	1540899952893	40	1	19216800000603	802	1390	265	37	60	0	2220	1920	1080
FRAME	1540899952893	41	2	19216800000603	203	275	416	215	156	0	33540	1920	1080
FRAME	1540899953147	40	1	19216800000603	802	1386	257	40	61	0	2440	1920	1080
FRAME	1540899953147	41	2	19216800000603	203	275	416	215	156	0	33540	1920	1080
FRAME	1540899953449	40	1	19216800000603	802	1381	261	41	63	0	2583	1920	1080
FRAME	1540899953449	41	2	19216800000603	203	275	416	215	156	0	33540	1920	1080
FRAME	1540899953817	40	1	19216800000603	802	1381	266	42	69	0	2898	1920	1080
FRAME	1540899954280	40	1	19216800000603	802	1381	265	45	70	0	3150	1920	1080
FRAME	1540899954570	40	1	19216800000603	802	1379	258	44	69	0	3036	1920	1080
FRAME	1540899954930	40	1	19216800000603	802	1375	253	40	65	0	2600	1920	1080
FRAME	1540899955135	40	1	19216800000603	802	1370	254	41	63	0	2583	1920	1080
FRAME	1540899955399	40	1	19216800000603	802	1367	256	39	62	0	2418	1920	1080
FRAME	1540899955979	40	1	19216800000603	802	1365	253	41	63	0	2583	1920	1080
FRAME	1540899956130	40	1	19216800000603	802	1363	248	39	66	0	2574	1920	1080
FRAME	1540899956331	40	1	19216800000603	802	1362	243	38	65	0	2470	1920	1080
FRAME	1540899956496	40	1	19216800000603	802	1360	239	40	65	0	2600	1920	1080
FRAME	1540899956627	40	1	19216800000603	802	1358	236	41	65	0	2665	1920	1080
FRAME	1540899956978	40	1	19216800000603	802	1359	235	42	58	0	2436	1920	1080
FRAME	1540899957071	40	1	19216800000603	802	1358	233	39	56	0	2184	1920	1080
FRAME	1540899957351	40	1	19216800000603	802	1356	230	38	55	0	2090	1920	1080
FRAME	1540899957587	40	1	19216800000603	802	1354	228	40	56	0	2240	1920	1080
FRAME	1540899957982	40	1	19216800000603	802	1352	227	41	59	0	2419	1920	1080
FRAME	1540899957982	42	2	19216800000603	400	741	56	74	53	0	3922	1920	1080
FRAME	1540899958394	40	1	19216800000603	802	1351	228	45	64	0	2880	1920	1080
FRAME	1540899958394	42	2	19216800000603	400	724	79	85	54	0	4590	1920	1080
FRAME	1540899958718	40	1	19216800000603	802	1349	224	44	64	0	2816	1920	1080
FRAME	1540899958718	42	2	19216800000603	400	693	105	100	63	0	6300	1920	1080
FRAME	1540899958951	40	1	19216800000603	802	1346	219	43	64	0	2752	1920	1080
FRAME	1540899958951	42	2	19216800000603	401	656	127	107	66	0	7062	1920	1080
FRAME	1540899959206	40	1	19216800000603	802	1345	219	40	64	0	2560	1920	1080
FRAME	1540899959206	42	2	19216800000603	401	656	127	107	66	0	7062	1920	1080
FRAME	1540899959555	40	1	19216800000603	802	1344	221	38	64	0	2432	1920	1080
FRAME	1540899959555	42	2	19216800000603	401	623	146	108	67	0	7236	1920	1080
FRAME	1540899960114	40	1	19216800000603	702	1343	216	37	59	0	2183	1920	1080
FRAME	1540899960114	42	2	19216800000603	401	623	146	108	67	0	7236	1920	1080
FRAME	1540899960405	40	1	19216800000603	702	1343	216	37	59	0	2183	1920	1080
FRAME	1540899960405	42	2	19216800000603	401	623	146	108	67	0	7236	1920	1080
FRAME	1540899960770	40	1	19216800000603	701	1340	204	40	55	0	2200	1920	1080
FRAME	1540899960770	42	2	19216800000603	401	623	146	108	67	0	7236	1920	1080
FRAME	1540899961271	40	1	19216800000603	701	1332	199	38	55	0	2090	1920	1080
FRAME	1540899961556	40	1	19216800000603	701	1328	202	37	51	0	1887	1920	1080
FRAME	1540899961556	43	2	19216800000603	302	451	297	171	119	0	20349	1920	1080
FRAME	1540899961995	40	1	19216800000603	701	1330	203	37	51	0	1887	1920	1080
FRAME	1540899961995	43	2	19216800000603	303	391	338	191	137	0	26167	1920	1080
FRAME	1540899962139	40	1	19216800000603	701	1333	200	37	54	0	1998	1920	1080
FRAME	1540899962139	43	2	19216800000603	303	391	338	191	137	0	26167	1920	1080
FRAME	1540899962539	40	1	19216800000603	701	1334	195	37	59	0	2183	1920	1080
FRAME	1540899962539	43	2	19216800000603	203	300	400	231	148	0	34188	1920	1080
FRAME	1540899962664	40	1	19216800000603	701	1332	194	34	60	0	2040	1920	1080
FRAME	1540899962664	43	2	19216800000603	204	200	463	260	150	0	39000	1920	1080
FRAME	1540899962943	40	1	19216800000603	701	1328	194	32	62	0	1984	1920	1080
FRAME	1540899962943	43	2	19216800000603	104	154	485	280	156	0	43680	1920	1080
FRAME	1540899963436	40	1	19216800000603	701	1326	193	34	58	0	1972	1920	1080
FRAME	1540899963436	43	2	19216800000603	104	128	503	260	180	0	46800	1920	1080
FRAME	1540899963633	40	1	19216800000603	701	1324	187	32	53	0	1696	1920	1080
FRAME	1540899963633	43	2	19216800000603	104	128	503	260	180	0	46800	1920	1080
FRAME	1540899963941	40	1	19216800000603	701	1322	180	31	50	0	1550	1920	1080
FRAME	1540899963941	43	2	19216800000603	104	128	503	260	180	0	46800	1920	1080
FRAME	1540899964268	40	1	19216800000603	701	1322	180	31	51	0	1581	1920	1080
FRAME	1540899964268	43	2	19216800000603	104	128	503	260	180	0	46800	1920	1080
FRAME	1540899964448	40	1	19216800000603	701	1322	184	34	53	0	1802	1920	1080
FRAME	1540899964794	40	1	19216800000603	701	1320	185	35	54	0	1890	1920	1080
FRAME	1540899965054	40	1	19216800000603	701	1317	180	36	53	0	1908	1920	1080
FRAME	1540899965302	40	1	19216800000603	701	1311	176	33	52	0	1716	1920	1080
FRAME	1540899965484	40	1	19216800000603	701	1307	176	35	52	0	1820	1920	1080
FRAME	1540899965815	40	1	19216800000603	701	1305	178	33	52	0	1716	1920	1080
FRAME	1540899966051	40	1	19216800000603	701	1305	178	32	52	0	1664	1920	1080
FRAME	1540899966395	40	1	19216800000603	701	1305	173	31	53	0	1643	1920	1080
FRAME	1540899966395	44	1	19216800000603	701	1230	168	36	65	0	2340	1920	1080
FRAME	1540899966637	40	1	19216800000603	701	1302	169	31	55	0	1705	1920	1080
FRAME	1540899966637	44	1	19216800000603	701	1230	168	36	65	0	2340	1920	1080
FRAME	1540899966867	40	1	19216800000603	701	1298	169	31	56	0	1736	1920	1080
FRAME	1540899966867	44	1	19216800000603	701	1230	168	36	65	0	2340	1920	1080
FRAME	1540899967091	40	1	19216800000603	701	1297	169	31	60	0	1860	1920	1080
FRAME	1540899967091	44	1	19216800000603	701	1228	164	33	67	0	2211	1920	1080
FRAME	1540899967702	40	1	19216800000603	701	1298	166	28	61	0	1708	1920	1080
FRAME	1540899967702	44	1	19216800000603	701	1228	154	35	64	0	2240	1920	1080
FRAME	1540899967702	45	2	19216800000603	604	997	513	147	167	0	24549	1920	1080
FRAME	1540899968196	40	1	19216800000603	701	1298	165	29	65	0	1885	1920	1080
FRAME	1540899968196	44	1	19216800000603	701	1231	150	36	63	0	2268	1920	1080
FRAME	1540899968196	45	2	19216800000603	604	997	513	147	167	0	24549	1920	1080
FRAME	1540899968374	40	1	19216800000603	701	1298	161	27	60	0	1620	1920	1080
FRAME	1540899968374	44	1	19216800000603	701	1233	154	33	62	0	2046	1920	1080
FRAME	1540899968374	45	2	19216800000603	604	997	513	147	167	0	24549	1920	1080
FRAME	1540899968573	40	1	19216800000603	701	1297	153	26	57	0	1482	1920	1080
FRAME	1540899968573	44	1	19216800000603	701	1235	158	32	62	0	1984	1920	1080
FRAME	1540899968573	45	2	19216800000603	604	997	513	147	167	0	24549	1920	1080
FRAME	1540899969042	40	1	19216800000603	701	1295	152	25	56	0	1400	1920	1080
FRAME	1540899969042	44	1	19216800000603	701	1234	158	31	62	0	1922	1920	1080
FRAME	1540899969398	40	1	19216800000603	701	1291	155	28	59	0	1652	1920	1080
FRAME	1540899969398	44	1	19216800000603	701	1232	155	34	63	0	2142	1920	1080
FRAME	1540899969720	40	1	19216800000603	701	1285	156	29	60	0	1740	1920	1080
FRAME	1540899969720	44	1	19216800000603	701	1229	153	35	64	0	2240	1920	1080
FRAME	1540899970113	40	1	19216800000603	701	1285	153	30	61	0	1830	1920	1080
FRAME	1540899970113	44	1	19216800000603	701	1229	153	36	64	0	2304	1920	1080
FRAME	1540899970556	40	1	19216800000603	701	1287	152	30	58	0	1740	1920	1080
FRAME	1540899970556	44	1	19216800000603	701	1231	154	33	64	0	2112	1920	1080
FRAME	1540899970556	46	2	19216800000603	500	777	21	48	32	0	1536	1920	1080
FRAME	1540899970992	40	1	19216800000603	701	1286	151	27	55	0	1485	1920	1080
FRAME	1540899970992	44	1	19216800000603	701	1235	154	32	63	0	2016	1920	1080
FRAME	1540899970992	46	2	19216800000603	500	779	40	48	37	0	1776	1920	1080
FRAME	1540899970992	47	2	19216800000603	500	936	100	72	61	0	4392	1920	1080
FRAME	1540899971527	40	1	19216800000603	701	1282	150	29	55	0	1595	1920	1080
FRAME	1540899971527	44	1	19216800000603	701	1235	153	31	62	0	1922	1920	1080
FRAME	1540899971527	46	2	19216800000603	500	779	40	48	37	0	1776	1920	1080
FRAME	1540899971527	47	2	19216800000603	500	936	100	72	61	0	4392	1920	1080
FRAME	1540899972473	40	1	19216800000603	701	1282	150	29	55	0	1595	1920	1080
FRAME	1540899972473	44	1	19216800000603	701	1232	152	28	63	0	1764	1920	1080
FRAME	1540899972473	46	2	19216800000603	500	779	40	48	37	0	1776	1920	1080
FRAME	1540899972473	47	2	19216800000603	500	936	100	72	61	0	4392	1920	1080
FRAME	1540899972473	48	2	19216800000603	401	730	165	75	107	0	8025	1920	1080
FRAME	1540899972473	49	2	19216800000603	500	772	77	63	61	0	3843	1920	1080
FRAME	1540899973319	40	1	19216800000603	701	1282	150	29	55	0	1595	1920	1080
FRAME	1540899973319	44	1	19216800000603	701	1230	154	29	64	0	1856	1920	1080
FRAME	1540899973319	46	2	19216800000603	500	779	40	48	37	0	1776	1920	1080
FRAME	1540899973319	47	2	19216800000603	500	936	100	72	61	0	4392	1920	1080
FRAME	1540899973319	48	2	19216800000603	401	730	165	75	107	0	8025	1920	1080
FRAME	1540899973319	49	2	19216800000603	500	772	77	63	61	0	3843	1920	1080
FRAME	1540899973319	50	2	19216800000603	401	724	202	81	124	0	10044	1920	1080
FRAME	1540899973976	40	1	19216800000603	701	1282	150	29	55	0	1595	1920	1080
FRAME	1540899973976	44	1	19216800000603	701	1231	156	33	66	0	2178	1920	1080
FRAME	1540899973976	48	2	19216800000603	401	730	165	75	107	0	8025	1920	1080
FRAME	1540899973976	49	2	19216800000603	500	772	77	63	61	0	3843	1920	1080
FRAME	1540899973976	50	2	19216800000603	402	706	310	89	137	0	12193	1920	1080
FRAME	1540899974679	44	1	19216800000603	701	1233	156	32	65	0	2080	1920	1080
FRAME	1540899974679	48	2	19216800000603	401	730	165	75	107	0	8025	1920	1080
FRAME	1540899974679	49	2	19216800000603	500	772	77	63	61	0	3843	1920	1080
FRAME	1540899974679	50	2	19216800000603	403	687	393	117	168	0	19656	1920	1080
FRAME	1540899975978	44	1	19216800000603	701	1234	155	31	63	0	1953	1920	1080
FRAME	1540899975978	50	2	19216800000603	404	656	458	146	196	0	28616	1920	1080
FRAME	1540899975978	51	1	19216800000603	801	1348	171	29	62	0	1798	1920	1080
FRAME	1540899975978	52	2	19216800000603	500	951	72	66	46	0	3036	1920	1080
FRAME	1540899976433	44	1	19216800000603	701	1234	155	31	63	0	1953	1920	1080
FRAME	1540899976433	50	2	19216800000603	404	656	458	146	196	0	28616	1920	1080
FRAME	1540899976433	51	1	19216800000603	801	1348	171	29	62	0	1798	1920	1080
FRAME	1540899976433	52	2	19216800000603	500	952	41	63	44	0	2772	1920	1080
FRAME	1540899977012	44	1	19216800000603	701	1234	155	31	63	0	1953	1920	1080
FRAME	1540899977012	50	2	19216800000603	404	656	458	146	196	0	28616	1920	1080
FRAME	1540899977012	51	1	19216800000603	801	1348	171	29	62	0	1798	1920	1080
FRAME	1540899977012	52	2	19216800000603	500	955	16	62	39	0	2418	1920	1080
FRAME	1540899977355	44	1	19216800000603	701	1236	156	34	66	0	2244	1920	1080
FRAME	1540899977355	50	2	19216800000603	404	656	458	146	196	0	28616	1920	1080
FRAME	1540899977355	51	1	19216800000603	801	1365	197	33	60	0	1980	1920	1080
FRAME	1540899977355	52	2	19216800000603	600	960	14	64	37	0	2368	1920	1080
FRAME	1540899977703	44	1	19216800000603	701	1236	156	34	66	0	2244	1920	1080
FRAME	1540899977703	51	1	19216800000603	801	1365	197	33	60	0	1980	1920	1080
FRAME	1540899977703	52	2	19216800000603	600	960	14	64	37	0	2368	1920	1080
FRAME	1540899978334	44	1	19216800000603	701	1236	156	34	66	0	2244	1920	1080
FRAME	1540899978334	51	1	19216800000603	801	1365	197	33	60	0	1980	1920	1080
FRAME	1540899978334	52	2	19216800000603	600	960	14	64	37	0	2368	1920	1080
FRAME	1540899978334	53	2	19216800000603	604	1020	486	264	506	0	133584	1920	1080
FRAME	1540899979123	44	1	19216800000603	701	1236	156	34	66	0	2244	1920	1080
FRAME	1540899979123	51	1	19216800000603	801	1365	197	33	60	0	1980	1920	1080
FRAME	1540899979123	52	2	19216800000603	600	960	14	64	37	0	2368	1920	1080
FRAME	1540899979123	53	2	19216800000603	603	1011	408	258	484	0	124872	1920	1080
FRAME	1540899979123	54	1	19216800000603	202	216	294	54	79	0	4266	1920	1080
FRAME	1540899979968	53	2	19216800000603	603	1011	408	258	484	0	124872	1920	1080
FRAME	1540899979968	54	1	19216800000603	102	185	311	54	77	0	4158	1920	1080
FRAME	1540899979968	55	2	19216800000603	603	996	364	240	410	0	98400	1920	1080
FRAME	1540899980368	53	2	19216800000603	603	1011	408	258	484	0	124872	1920	1080
FRAME	1540899980368	54	1	19216800000603	102	133	319	45	73	0	3285	1920	1080
FRAME	1540899980368	55	2	19216800000603	602	973	274	207	362	0	74934	1920	1080
FRAME	1540899980779	53	2	19216800000603	603	1011	408	258	484	0	124872	1920	1080
FRAME	1540899980779	54	1	19216800000603	102	133	319	45	73	0	3285	1920	1080
FRAME	1540899980779	55	2	19216800000603	501	957	197	188	330	0	62040	1920	1080
FRAME	1540899981138	54	1	19216800000603	102	133	319	45	73	0	3285	1920	1080
FRAME	1540899981138	55	2	19216800000603	501	958	197	178	300	0	53400	1920	1080
FRAME	1540899981874	54	1	19216800000603	102	133	319	45	73	0	3285	1920	1080
FRAME	1540899981874	55	2	19216800000603	602	966	217	167	294	0	49098	1920	1080
FRAME	1540899981874	56	2	19216800000603	500	780	57	68	66	0	4488	1920	1080
FRAME	1540899982285	55	2	19216800000603	601	960	197	159	267	0	42453	1920	1080
FRAME	1540899982285	56	2	19216800000603	400	760	85	79	70	0	5530	1920	1080
FRAME	1540899982935	55	2	19216800000603	601	960	197	159	267	0	42453	1920	1080
FRAME	1540899982935	56	2	19216800000603	400	760	85	79	70	0	5530	1920	1080
FRAME	1540899982935	57	2	19216800000603	501	945	174	150	260	0	39000	1920	1080
FRAME	1540899983563	55	2	19216800000603	601	960	197	159	267	0	42453	1920	1080
FRAME	1540899983563	56	2	19216800000603	400	760	85	79	70	0	5530	1920	1080
FRAME	1540899983563	57	2	19216800000603	501	940	133	141	230	0	32430	1920	1080
FRAME	1540899983563	58	2	19216800000603	502	955	224	117	130	0	15210	1920	1080
FRAME	1540899984010	55	2	19216800000603	601	960	197	159	267	0	42453	1920	1080
FRAME	1540899984010	56	2	19216800000603	401	686	145	97	84	0	8148	1920	1080
FRAME	1540899984010	57	2	19216800000603	501	940	113	137	210	0	28770	1920	1080
FRAME	1540899984010	58	2	19216800000603	501	943	136	116	134	0	15544	1920	1080
FRAME	1540899984342	56	2	19216800000603	401	589	212	103	96	0	9888	1920	1080
FRAME	1540899984342	57	2	19216800000603	501	942	109	141	191	0	26931	1920	1080
FRAME	1540899984342	58	2	19216800000603	501	943	136	116	134	0	15544	1920	1080
FRAME	1540899984750	56	2	19216800000603	302	555	233	112	101	0	11312	1920	1080
FRAME	1540899984750	57	2	19216800000603	500	934	104	143	184	0	26312	1920	1080
FRAME	1540899984750	58	2	19216800000603	500	936	92	115	136	0	15640	1920	1080
FRAME	1540899985154	56	2	19216800000603	302	555	233	112	101	0	11312	1920	1080
FRAME	1540899985154	57	2	19216800000603	500	922	94	147	177	0	26019	1920	1080
FRAME	1540899985154	58	2	19216800000603	500	935	97	112	127	0	14224	1920	1080
FRAME	1540899985154	59	1	19216800000603	202	208	287	69	96	0	6624	1920	1080
FRAME	1540899985483	56	2	19216800000603	302	555	233	112	101	0	11312	1920	1080
FRAME	1540899985483	57	2	19216800000603	500	921	86	143	165	0	23595	1920	1080
FRAME	1540899985483	58	2	19216800000603	501	933	109	116	131	0	15196	1920	1080
FRAME	1540899985483	59	1	19216800000603	202	201	293	68	96	0	6528	1920	1080
FRAME	1540899986161	56	2	19216800000603	302	555	233	112	101	0	11312	1920	1080
FRAME	1540899986161	57	2	19216800000603	500	929	80	138	155	0	21390	1920	1080
FRAME	1540899986161	58	2	19216800000603	500	929	102	112	130	0	14560	1920	1080
FRAME	1540899986161	60	1	19216800000603	202	210	297	45	50	0	2250	1920	1080
FRAME	1540899986161	59	1	19216800000603	202	201	293	68	96	0	6528	1920	1080
FRAME	1540899986439	56	2	19216800000603	302	496	287	146	132	0	19272	1920	1080
FRAME	1540899986439	57	2	19216800000603	500	929	80	138	155	0	21390	1920	1080
FRAME	1540899986439	58	2	19216800000603	500	920	86	107	123	0	13161	1920	1080
FRAME	1540899986439	60	1	19216800000603	202	194	317	44	61	0	2684	1920	1080
FRAME	1540899986439	59	1	19216800000603	202	201	293	68	96	0	6528	1920	1080
FRAME	1540899986781	56	2	19216800000603	302	496	287	146	132	0	19272	1920	1080
FRAME	1540899986781	57	2	19216800000603	500	929	80	138	155	0	21390	1920	1080
FRAME	1540899986781	58	2	19216800000603	500	911	77	105	119	0	12495	1920	1080
FRAME	1540899986781	60	1	19216800000603	102	187	322	43	61	0	2623	1920	1080
FRAME	1540899986781	59	1	19216800000603	202	201	293	68	96	0	6528	1920	1080
FRAME	1540899987254	56	2	19216800000603	203	359	394	190	152	0	28880	1920	1080
FRAME	1540899987254	57	2	19216800000603	500	929	80	138	155	0	21390	1920	1080
FRAME	1540899987254	58	2	19216800000603	500	911	72	110	121	0	13310	1920	1080
FRAME	1540899987254	60	1	19216800000603	102	187	322	43	61	0	2623	1920	1080
FRAME	1540899987254	59	1	19216800000603	102	185	301	67	92	0	6164	1920	1080
FRAME	1540899987783	56	2	19216800000603	204	211	476	254	171	0	43434	1920	1080
FRAME	1540899987783	58	2	19216800000603	500	916	60	115	116	0	13340	1920	1080
FRAME	1540899987783	60	1	19216800000603	103	180	327	43	51	0	2193	1920	1080
FRAME	1540899987783	59	1	19216800000603	102	145	300	55	75	0	4125	1920	1080
FRAME	1540899988312	56	2	19216800000603	104	93	521	247	180	0	44460	1920	1080
FRAME	1540899988312	58	2	19216800000603	500	928	44	115	99	0	11385	1920	1080
FRAME	1540899988312	60	1	19216800000603	103	180	327	43	51	0	2193	1920	1080
FRAME	1540899988312	59	1	19216800000603	102	145	300	55	75	0	4125	1920	1080
FRAME	1540899988752	56	2	19216800000603	104	93	521	247	180	0	44460	1920	1080
FRAME	1540899988752	58	2	19216800000603	500	944	33	112	87	0	9744	1920	1080
FRAME	1540899988752	60	1	19216800000603	103	180	327	43	51	0	2193	1920	1080
FRAME	1540899988752	59	1	19216800000603	102	145	300	55	75	0	4125	1920	1080
FRAME	1540899989113	56	2	19216800000603	104	93	521	247	180	0	44460	1920	1080
FRAME	1540899989113	58	2	19216800000603	500	953	29	110	74	0	8140	1920	1080
FRAME	1540899989113	60	1	19216800000603	103	180	327	43	51	0	2193	1920	1080
FRAME	1540899989113	59	1	19216800000603	102	145	300	55	75	0	4125	1920	1080
FRAME	1540899989575	56	2	19216800000603	104	93	521	247	180	0	44460	1920	1080
FRAME	1540899989575	58	2	19216800000603	500	955	30	103	68	0	7004	1920	1080
FRAME	1540899989924	58	2	19216800000603	500	955	30	103	68	0	7004	1920	1080
FRAME	1540899990160	58	2	19216800000603	500	955	30	103	68	0	7004	1920	1080
FRAME	1540899990357	58	2	19216800000603	500	955	30	103	68	0	7004	1920	1080
FRAME	1540899991063	61	2	19216800000603	500	778	19	62	31	0	1922	1920	1080
FRAME	1540899991446	61	2	19216800000603	500	779	28	67	41	0	2747	1920	1080
FRAME	1540899991446	62	2	19216800000603	600	990	7	69	17	0	1173	1920	1080
FRAME	1540899991718	61	2	19216800000603	500	779	28	67	41	0	2747	1920	1080
FRAME	1540899991718	62	2	19216800000603	600	990	7	69	17	0	1173	1920	1080
FRAME	1540899991914	61	2	19216800000603	500	779	28	67	41	0	2747	1920	1080
FRAME	1540899991914	62	2	19216800000603	600	990	7	69	17	0	1173	1920	1080
FRAME	1540899992121	61	2	19216800000603	500	778	53	70	51	0	3570	1920	1080
FRAME	1540899992121	62	2	19216800000603	600	990	7	69	17	0	1173	1920	1080
FRAME	1540899992463	61	2	19216800000603	500	778	53	70	51	0	3570	1920	1080
FRAME	1540899992463	63	2	19216800000603	500	772	54	81	73	0	5913	1920	1080
FRAME	1540899992743	61	2	19216800000603	500	778	53	70	51	0	3570	1920	1080
FRAME	1540899992743	63	2	19216800000603	500	771	67	80	86	0	6880	1920	1080
FRAME	1540899993001	61	2	19216800000603	500	778	53	70	51	0	3570	1920	1080
FRAME	1540899993001	63	2	19216800000603	500	770	73	85	99	0	8415	1920	1080
FRAME	1540899993473	63	2	19216800000603	500	770	73	85	99	0	8415	1920	1080
FRAME	1540899993473	64	2	19216800000603	500	771	74	84	80	0	6720	1920	1080
FRAME	1540899993865	63	2	19216800000603	500	768	89	94	111	0	10434	1920	1080
FRAME	1540899993865	64	2	19216800000603	500	771	74	84	80	0	6720	1920	1080
FRAME	1540899994166	63	2	19216800000603	500	768	89	94	111	0	10434	1920	1080
FRAME	1540899994166	64	2	19216800000603	401	762	113	87	103	0	8961	1920	1080
FRAME	1540899994378	63	2	19216800000603	500	768	89	94	111	0	10434	1920	1080
FRAME	1540899994378	64	2	19216800000603	401	755	142	89	118	0	10502	1920	1080
FRAME	1540899994562	63	2	19216800000603	500	768	89	94	111	0	10434	1920	1080
FRAME	1540899994562	64	2	19216800000603	401	756	148	90	118	0	10620	1920	1080
FRAME	1540899994875	63	2	19216800000603	401	758	132	92	122	0	11224	1920	1080
FRAME	1540899994875	64	2	19216800000603	401	756	148	90	118	0	10620	1920	1080
FRAME	1540899995150	63	2	19216800000603	401	748	170	97	136	0	13192	1920	1080
FRAME	1540899995150	64	2	19216800000603	401	756	148	90	118	0	10620	1920	1080
FRAME	1540899995760	63	2	19216800000603	401	748	170	97	136	0	13192	1920	1080
FRAME	1540899995760	64	2	19216800000603	401	756	148	90	118	0	10620	1920	1080
FRAME	1540899995760	65	2	19216800000603	401	746	166	138	168	0	23184	1920	1080
FRAME	1540899996170	63	2	19216800000603	401	748	170	97	136	0	13192	1920	1080
FRAME	1540899996170	65	2	19216800000603	401	737	204	147	197	0	28959	1920	1080
FRAME	1540899996411	63	2	19216800000603	401	748	170	97	136	0	13192	1920	1080
FRAME	1540899996411	65	2	19216800000603	402	728	234	146	220	0	32120	1920	1080
FRAME	1540899996746	65	2	19216800000603	402	720	251	154	233	0	35882	1920	1080
FRAME	1540899996902	65	2	19216800000603	402	711	276	149	248	0	36952	1920	1080
FRAME	1540899997295	65	2	19216800000603	402	711	276	149	248	0	36952	1920	1080
FRAME	1540899997563	65	2	19216800000603	403	692	341	153	273	0	41769	1920	1080
FRAME	1540899997867	65	2	19216800000603	403	663	420	173	289	0	49997	1920	1080
FRAME	1540899997997	65	2	19216800000603	404	637	477	207	332	0	68724	1920	1080
FRAME	1540899998173	65	2	19216800000603	404	624	511	224	343	0	76832	1920	1080
FRAME	1540899998446	65	2	19216800000603	404	621	524	232	361	0	83752	1920	1080
FRAME	1540899998611	65	2	19216800000603	405	606	546	239	395	0	94405	1920	1080
FRAME	1540899998961	65	2	19216800000603	305	569	601	237	426	0	100962	1920	1080
FRAME	1540899999103	65	2	19216800000603	306	541	648	251	448	0	112448	1920	1080
FRAME	1540899999536	65	2	19216800000603	306	543	650	261	454	0	118494	1920	1080
FRAME	1540899999536	66	2	19216800000603	405	583	591	231	387	0	89397	1920	1080
FRAME	1540899999950	65	2	19216800000603	306	543	650	261	454	0	118494	1920	1080
FRAME	1540899999950	66	2	19216800000603	405	583	591	231	387	0	89397	1920	1080
FRAME	1540900000488	65	2	19216800000603	306	543	650	261	454	0	118494	1920	1080
FRAME	1540900000488	66	2	19216800000603	405	583	591	231	387	0	89397	1920	1080
FRAME	1540900000488	67	2	19216800000603	607	1038	801	192	238	0	45696	1920	1080
FRAME	1540900000785	65	2	19216800000603	306	543	650	261	454	0	118494	1920	1080
FRAME	1540900000785	66	2	19216800000603	405	583	591	231	387	0	89397	1920	1080
FRAME	1540900000785	67	2	19216800000603	606	1021	692	183	219	0	40077	1920	1080
FRAME	1540900001338	67	2	19216800000603	605	1011	619	176	204	0	35904	1920	1080
FRAME	1540900001577	67	2	19216800000603	605	1000	569	166	182	0	30212	1920	1080
FRAME	1540900001726	67	2	19216800000603	605	1000	569	166	182	0	30212	1920	1080
FRAME	1540900002051	67	2	19216800000603	604	987	503	155	167	0	25885	1920	1080
FRAME	1540900002253	67	2	19216800000603	604	987	503	155	167	0	25885	1920	1080
FRAME	1540900002520	67	2	19216800000603	604	979	443	141	153	0	21573	1920	1080
FRAME	1540900002695	67	2	19216800000603	603	975	400	128	138	0	17664	1920	1080
FRAME	1540900002879	67	2	19216800000603	603	975	400	128	138	0	17664	1920	1080
FRAME	1540900003134	67	2	19216800000603	603	975	400	128	138	0	17664	1920	1080
FRAME	1540900003436	67	2	19216800000603	603	975	400	128	138	0	17664	1920	1080
FRAME	1540900006056	68	2	19216800000603	501	934	144	68	61	0	4148	1920	1080
FRAME	1540900006056	69	2	19216800000603	605	961	551	117	150	0	17550	1920	1080
FRAME	1540900006474	68	2	19216800000603	501	934	144	68	61	0	4148	1920	1080
FRAME	1540900006474	69	2	19216800000603	605	961	551	117	150	0	17550	1920	1080
FRAME	1540900006694	68	2	19216800000603	500	927	105	64	54	0	3456	1920	1080
FRAME	1540900006694	69	2	19216800000603	605	961	551	117	150	0	17550	1920	1080
FRAME	1540900007458	68	2	19216800000603	500	921	65	62	49	0	3038	1920	1080
FRAME	1540900007458	69	2	19216800000603	605	961	551	117	150	0	17550	1920	1080
FRAME	1540900007458	70	2	19216800000603	503	945	365	90	112	0	10080	1920	1080
FRAME	1540900008221	68	2	19216800000603	500	921	46	61	43	0	2623	1920	1080
FRAME	1540900008221	69	2	19216800000603	604	980	488	143	220	0	31460	1920	1080
FRAME	1540900008221	70	2	19216800000603	503	945	365	90	112	0	10080	1920	1080
FRAME	1540900008221	71	2	19216800000603	604	1021	517	249	561	0	139689	1920	1080
FRAME	1540900008590	68	2	19216800000603	500	933	32	61	39	0	2379	1920	1080
FRAME	1540900008590	69	2	19216800000603	604	980	488	143	220	0	31460	1920	1080
FRAME	1540900008590	70	2	19216800000603	503	945	365	90	112	0	10080	1920	1080
FRAME	1540900008590	71	2	19216800000603	602	991	225	266	520	0	138320	1920	1080
FRAME	1540900009296	68	2	19216800000603	500	957	18	61	33	0	2013	1920	1080
FRAME	1540900009296	69	2	19216800000603	604	980	488	143	220	0	31460	1920	1080
FRAME	1540900009296	70	2	19216800000603	503	945	365	90	112	0	10080	1920	1080
FRAME	1540900009296	71	2	19216800000603	602	991	225	266	520	0	138320	1920	1080
FRAME	1540900009296	72	2	19216800000603	602	1000	311	243	505	0	122715	1920	1080
FRAME	1540900009296	73	2	19216800000603	500	910	92	69	58	0	4002	1920	1080
FRAME	1540900009778	68	2	19216800000603	600	983	8	58	29	0	1682	1920	1080
FRAME	1540900009778	69	2	19216800000603	604	980	488	143	220	0	31460	1920	1080
FRAME	1540900009778	71	2	19216800000603	500	955	78	205	378	0	77490	1920	1080
FRAME	1540900009778	72	2	19216800000603	602	1000	311	243	505	0	122715	1920	1080
FRAME	1540900009778	73	2	19216800000603	500	910	92	69	58	0	4002	1920	1080
FRAME	1540900010161	68	2	19216800000603	600	983	8	58	29	0	1682	1920	1080
FRAME	1540900010161	71	2	19216800000603	501	930	116	169	287	0	48503	1920	1080
FRAME	1540900010161	72	2	19216800000603	602	1000	311	243	505	0	122715	1920	1080
FRAME	1540900010161	73	2	19216800000603	500	910	92	69	58	0	4002	1920	1080
FRAME	1540900010534	68	2	19216800000603	600	983	8	58	29	0	1682	1920	1080
FRAME	1540900010534	71	2	19216800000603	501	930	116	169	287	0	48503	1920	1080
FRAME	1540900010534	72	2	19216800000603	602	1000	311	243	505	0	122715	1920	1080
FRAME	1540900010534	73	2	19216800000603	500	910	92	69	58	0	4002	1920	1080
FRAME	1540900011138	68	2	19216800000603	600	983	8	58	29	0	1682	1920	1080
FRAME	1540900011138	71	2	19216800000603	501	930	116	169	287	0	48503	1920	1080
FRAME	1540900011438	71	2	19216800000603	501	930	116	169	287	0	48503	1920	1080
FRAME	1540900013014	74	2	19216800000603	606	1084	744	183	218	0	39894	1920	1080
FRAME	1540900013348	74	2	19216800000603	605	1067	645	173	194	0	33562	1920	1080
FRAME	1540900013550	74	2	19216800000603	604	1039	510	162	177	0	28674	1920	1080
FRAME	1540900013878	74	2	19216800000603	604	1039	510	162	177	0	28674	1920	1080
FRAME	1540900013878	75	1	19216800000603	200	193	40	51	76	0	3876	1920	1080
FRAME	1540900014073	74	2	19216800000603	604	1039	510	162	177	0	28674	1920	1080
FRAME	1540900014073	75	1	19216800000603	100	142	42	53	72	0	3816	1920	1080
FRAME	1540900014676	74	2	19216800000603	604	1039	510	162	177	0	28674	1920	1080
FRAME	1540900014676	75	1	19216800000603	100	142	42	53	72	0	3816	1920	1080
FRAME	1540900014676	76	1	19216800000603	100	91	40	75	81	0	6075	1920	1080
FRAME	1540900015028	74	2	19216800000603	603	1001	360	129	141	0	18189	1920	1080
FRAME	1540900015028	75	1	19216800000603	100	142	42	53	72	0	3816	1920	1080
FRAME	1540900015028	76	1	19216800000603	100	91	40	75	81	0	6075	1920	1080
FRAME	1540900015174	74	2	19216800000603	602	971	238	113	120	0	13560	1920	1080
FRAME	1540900015174	75	1	19216800000603	100	142	42	53	72	0	3816	1920	1080
FRAME	1540900015174	76	1	19216800000603	100	91	40	75	81	0	6075	1920	1080
FRAME	1540900015458	74	2	19216800000603	602	971	238	113	120	0	13560	1920	1080
FRAME	1540900015458	76	1	19216800000603	100	91	40	75	81	0	6075	1920	1080
FRAME	1540900016142	74	2	19216800000603	602	971	238	113	120	0	13560	1920	1080
FRAME	1540900016142	77	2	19216800000603	602	984	266	90	86	0	7740	1920	1080
FRAME	1540900016474	74	2	19216800000603	501	959	177	96	99	0	9504	1920	1080
FRAME	1540900016474	77	2	19216800000603	602	984	266	90	86	0	7740	1920	1080
FRAME	1540900016606	74	2	19216800000603	501	956	145	90	80	0	7200	1920	1080
FRAME	1540900016606	77	2	19216800000603	602	984	266	90	86	0	7740	1920	1080
FRAME	1540900016894	74	2	19216800000603	501	958	143	81	71	0	5751	1920	1080
FRAME	1540900016894	77	2	19216800000603	602	984	266	90	86	0	7740	1920	1080
FRAME	1540900017279	74	2	19216800000603	601	963	141	74	64	0	4736	1920	1080
FRAME	1540900017528	74	2	19216800000603	601	964	119	67	58	0	3886	1920	1080
FRAME	1540900017707	74	2	19216800000603	600	961	91	64	53	0	3392	1920	1080
FRAME	1540900018043	74	2	19216800000603	500	959	78	62	50	0	3100	1920	1080
FRAME	1540900018271	74	2	19216800000603	500	959	75	55	46	0	2530	1920	1080
FRAME	1540900018505	74	2	19216800000603	600	962	70	55	44	0	2420	1920	1080
FRAME	1540900018709	74	2	19216800000603	600	968	60	55	43	0	2365	1920	1080
FRAME	1540900018975	74	2	19216800000603	600	974	49	58	44	0	2552	1920	1080
FRAME	1540900019147	74	2	19216800000603	600	978	39	59	43	0	2537	1920	1080
FRAME	1540900019606	74	2	19216800000603	600	982	34	57	40	0	2280	1920	1080
FRAME	1540900019606	78	2	19216800000603	805	1345	642	231	211	0	48741	1920	1080
FRAME	1540900019877	74	2	19216800000603	600	982	34	57	40	0	2280	1920	1080
FRAME	1540900019877	78	2	19216800000603	805	1345	642	231	211	0	48741	1920	1080
FRAME	1540900020110	74	2	19216800000603	600	982	34	57	40	0	2280	1920	1080
FRAME	1540900020110	78	2	19216800000603	805	1345	642	231	211	0	48741	1920	1080
FRAME	1540900020710	74	2	19216800000603	600	982	34	57	40	0	2280	1920	1080
FRAME	1540900020710	78	2	19216800000603	805	1345	642	231	211	0	48741	1920	1080
FRAME	1540900020710	79	2	19216800000603	704	1243	457	183	151	0	27633	1920	1080
FRAME	1540900021224	79	2	19216800000603	703	1218	401	152	130	0	19760	1920	1080
FRAME	1540900021452	79	2	19216800000603	702	1179	303	130	113	0	14690	1920	1080
FRAME	1540900021607	79	2	19216800000603	602	1149	241	116	104	0	12064	1920	1080
FRAME	1540900021769	79	2	19216800000603	602	1139	231	112	100	0	11200	1920	1080
FRAME	1540900022073	79	2	19216800000603	602	1139	238	113	99	0	11187	1920	1080
FRAME	1540900022292	79	2	19216800000603	602	1139	238	113	99	0	11187	1920	1080
FRAME	1540900022426	79	2	19216800000603	602	1135	217	102	87	0	8874	1920	1080
FRAME	1540900022587	79	2	19216800000603	601	1120	177	96	81	0	7776	1920	1080
FRAME	1540900022768	79	2	19216800000603	601	1107	157	90	76	0	6840	1920	1080
FRAME	1540900023050	79	2	19216800000603	601	1097	156	93	72	0	6696	1920	1080
FRAME	1540900023276	79	2	19216800000603	601	1092	151	92	68	0	6256	1920	1080
FRAME	1540900023503	79	2	19216800000603	601	1092	135	91	65	0	5915	1920	1080
FRAME	1540900023817	79	2	19216800000603	601	1091	119	82	63	0	5166	1920	1080
FRAME	1540900024204	79	2	19216800000603	600	1082	101	71	57	0	4047	1920	1080
FRAME	1540900024204	80	1	19216800000603	200	259	61	49	69	0	3381	1920	1080
FRAME	1540900024537	79	2	19216800000603	600	1070	84	66	51	0	3366	1920	1080
FRAME	1540900024537	80	1	19216800000603	200	259	61	49	69	0	3381	1920	1080
FRAME	1540900025032	79	2	19216800000603	600	1070	84	66	51	0	3366	1920	1080
FRAME	1540900025032	80	1	19216800000603	200	260	56	58	75	0	4350	1920	1080
FRAME	1540900025178	79	2	19216800000603	600	1070	84	66	51	0	3366	1920	1080
FRAME	1540900025178	80	1	19216800000603	200	263	46	65	80	0	5200	1920	1080
FRAME	1540900025541	79	2	19216800000603	600	1070	84	66	51	0	3366	1920	1080
FRAME	1540900025541	80	1	19216800000603	200	265	44	66	82	0	5412	1920	1080
FRAME	1540900026505	81	2	19216800000603	901	1564	135	109	61	0	6649	1920	1080
FRAME	1540900026505	82	1	19216800000603	800	1399	66	39	63	0	2457	1920	1080
FRAME	1540900026505	80	1	19216800000603	200	265	44	66	82	0	5412	1920	1080
FRAME	1540900026800	81	2	19216800000603	901	1633	161	112	61	0	6832	1920	1080
FRAME	1540900026800	82	1	19216800000603	800	1407	105	38	62	0	2356	1920	1080
FRAME	1540900026800	80	1	19216800000603	200	265	44	66	82	0	5412	1920	1080
FRAME	1540900027528	81	2	19216800000603	901	1645	165	113	61	0	6893	1920	1080
FRAME	1540900027528	82	1	19216800000603	801	1408	111	37	62	0	2294	1920	1080
FRAME	1540900027528	80	1	19216800000603	200	265	44	66	82	0	5412	1920	1080
FRAME	1540900027528	83	1	19216800000603	801	1396	172	33	58	0	1914	1920	1080
FRAME	1540900028173	81	2	19216800000603	901	1618	154	114	61	0	6954	1920	1080
FRAME	1540900028173	82	1	19216800000603	800	1405	95	37	62	0	2294	1920	1080
FRAME	1540900028173	83	1	19216800000603	801	1393	165	29	60	0	1740	1920	1080
FRAME	1540900028393	81	2	19216800000603	901	1598	147	114	61	0	6954	1920	1080
FRAME	1540900028393	82	1	19216800000603	800	1405	95	37	62	0	2294	1920	1080
FRAME	1540900028393	83	1	19216800000603	801	1393	165	29	60	0	1740	1920	1080
FRAME	1540900029018	81	2	19216800000603	901	1601	149	114	61	0	6954	1920	1080
FRAME	1540900029018	82	1	19216800000603	800	1405	83	40	60	0	2400	1920	1080
FRAME	1540900029018	83	1	19216800000603	801	1393	165	29	60	0	1740	1920	1080
FRAME	1540900029473	81	2	19216800000603	901	1613	153	114	61	0	6954	1920	1080
FRAME	1540900029473	82	1	19216800000603	800	1405	83	40	60	0	2400	1920	1080
FRAME	1540900029473	83	1	19216800000603	801	1393	165	29	60	0	1740	1920	1080
FRAME	1540900029706	81	2	19216800000603	901	1617	154	114	61	0	6954	1920	1080
FRAME	1540900029706	82	1	19216800000603	800	1405	83	40	60	0	2400	1920	1080
FRAME	1540900030016	81	2	19216800000603	901	1613	153	114	61	0	6954	1920	1080
FRAME	1540900030016	82	1	19216800000603	800	1405	83	40	60	0	2400	1920	1080
FRAME	1540900030297	81	2	19216800000603	901	1609	152	114	61	0	6954	1920	1080
FRAME	1540900030566	81	2	19216800000603	901	1609	152	114	61	0	6954	1920	1080
FRAME	1540900030842	81	2	19216800000603	901	1611	152	114	61	0	6954	1920	1080
FRAME	1540900031469	81	2	19216800000603	901	1612	152	114	61	0	6954	1920	1080
FRAME	1540900031469	84	2	19216800000603	402	742	249	97	90	0	8730	1920	1080
FRAME	1540900031768	81	2	19216800000603	901	1612	152	114	61	0	6954	1920	1080
FRAME	1540900031768	84	2	19216800000603	402	742	249	97	90	0	8730	1920	1080
FRAME	1540900032072	81	2	19216800000603	901	1611	152	114	61	0	6954	1920	1080
FRAME	1540900032072	84	2	19216800000603	402	742	249	97	90	0	8730	1920	1080
FRAME	1540900032455	81	2	19216800000603	901	1611	152	114	61	0	6954	1920	1080
FRAME	1540900032455	84	2	19216800000603	402	742	249	97	90	0	8730	1920	1080
FRAME	1540900032757	81	2	19216800000603	901	1611	152	114	61	0	6954	1920	1080
FRAME	1540900033048	81	2	19216800000603	901	1611	152	114	61	0	6954	1920	1080
FRAME	1540900033207	81	2	19216800000603	901	1611	152	114	61	0	6954	1920	1080
FRAME	1540900033703	81	2	19216800000603	901	1611	152	114	61	0	6954	1920	1080
FRAME	1540900033703	85	1	19216800000603	905	1719	612	54	110	0	5940	1920	1080
FRAME	1540900034029	81	2	19216800000603	901	1611	152	114	61	0	6954	1920	1080
FRAME	1540900034029	85	1	19216800000603	905	1719	612	54	110	0	5940	1920	1080
FRAME	1540900034220	81	2	19216800000603	901	1611	152	114	61	0	6954	1920	1080
FRAME	1540900034220	85	1	19216800000603	905	1719	612	54	110	0	5940	1920	1080
FRAME	1540900034534	81	2	19216800000603	901	1611	152	114	61	0	6954	1920	1080
FRAME	1540900034534	85	1	19216800000603	905	1719	612	54	110	0	5940	1920	1080
FRAME	1540900034937	81	2	19216800000603	901	1611	152	114	61	0	6954	1920	1080
FRAME	1540900035174	81	2	19216800000603	901	1611	152	114	61	0	6954	1920	1080
FRAME	1540900035633	81	2	19216800000603	901	1611	152	114	61	0	6954	1920	1080
FRAME	1540900035633	86	2	19216800000603	608	1062	875	188	260	0	48880	1920	1080
FRAME	1540900035865	81	2	19216800000603	901	1611	152	114	61	0	6954	1920	1080
FRAME	1540900035865	86	2	19216800000603	607	1054	862	193	257	0	49601	1920	1080
FRAME	1540900036253	81	2	19216800000603	901	1609	152	117	61	0	7137	1920	1080
FRAME	1540900036253	86	2	19216800000603	607	1044	843	190	252	0	47880	1920	1080
FRAME	1540900036494	81	2	19216800000603	901	1607	152	119	61	0	7259	1920	1080
FRAME	1540900036494	86	2	19216800000603	607	1042	827	188	243	0	45684	1920	1080
FRAME	1540900036909	81	2	19216800000603	901	1608	152	120	61	0	7320	1920	1080
FRAME	1540900036909	86	2	19216800000603	607	1045	806	190	245	0	46550	1920	1080
FRAME	1540900037239	81	2	19216800000603	901	1609	152	120	61	0	7320	1920	1080
FRAME	1540900037239	86	2	19216800000603	607	1044	773	182	227	0	41314	1920	1080
FRAME	1540900037451	81	2	19216800000603	901	1610	152	117	61	0	7137	1920	1080
FRAME	1540900037451	86	2	19216800000603	606	1038	736	178	225	0	40050	1920	1080
FRAME	1540900038330	81	2	19216800000603	901	1612	152	116	61	0	7076	1920	1080
FRAME	1540900038330	87	2	19216800000603	504	846	508	375	242	0	90750	1920	1080
FRAME	1540900038330	86	2	19216800000603	606	1036	713	179	219	0	39201	1920	1080
FRAME	1540900038330	88	2	19216800000603	402	739	261	94	97	0	9118	1920	1080
FRAME	1540900038755	81	2	19216800000603	901	1612	152	115	61	0	7015	1920	1080
FRAME	1540900038755	87	2	19216800000603	504	830	506	380	223	0	84740	1920	1080
FRAME	1540900038755	86	2	19216800000603	606	1038	687	180	213	0	38340	1920	1080
FRAME	1540900038755	88	2	19216800000603	402	739	261	94	97	0	9118	1920	1080
FRAME	1540900039098	81	2	19216800000603	901	1611	152	115	61	0	7015	1920	1080
FRAME	1540900039098	87	2	19216800000603	504	809	510	391	215	0	84065	1920	1080
FRAME	1540900039098	86	2	19216800000603	606	1033	653	180	208	0	37440	1920	1080
FRAME	1540900039098	88	2	19216800000603	402	739	261	94	97	0	9118	1920	1080
FRAME	1540900039621	81	2	19216800000603	901	1610	152	118	61	0	7198	1920	1080
FRAME	1540900039621	87	2	19216800000603	504	809	514	391	214	0	83674	1920	1080
FRAME	1540900039621	86	2	19216800000603	605	1030	632	186	214	0	39804	1920	1080
FRAME	1540900039621	88	2	19216800000603	402	739	261	94	97	0	9118	1920	1080
FRAME	1540900040184	81	2	19216800000603	901	1607	152	119	61	0	7259	1920	1080
FRAME	1540900040184	87	2	19216800000603	504	824	515	406	217	0	88102	1920	1080
FRAME	1540900040184	86	2	19216800000603	605	1029	626	180	200	0	36000	1920	1080
FRAME	1540900040184	89	2	19216800000603	608	1005	967	246	220	0	54120	1920	1080
FRAME	1540900040576	81	2	19216800000603	901	1607	152	120	61	0	7320	1920	1080
FRAME	1540900040576	87	2	19216800000603	504	837	517	416	220	0	91520	1920	1080
FRAME	1540900040576	86	2	19216800000603	605	1027	631	174	195	0	33930	1920	1080
FRAME	1540900040576	89	2	19216800000603	608	999	949	288	237	0	68256	1920	1080
FRAME	1540900041013	81	2	19216800000603	901	1608	152	120	61	0	7320	1920	1080
FRAME	1540900041013	87	2	19216800000603	504	837	517	421	220	0	92620	1920	1080
FRAME	1540900041013	86	2	19216800000603	605	1024	633	174	192	0	33408	1920	1080
FRAME	1540900041013	89	2	19216800000603	608	995	939	300	250	0	75000	1920	1080
FRAME	1540900041571	81	2	19216800000603	901	1609	152	120	61	0	7320	1920	1080
FRAME	1540900041571	87	2	19216800000603	504	833	516	427	218	0	93086	1920	1080
FRAME	1540900041571	86	2	19216800000603	605	1020	629	171	192	0	32832	1920	1080
FRAME	1540900041571	89	2	19216800000603	608	1010	935	291	265	0	77115	1920	1080
FRAME	1540900041571	90	2	19216800000603	403	729	331	104	110	0	11440	1920	1080
FRAME	1540900042159	81	2	19216800000603	901	1609	152	120	61	0	7320	1920	1080
FRAME	1540900042159	87	2	19216800000603	504	831	515	427	219	0	93513	1920	1080
FRAME	1540900042159	86	2	19216800000603	605	1020	627	167	194	0	32398	1920	1080
FRAME	1540900042159	89	2	19216800000603	608	1036	929	278	275	0	76450	1920	1080
FRAME	1540900042159	90	2	19216800000603	403	727	335	106	109	0	11554	1920	1080
FRAME	1540900042433	81	2	19216800000603	901	1608	152	120	61	0	7320	1920	1080
FRAME	1540900042433	87	2	19216800000603	504	830	514	427	219	0	93513	1920	1080
FRAME	1540900042433	86	2	19216800000603	605	1025	629	168	192	0	32256	1920	1080
FRAME	1540900042433	89	2	19216800000603	608	1050	915	274	285	0	78090	1920	1080
FRAME	1540900042433	90	2	19216800000603	403	725	336	107	109	0	11663	1920	1080
FRAME	1540900042941	81	2	19216800000603	901	1608	152	120	61	0	7320	1920	1080
FRAME	1540900042941	87	2	19216800000603	504	831	514	427	219	0	93513	1920	1080
FRAME	1540900042941	86	2	19216800000603	605	1027	633	165	191	0	31515	1920	1080
FRAME	1540900042941	89	2	19216800000603	608	1049	902	263	285	0	74955	1920	1080
FRAME	1540900042941	90	2	19216800000603	403	726	335	108	109	0	11772	1920	1080
FRAME	1540900043459	81	2	19216800000603	901	1608	152	120	61	0	7320	1920	1080
FRAME	1540900043459	87	2	19216800000603	504	832	514	427	218	0	93086	1920	1080
FRAME	1540900043459	86	2	19216800000603	605	1025	633	164	189	0	30996	1920	1080
FRAME	1540900043459	89	2	19216800000603	608	1045	899	255	279	0	71145	1920	1080
FRAME	1540900043459	90	2	19216800000603	403	727	334	108	109	0	11772	1920	1080
FRAME	1540900043839	81	2	19216800000603	901	1608	152	120	61	0	7320	1920	1080
FRAME	1540900043839	87	2	19216800000603	504	831	513	424	217	0	92008	1920	1080
FRAME	1540900043839	86	2	19216800000603	605	1022	631	163	188	0	30644	1920	1080
FRAME	1540900043839	89	2	19216800000603	608	1053	894	260	275	0	71500	1920	1080
FRAME	1540900043839	90	2	19216800000603	403	727	334	108	109	0	11772	1920	1080
FRAME	1540900044446	81	2	19216800000603	901	1608	152	120	61	0	7320	1920	1080
FRAME	1540900044446	87	2	19216800000603	504	829	513	425	217	0	92225	1920	1080
FRAME	1540900044446	86	2	19216800000603	605	1022	629	163	187	0	30481	1920	1080
FRAME	1540900044446	89	2	19216800000603	608	1066	884	262	273	0	71526	1920	1080
FRAME	1540900044446	90	2	19216800000603	403	726	334	108	109	0	11772	1920	1080
FRAME	1540900044974	81	2	19216800000603	901	1608	152	120	61	0	7320	1920	1080
FRAME	1540900044974	87	2	19216800000603	504	831	513	420	217	0	91140	1920	1080
FRAME	1540900044974	86	2	19216800000603	605	1023	629	163	187	0	30481	1920	1080
FRAME	1540900044974	89	2	19216800000603	608	1068	880	263	272	0	71536	1920	1080
FRAME	1540900044974	90	2	19216800000603	403	726	334	108	109	0	11772	1920	1080
FRAME	1540900045613	81	2	19216800000603	901	1608	152	120	61	0	7320	1920	1080
FRAME	1540900045613	87	2	19216800000603	504	834	513	420	218	0	91560	1920	1080
FRAME	1540900045613	86	2	19216800000603	605	1024	630	163	187	0	30481	1920	1080
FRAME	1540900045613	89	2	19216800000603	608	1064	882	264	271	0	71544	1920	1080
FRAME	1540900045613	90	2	19216800000603	403	726	334	108	109	0	11772	1920	1080
FRAME	1540900046182	81	2	19216800000603	901	1608	152	120	61	0	7320	1920	1080
FRAME	1540900046182	87	2	19216800000603	504	833	512	420	217	0	91140	1920	1080
FRAME	1540900046182	86	2	19216800000603	605	1024	632	163	188	0	30644	1920	1080
FRAME	1540900046182	89	2	19216800000603	608	1060	885	264	271	0	71544	1920	1080
FRAME	1540900046182	90	2	19216800000603	403	726	334	108	109	0	11772	1920	1080
FRAME	1540900046924	81	2	19216800000603	901	1608	152	120	61	0	7320	1920	1080
FRAME	1540900046924	87	2	19216800000603	504	829	514	417	218	0	90906	1920	1080
FRAME	1540900046924	86	2	19216800000603	605	1025	633	160	190	0	30400	1920	1080
FRAME	1540900046924	89	2	19216800000603	608	1060	885	264	269	0	71016	1920	1080
FRAME	1540900046924	90	2	19216800000603	403	726	334	108	109	0	11772	1920	1080
FRAME	1540900046924	91	2	19216800000603	400	763	28	62	36	0	2232	1920	1080
FRAME	1540900047575	81	2	19216800000603	901	1608	152	120	61	0	7320	1920	1080
FRAME	1540900047575	87	2	19216800000603	504	830	516	416	216	0	89856	1920	1080
FRAME	1540900047575	86	2	19216800000603	605	1027	643	164	191	0	31324	1920	1080
FRAME	1540900047575	89	2	19216800000603	608	1063	883	267	268	0	71556	1920	1080
FRAME	1540900047575	90	2	19216800000603	403	726	334	108	109	0	11772	1920	1080
FRAME	1540900047575	91	2	19216800000603	400	757	47	67	45	0	3015	1920	1080
FRAME	1540900048278	81	2	19216800000603	901	1608	152	120	61	0	7320	1920	1080
FRAME	1540900048278	87	2	19216800000603	504	831	516	415	215	0	89225	1920	1080
FRAME	1540900048278	86	2	19216800000603	606	1025	665	163	195	0	31785	1920	1080
FRAME	1540900048278	89	2	19216800000603	608	1064	880	269	269	0	72361	1920	1080
FRAME	1540900048278	91	2	19216800000603	400	758	63	73	48	0	3504	1920	1080
FRAME	1540900048839	81	2	19216800000603	901	1609	152	117	61	0	7137	1920	1080
FRAME	1540900048839	87	2	19216800000603	504	834	515	412	216	0	88992	1920	1080
FRAME	1540900048839	86	2	19216800000603	606	1022	676	163	197	0	32111	1920	1080
FRAME	1540900048839	89	2	19216800000603	608	1061	880	267	270	0	72090	1920	1080
FRAME	1540900048839	91	2	19216800000603	400	758	74	79	53	0	4187	1920	1080
FRAME	1540900049384	81	2	19216800000603	901	1612	152	116	61	0	7076	1920	1080
FRAME	1540900049384	87	2	19216800000603	504	834	513	407	215	0	87505	1920	1080
FRAME	1540900049384	86	2	19216800000603	606	1025	667	169	195	0	32955	1920	1080
FRAME	1540900049384	89	2	19216800000603	608	1061	881	272	270	0	73440	1920	1080
FRAME	1540900049384	91	2	19216800000603	400	755	85	79	55	0	4345	1920	1080
FRAME	1540900049384	92	2	19216800000603	500	787	22	57	35	0	1995	1920	1080
FRAME	1540900049981	81	2	19216800000603	901	1612	152	115	61	0	7015	1920	1080
FRAME	1540900049981	87	2	19216800000603	504	831	513	405	212	0	85860	1920	1080
FRAME	1540900049981	86	2	19216800000603	606	1031	656	190	191	0	36290	1920	1080
FRAME	1540900049981	89	2	19216800000603	608	1062	879	280	269	0	75320	1920	1080
FRAME	1540900049981	91	2	19216800000603	400	752	93	79	56	0	4424	1920	1080
FRAME	1540900049981	93	2	19216800000603	403	724	348	111	121	0	13431	1920	1080
FRAME	1540900049981	92	2	19216800000603	500	784	29	62	41	0	2542	1920	1080
FRAME	1540900050688	81	2	19216800000603	901	1611	152	115	61	0	7015	1920	1080
FRAME	1540900050688	87	2	19216800000603	504	827	512	398	211	0	83978	1920	1080
FRAME	1540900050688	86	2	19216800000603	606	1035	651	218	190	0	41420	1920	1080
FRAME	1540900050688	89	2	19216800000603	608	1064	876	281	268	0	75308	1920	1080
FRAME	1540900050688	91	2	19216800000603	400	752	97	79	57	0	4503	1920	1080
FRAME	1540900050688	93	2	19216800000603	403	724	364	110	122	0	13420	1920	1080
FRAME	1540900050688	92	2	19216800000603	500	782	38	64	44	0	2816	1920	1080
FRAME	1540900051199	81	2	19216800000603	901	1611	152	115	61	0	7015	1920	1080
FRAME	1540900051199	87	2	19216800000603	504	823	513	394	210	0	82740	1920	1080
FRAME	1540900051199	86	2	19216800000603	605	1034	640	238	193	0	45934	1920	1080
FRAME	1540900051199	89	2	19216800000603	608	1067	873	282	268	0	75576	1920	1080
FRAME	1540900051199	91	2	19216800000603	401	752	108	76	59	0	4484	1920	1080
FRAME	1540900051199	93	2	19216800000603	403	724	364	110	122	0	13420	1920	1080
FRAME	1540900051199	92	2	19216800000603	500	785	45	65	49	0	3185	1920	1080
FRAME	1540900051714	81	2	19216800000603	901	1610	152	118	61	0	7198	1920	1080
FRAME	1540900051714	87	2	19216800000603	504	824	512	395	208	0	82160	1920	1080
FRAME	1540900051714	86	2	19216800000603	605	1030	629	251	191	0	47941	1920	1080
FRAME	1540900051714	89	2	19216800000603	608	1067	870	282	269	0	75858	1920	1080
FRAME	1540900051714	91	2	19216800000603	401	750	122	80	65	0	5200	1920	1080
FRAME	1540900051714	93	2	19216800000603	403	726	366	109	124	0	13516	1920	1080
FRAME	1540900051714	92	2	19216800000603	500	788	53	66	53	0	3498	1920	1080
FRAME	1540900052342	81	2	19216800000603	901	1607	152	119	61	0	7259	1920	1080
FRAME	1540900052342	87	2	19216800000603	504	829	510	396	209	0	82764	1920	1080
FRAME	1540900052342	86	2	19216800000603	605	1031	629	258	190	0	49020	1920	1080
FRAME	1540900052342	89	2	19216800000603	608	1065	870	282	270	0	76140	1920	1080
FRAME	1540900052342	91	2	19216800000603	401	746	131	82	72	0	5904	1920	1080
FRAME	1540900052342	93	2	19216800000603	403	726	366	109	124	0	13516	1920	1080
FRAME	1540900052342	92	2	19216800000603	500	785	62	66	61	0	4026	1920	1080
FRAME	1540900052969	81	2	19216800000603	901	1607	152	120	61	0	7320	1920	1080
FRAME	1540900052969	87	2	19216800000603	504	829	509	393	209	0	82137	1920	1080
FRAME	1540900052969	86	2	19216800000603	605	1032	633	261	191	0	49851	1920	1080
FRAME	1540900052969	89	2	19216800000603	608	1064	871	282	267	0	75294	1920	1080
FRAME	1540900052969	91	2	19216800000603	401	741	139	86	70	0	6020	1920	1080
FRAME	1540900052969	93	2	19216800000603	403	726	366	109	124	0	13516	1920	1080
FRAME	1540900052969	92	2	19216800000603	500	780	70	69	63	0	4347	1920	1080
FRAME	1540900053413	81	2	19216800000603	901	1609	152	117	61	0	7137	1920	1080
FRAME	1540900053413	87	2	19216800000603	504	827	510	395	209	0	82555	1920	1080
FRAME	1540900053413	86	2	19216800000603	605	1033	636	263	192	0	50496	1920	1080
FRAME	1540900053413	89	2	19216800000603	608	1065	871	288	267	0	76896	1920	1080
FRAME	1540900053413	91	2	19216800000603	401	739	148	88	71	0	6248	1920	1080
FRAME	1540900053413	93	2	19216800000603	403	726	366	109	124	0	13516	1920	1080
FRAME	1540900053413	92	2	19216800000603	500	781	77	71	66	0	4686	1920	1080
FRAME	1540900054128	81	2	19216800000603	901	1613	152	116	61	0	7076	1920	1080
FRAME	1540900054128	87	2	19216800000603	504	828	515	402	216	0	86832	1920	1080
FRAME	1540900054128	86	2	19216800000603	605	1033	635	264	192	0	50688	1920	1080
FRAME	1540900054128	89	2	19216800000603	608	1065	869	291	267	0	77697	1920	1080
FRAME	1540900054128	91	2	19216800000603	401	739	153	86	75	0	6450	1920	1080
FRAME	1540900054128	92	2	19216800000603	500	781	77	71	66	0	4686	1920	1080
FRAME	1540900054704	81	2	19216800000603	901	1613	152	115	61	0	7015	1920	1080
FRAME	1540900054704	87	2	19216800000603	504	819	525	399	233	0	92967	1920	1080
FRAME	1540900054704	86	2	19216800000603	605	1032	630	264	191	0	50424	1920	1080
FRAME	1540900054704	89	2	19216800000603	608	1065	868	275	267	0	73425	1920	1080
FRAME	1540900054704	91	2	19216800000603	401	739	153	86	75	0	6450	1920	1080
FRAME	1540900054704	92	2	19216800000603	500	781	77	71	66	0	4686	1920	1080
FRAME	1540900055457	81	2	19216800000603	901	1611	152	115	61	0	7015	1920	1080
FRAME	1540900055457	87	2	19216800000603	504	807	536	401	242	0	97042	1920	1080
FRAME	1540900055457	86	2	19216800000603	605	1032	626	264	190	0	50160	1920	1080
FRAME	1540900055457	89	2	19216800000603	608	1065	869	267	267	0	71289	1920	1080
FRAME	1540900055457	91	2	19216800000603	401	732	167	85	75	0	6375	1920	1080
FRAME	1540900055457	92	2	19216800000603	500	784	87	72	69	0	4968	1920	1080
FRAME	1540900055457	94	2	19216800000603	403	723	351	108	118	0	12744	1920	1080
FRAME	1540900055887	81	2	19216800000603	901	1610	152	115	61	0	7015	1920	1080
FRAME	1540900055887	87	2	19216800000603	504	808	535	402	244	0	98088	1920	1080
FRAME	1540900055887	86	2	19216800000603	605	1033	625	267	188	0	50196	1920	1080
FRAME	1540900055887	89	2	19216800000603	608	1065	870	263	267	0	70221	1920	1080
FRAME	1540900055887	91	2	19216800000603	401	732	167	85	75	0	6375	1920	1080
FRAME	1540900055887	92	2	19216800000603	500	784	87	72	69	0	4968	1920	1080
FRAME	1540900055887	94	2	19216800000603	403	719	367	108	118	0	12744	1920	1080
FRAME	1540900056412	81	2	19216800000603	901	1610	152	118	61	0	7198	1920	1080
FRAME	1540900056412	87	2	19216800000603	504	814	527	402	245	0	98490	1920	1080
FRAME	1540900056412	86	2	19216800000603	605	1036	625	269	189	0	50841	1920	1080
FRAME	1540900056412	89	2	19216800000603	608	1065	870	261	267	0	69687	1920	1080
FRAME	1540900056412	91	2	19216800000603	401	732	167	85	75	0	6375	1920	1080
FRAME	1540900056412	92	2	19216800000603	500	784	87	72	69	0	4968	1920	1080
FRAME	1540900056412	94	2	19216800000603	403	718	368	108	120	0	12960	1920	1080
FRAME	1540900057120	81	2	19216800000603	901	1608	152	119	61	0	7259	1920	1080
FRAME	1540900057120	87	2	19216800000603	504	817	525	399	246	0	98154	1920	1080
FRAME	1540900057120	86	2	19216800000603	605	1037	625	270	189	0	51030	1920	1080
FRAME	1540900057120	89	2	19216800000603	608	1066	869	260	267	0	69420	1920	1080
FRAME	1540900057120	91	2	19216800000603	401	732	167	85	75	0	6375	1920	1080
FRAME	1540900057120	92	2	19216800000603	500	784	87	72	69	0	4968	1920	1080
FRAME	1540900057120	94	2	19216800000603	403	720	361	108	121	0	13068	1920	1080
FRAME	1540900057782	81	2	19216800000603	901	1608	152	120	61	0	7320	1920	1080
FRAME	1540900057782	87	2	19216800000603	504	816	528	407	245	0	99715	1920	1080
FRAME	1540900057782	86	2	19216800000603	605	1036	625	270	191	0	51570	1920	1080
FRAME	1540900057782	89	2	19216800000603	608	1065	869	259	265	0	68635	1920	1080
FRAME	1540900057782	94	2	19216800000603	403	722	358	111	122	0	13542	1920	1080
FRAME	1540900058131	81	2	19216800000603	901	1609	152	117	61	0	7137	1920	1080
FRAME	1540900058131	87	2	19216800000603	504	813	531	405	246	0	99630	1920	1080
FRAME	1540900058131	86	2	19216800000603	605	1035	626	270	189	0	51030	1920	1080
FRAME	1540900058131	89	2	19216800000603	608	1065	871	259	264	0	68376	1920	1080
FRAME	1540900058131	94	2	19216800000603	403	723	359	110	120	0	13200	1920	1080
FRAME	1540900058510	81	2	19216800000603	901	1610	152	119	61	0	7259	1920	1080
FRAME	1540900058510	87	2	19216800000603	504	812	530	404	246	0	99384	1920	1080
FRAME	1540900058510	86	2	19216800000603	605	1035	626	270	189	0	51030	1920	1080
FRAME	1540900058510	89	2	19216800000603	608	1065	872	259	264	0	68376	1920	1080
FRAME	1540900058510	94	2	19216800000603	403	720	359	109	119	0	12971	1920	1080
FRAME	1540900059065	81	2	19216800000603	901	1609	152	120	61	0	7320	1920	1080
FRAME	1540900059065	87	2	19216800000603	504	812	528	403	246	0	99138	1920	1080
FRAME	1540900059065	86	2	19216800000603	605	1036	624	273	189	0	51597	1920	1080
FRAME	1540900059065	89	2	19216800000603	608	1065	872	259	264	0	68376	1920	1080
FRAME	1540900059065	94	2	19216800000603	403	719	359	109	119	0	12971	1920	1080
FRAME	1540900059677	81	2	19216800000603	901	1608	152	120	61	0	7320	1920	1080
FRAME	1540900059677	87	2	19216800000603	504	813	527	403	246	0	99138	1920	1080
FRAME	1540900059677	86	2	19216800000603	605	1038	623	272	191	0	51952	1920	1080
FRAME	1540900059677	89	2	19216800000603	608	1067	870	250	262	0	65500	1920	1080
FRAME	1540900059677	94	2	19216800000603	403	719	359	109	119	0	12971	1920	1080
FRAME	1540900059985	81	2	19216800000603	901	1608	152	120	61	0	7320	1920	1080
FRAME	1540900059985	87	2	19216800000603	504	814	528	403	246	0	99138	1920	1080
FRAME	1540900059985	86	2	19216800000603	605	1036	624	271	189	0	51219	1920	1080
FRAME	1540900059985	89	2	19216800000603	608	1069	869	239	258	0	61662	1920	1080
FRAME	1540900059985	94	2	19216800000603	403	719	359	109	119	0	12971	1920	1080
FRAME	1540900060411	81	2	19216800000603	901	1608	152	120	61	0	7320	1920	1080
FRAME	1540900060411	87	2	19216800000603	504	814	529	409	246	0	100614	1920	1080
FRAME	1540900060411	86	2	19216800000603	605	1034	626	271	189	0	51219	1920	1080
FRAME	1540900060411	89	2	19216800000603	608	1070	870	234	256	0	59904	1920	1080
FRAME	1540900060411	94	2	19216800000603	403	719	359	109	119	0	12971	1920	1080
FRAME	1540900060938	81	2	19216800000603	901	1608	152	120	61	0	7320	1920	1080
FRAME	1540900060938	87	2	19216800000603	504	812	529	409	245	0	100205	1920	1080
FRAME	1540900060938	86	2	19216800000603	605	1036	625	274	188	0	51512	1920	1080
FRAME	1540900060938	89	2	19216800000603	608	1068	870	231	255	0	58905	1920	1080
FRAME	1540900060938	95	2	19216800000603	501	773	142	71	75	0	5325	1920	1080
FRAME	1540900061239	81	2	19216800000603	901	1608	152	120	61	0	7320	1920	1080
FRAME	1540900061239	87	2	19216800000603	504	811	530	406	244	0	99064	1920	1080
FRAME	1540900061239	86	2	19216800000603	605	1041	623	272	185	0	50320	1920	1080
FRAME	1540900061239	89	2	19216800000603	608	1068	871	230	253	0	58190	1920	1080
FRAME	1540900061239	95	2	19216800000603	501	774	149	72	78	0	5616	1920	1080
FRAME	1540900061543	81	2	19216800000603	901	1609	152	117	61	0	7137	1920	1080
FRAME	1540900061543	87	2	19216800000603	504	813	529	404	242	0	97768	1920	1080
FRAME	1540900061543	86	2	19216800000603	605	1043	624	271	184	0	49864	1920	1080
FRAME	1540900061543	89	2	19216800000603	608	1068	872	229	252	0	57708	1920	1080
FRAME	1540900061543	95	2	19216800000603	501	775	149	72	80	0	5760	1920	1080
FRAME	1540900061872	81	2	19216800000603	901	1612	152	116	61	0	7076	1920	1080
FRAME	1540900061872	87	2	19216800000603	504	814	527	403	241	0	97123	1920	1080
FRAME	1540900061872	86	2	19216800000603	605	1042	624	271	183	0	49593	1920	1080
FRAME	1540900061872	89	2	19216800000603	608	1068	871	229	251	0	57479	1920	1080
FRAME	1540900061872	95	2	19216800000603	501	775	149	72	80	0	5760	1920	1080
FRAME	1540900062336	81	2	19216800000603	901	1611	152	118	61	0	7198	1920	1080
FRAME	1540900062336	87	2	19216800000603	504	814	527	403	241	0	97123	1920	1080
FRAME	1540900062336	86	2	19216800000603	605	1040	624	274	183	0	50142	1920	1080
FRAME	1540900062336	89	2	19216800000603	608	1068	871	229	251	0	57479	1920	1080
FRAME	1540900062336	95	2	19216800000603	501	775	147	72	81	0	5832	1920	1080
FRAME	1540900062940	81	2	19216800000603	901	1607	152	119	61	0	7259	1920	1080
FRAME	1540900062940	87	2	19216800000603	504	814	528	403	244	0	98332	1920	1080
FRAME	1540900062940	86	2	19216800000603	605	1039	624	272	183	0	49776	1920	1080
FRAME	1540900062940	89	2	19216800000603	608	1068	871	229	251	0	57479	1920	1080
FRAME	1540900062940	95	2	19216800000603	501	774	149	72	80	0	5760	1920	1080
FRAME	1540900063704	81	2	19216800000603	901	1607	152	120	61	0	7320	1920	1080
FRAME	1540900063704	87	2	19216800000603	504	810	528	403	245	0	98735	1920	1080
FRAME	1540900063704	86	2	19216800000603	605	1040	624	271	185	0	50135	1920	1080
FRAME	1540900063704	89	2	19216800000603	608	1067	871	226	251	0	56726	1920	1080
FRAME	1540900063704	95	2	19216800000603	501	774	153	72	79	0	5688	1920	1080
FRAME	1540900064022	81	2	19216800000603	901	1609	152	117	61	0	7137	1920	1080
FRAME	1540900064022	87	2	19216800000603	504	808	529	403	246	0	99138	1920	1080
FRAME	1540900064022	86	2	19216800000603	605	1042	624	271	186	0	50406	1920	1080
FRAME	1540900064022	89	2	19216800000603	607	1068	861	218	254	0	55372	1920	1080
FRAME	1540900064022	95	2	19216800000603	501	774	153	72	79	0	5688	1920	1080
FRAME	1540900064494	81	2	19216800000603	901	1613	152	116	61	0	7076	1920	1080
FRAME	1540900064494	87	2	19216800000603	504	809	528	403	245	0	98735	1920	1080
FRAME	1540900064494	86	2	19216800000603	605	1041	623	274	189	0	51786	1920	1080
FRAME	1540900064494	89	2	19216800000603	607	1072	846	214	252	0	53928	1920	1080
FRAME	1540900064494	95	2	19216800000603	501	774	153	72	79	0	5688	1920	1080
FRAME	1540900064919	81	2	19216800000603	901	1613	152	115	61	0	7015	1920	1080
FRAME	1540900064919	87	2	19216800000603	504	810	527	400	243	0	97200	1920	1080
FRAME	1540900064919	86	2	19216800000603	605	1037	622	275	189	0	51975	1920	1080
FRAME	1540900064919	89	2	19216800000603	607	1070	852	218	249	0	54282	1920	1080
FRAME	1540900064919	95	2	19216800000603	501	774	153	72	79	0	5688	1920	1080
FRAME	1540900065389	81	2	19216800000603	901	1611	152	115	61	0	7015	1920	1080
FRAME	1540900065389	87	2	19216800000603	504	811	528	398	242	0	96316	1920	1080
FRAME	1540900065389	86	2	19216800000603	605	1037	621	276	189	0	52164	1920	1080
FRAME	1540900065389	89	2	19216800000603	608	1064	873	220	248	0	54560	1920	1080
FRAME	1540900065942	81	2	19216800000603	901	1610	152	115	61	0	7015	1920	1080
FRAME	1540900065942	87	2	19216800000603	504	810	529	403	243	0	97929	1920	1080
FRAME	1540900065942	86	2	19216800000603	605	1039	621	273	189	0	51597	1920	1080
FRAME	1540900065942	89	2	19216800000603	608	1062	879	221	247	0	54587	1920	1080
FRAME	1540900065942	96	2	19216800000603	402	711	258	91	85	0	7735	1920	1080
FRAME	1540900066373	81	2	19216800000603	901	1611	152	115	61	0	7015	1920	1080
FRAME	1540900066373	87	2	19216800000603	504	807	537	400	245	0	98000	1920	1080
FRAME	1540900066373	86	2	19216800000603	605	1040	621	272	188	0	51136	1920	1080
FRAME	1540900066373	89	2	19216800000603	608	1065	872	222	247	0	54834	1920	1080
FRAME	1540900066373	96	2	19216800000603	402	711	258	91	85	0	7735	1920	1080
FRAME	1540900066582	81	2	19216800000603	901	1612	152	115	61	0	7015	1920	1080
FRAME	1540900066582	87	2	19216800000603	505	803	547	392	244	0	95648	1920	1080
FRAME	1540900066582	86	2	19216800000603	605	1038	620	271	187	0	50677	1920	1080
FRAME	1540900066582	89	2	19216800000603	608	1067	865	222	245	0	54390	1920	1080
FRAME	1540900066582	96	2	19216800000603	402	711	258	91	85	0	7735	1920	1080
FRAME	1540900066959	81	2	19216800000603	901	1612	152	115	61	0	7015	1920	1080
FRAME	1540900066959	87	2	19216800000603	505	802	549	394	244	0	96136	1920	1080
FRAME	1540900066959	86	2	19216800000603	605	1040	620	271	185	0	50135	1920	1080
FRAME	1540900066959	89	2	19216800000603	607	1070	855	219	246	0	53874	1920	1080
FRAME	1540900066959	96	2	19216800000603	402	711	258	91	85	0	7735	1920	1080
FRAME	1540900067336	81	2	19216800000603	901	1610	152	118	61	0	7198	1920	1080
FRAME	1540900067336	87	2	19216800000603	505	803	545	395	245	0	96775	1920	1080
FRAME	1540900067336	86	2	19216800000603	605	1039	621	271	186	0	50406	1920	1080
FRAME	1540900067336	89	2	19216800000603	607	1076	844	218	246	0	53628	1920	1080
FRAME	1540900067971	81	2	19216800000603	901	1607	152	119	61	0	7259	1920	1080
FRAME	1540900067971	87	2	19216800000603	505	805	543	402	244	0	98088	1920	1080
FRAME	1540900067971	86	2	19216800000603	605	1038	621	271	186	0	50406	1920	1080
FRAME	1540900067971	89	2	19216800000603	607	1079	842	214	246	0	52644	1920	1080
FRAME	1540900067971	97	2	19216800000603	404	763	438	275	234	0	64350	1920	1080
FRAME	1540900068293	81	2	19216800000603	901	1608	152	117	61	0	7137	1920	1080
FRAME	1540900068293	87	2	19216800000603	505	805	543	405	244	0	98820	1920	1080
FRAME	1540900068293	86	2	19216800000603	605	1041	620	271	186	0	50406	1920	1080
FRAME	1540900068293	89	2	19216800000603	607	1079	845	212	245	0	51940	1920	1080
FRAME	1540900068293	97	2	19216800000603	404	763	438	275	234	0	64350	1920	1080
FRAME	1540900068800	81	2	19216800000603	901	1612	152	116	61	0	7076	1920	1080
FRAME	1540900068800	87	2	19216800000603	505	804	544	413	244	0	100772	1920	1080
FRAME	1540900068800	86	2	19216800000603	605	1043	620	277	186	0	51522	1920	1080
FRAME	1540900068800	89	2	19216800000603	607	1076	850	208	244	0	50752	1920	1080
FRAME	1540900068800	97	2	19216800000603	404	763	438	275	234	0	64350	1920	1080
FRAME	1540900069167	81	2	19216800000603	901	1612	152	118	61	0	7198	1920	1080
FRAME	1540900069167	87	2	19216800000603	505	801	545	411	244	0	100284	1920	1080
FRAME	1540900069167	86	2	19216800000603	605	1043	618	280	186	0	52080	1920	1080
FRAME	1540900069167	89	2	19216800000603	607	1074	848	209	245	0	51205	1920	1080
FRAME	1540900069167	97	2	19216800000603	505	827	591	336	240	0	80640	1920	1080
FRAME	1540900069497	81	2	19216800000603	901	1610	152	116	61	0	7076	1920	1080
FRAME	1540900069497	87	2	19216800000603	505	795	545	413	244	0	100772	1920	1080
FRAME	1540900069497	86	2	19216800000603	605	1041	615	281	186	0	52266	1920	1080
FRAME	1540900069497	89	2	19216800000603	607	1075	844	207	244	0	50508	1920	1080
FRAME	1540900069497	97	2	19216800000603	505	830	624	372	243	0	90396	1920	1080
FRAME	1540900069935	81	2	19216800000603	901	1609	152	118	61	0	7198	1920	1080
FRAME	1540900069935	87	2	19216800000603	505	793	544	414	245	0	101430	1920	1080
FRAME	1540900069935	86	2	19216800000603	605	1051	616	273	183	0	49959	1920	1080
FRAME	1540900069935	89	2	19216800000603	607	1076	842	203	244	0	49532	1920	1080
FRAME	1540900069935	97	2	19216800000603	505	830	624	372	243	0	90396	1920	1080
FRAME	1540900070373	81	2	19216800000603	901	1607	152	119	61	0	7259	1920	1080
FRAME	1540900070373	87	2	19216800000603	505	795	544	417	244	0	101748	1920	1080
FRAME	1540900070373	86	2	19216800000603	605	1067	620	269	181	0	48689	1920	1080
FRAME	1540900070373	89	2	19216800000603	607	1078	843	201	244	0	49044	1920	1080
FRAME	1540900070373	97	2	19216800000603	505	800	564	390	243	0	94770	1920	1080
FRAME	1540900070896	81	2	19216800000603	901	1608	152	120	61	0	7320	1920	1080
FRAME	1540900070896	87	2	19216800000603	505	798	544	416	244	0	101504	1920	1080
FRAME	1540900070896	86	2	19216800000603	605	1069	622	270	180	0	48600	1920	1080
FRAME	1540900070896	89	2	19216800000603	607	1079	845	200	244	0	48800	1920	1080
FRAME	1540900070896	97	2	19216800000603	505	800	564	390	243	0	94770	1920	1080
FRAME	1540900071286	81	2	19216800000603	901	1609	152	120	61	0	7320	1920	1080
FRAME	1540900071286	87	2	19216800000603	505	796	544	415	244	0	101260	1920	1080
FRAME	1540900071286	86	2	19216800000603	605	1060	621	270	180	0	48600	1920	1080
FRAME	1540900071286	89	2	19216800000603	607	1077	845	199	244	0	48556	1920	1080
FRAME	1540900071286	97	2	19216800000603	504	783	516	399	243	0	96957	1920	1080
FRAME	1540900071674	81	2	19216800000603	901	1609	152	120	61	0	7320	1920	1080
FRAME	1540900071674	87	2	19216800000603	505	794	544	415	244	0	101260	1920	1080
FRAME	1540900071674	86	2	19216800000603	605	1056	620	267	180	0	48060	1920	1080
FRAME	1540900071674	89	2	19216800000603	607	1076	844	199	244	0	48556	1920	1080
FRAME	1540900071674	97	2	19216800000603	504	783	516	399	243	0	96957	1920	1080
FRAME	1540900072032	81	2	19216800000603	901	1608	152	120	61	0	7320	1920	1080
FRAME	1540900072032	87	2	19216800000603	505	797	544	415	244	0	101260	1920	1080
FRAME	1540900072032	86	2	19216800000603	605	1056	620	267	180	0	48060	1920	1080
FRAME	1540900072032	89	2	19216800000603	607	1077	844	199	240	0	47760	1920	1080
FRAME	1540900072032	97	2	19216800000603	504	791	516	407	243	0	98901	1920	1080
FRAME	1540900072488	81	2	19216800000603	901	1609	152	117	61	0	7137	1920	1080
FRAME	1540900072488	87	2	19216800000603	505	803	544	415	244	0	101260	1920	1080
FRAME	1540900072488	86	2	19216800000603	605	1056	620	267	180	0	48060	1920	1080
FRAME	1540900072488	89	2	19216800000603	607	1078	844	199	238	0	47362	1920	1080
FRAME	1540900072488	97	2	19216800000603	504	807	533	414	243	0	100602	1920	1080
FRAME	1540900072980	81	2	19216800000603	901	1612	152	116	61	0	7076	1920	1080
FRAME	1540900072980	87	2	19216800000603	505	803	543	412	242	0	99704	1920	1080
FRAME	1540900072980	86	2	19216800000603	605	1056	620	267	180	0	48060	1920	1080
FRAME	1540900072980	89	2	19216800000603	607	1078	844	199	237	0	47163	1920	1080
FRAME	1540900072980	97	2	19216800000603	505	811	542	414	243	0	100602	1920	1080
FRAME	1540900073329	81	2	19216800000603	901	1612	152	115	61	0	7015	1920	1080
FRAME	1540900073329	87	2	19216800000603	505	796	541	413	241	0	99533	1920	1080
FRAME	1540900073329	89	2	19216800000603	607	1077	844	199	237	0	47163	1920	1080
FRAME	1540900073329	97	2	19216800000603	505	811	542	414	243	0	100602	1920	1080
FRAME	1540900073734	81	2	19216800000603	901	1611	152	115	61	0	7015	1920	1080
FRAME	1540900073734	87	2	19216800000603	505	793	542	411	242	0	99462	1920	1080
FRAME	1540900073734	89	2	19216800000603	607	1077	844	199	237	0	47163	1920	1080
FRAME	1540900073734	97	2	19216800000603	504	803	539	414	245	0	101430	1920	1080
FRAME	1540900074298	81	2	19216800000603	901	1611	152	115	61	0	7015	1920	1080
FRAME	1540900074298	87	2	19216800000603	505	797	544	410	243	0	99630	1920	1080
FRAME	1540900074298	89	2	19216800000603	607	1077	844	199	237	0	47163	1920	1080
FRAME	1540900074298	97	2	19216800000603	504	797	533	414	244	0	101016	1920	1080
FRAME	1540900074561	81	2	19216800000603	901	1610	152	118	61	0	7198	1920	1080
FRAME	1540900074561	87	2	19216800000603	505	799	545	406	242	0	98252	1920	1080
FRAME	1540900074561	89	2	19216800000603	607	1077	844	199	237	0	47163	1920	1080
FRAME	1540900074561	97	2	19216800000603	504	796	527	417	254	0	105918	1920	1080
FRAME	1540900074832	81	2	19216800000603	901	1607	152	119	61	0	7259	1920	1080
FRAME	1540900074832	87	2	19216800000603	505	796	543	404	243	0	98172	1920	1080
FRAME	1540900074832	89	2	19216800000603	607	1077	844	199	237	0	47163	1920	1080
FRAME	1540900074832	97	2	19216800000603	504	797	524	416	257	0	106912	1920	1080
FRAME	1540900075083	81	2	19216800000603	901	1607	152	120	61	0	7320	1920	1080
FRAME	1540900075083	87	2	19216800000603	505	793	543	403	242	0	97526	1920	1080
FRAME	1540900075083	89	2	19216800000603	607	1077	844	199	237	0	47163	1920	1080
FRAME	1540900075083	97	2	19216800000603	504	797	526	418	260	0	108680	1920	1080
FRAME	1540900075287	81	2	19216800000603	901	1608	152	120	61	0	7320	1920	1080
FRAME	1540900075287	87	2	19216800000603	505	794	543	409	243	0	99387	1920	1080
FRAME	1540900075287	89	2	19216800000603	607	1077	844	199	237	0	47163	1920	1080
FRAME	1540900075287	97	2	19216800000603	504	798	528	419	260	0	108940	1920	1080
FRAME	1540900075565	81	2	19216800000603	901	1609	152	120	61	0	7320	1920	1080
FRAME	1540900075565	87	2	19216800000603	505	796	544	406	243	0	98658	1920	1080
FRAME	1540900075565	89	2	19216800000603	607	1077	844	199	237	0	47163	1920	1080
FRAME	1540900075565	97	2	19216800000603	504	797	529	417	260	0	108420	1920	1080
FRAME	1540900076269	81	2	19216800000603	901	1609	152	120	61	0	7320	1920	1080
FRAME	1540900076269	87	2	19216800000603	505	797	544	407	243	0	98901	1920	1080
FRAME	1540900076269	89	2	19216800000603	607	1077	844	199	237	0	47163	1920	1080
FRAME	1540900076269	97	2	19216800000603	504	796	529	419	260	0	108940	1920	1080
FRAME	1540900076269	98	1	19216800000603	801	1351	124	33	52	0	1716	1920	1080
FRAME	1540900076479	81	2	19216800000603	901	1608	152	120	61	0	7320	1920	1080
FRAME	1540900076479	87	2	19216800000603	505	799	543	414	243	0	100602	1920	1080
FRAME	1540900076479	89	2	19216800000603	607	1077	842	199	237	0	47163	1920	1080
FRAME	1540900076479	97	2	19216800000603	504	796	528	417	262	0	109254	1920	1080
FRAME	1540900076479	98	1	19216800000603	801	1351	124	33	52	0	1716	1920	1080
FRAME	1540900076969	81	2	19216800000603	901	1608	152	120	61	0	7320	1920	1080
FRAME	1540900076969	87	2	19216800000603	505	801	543	414	243	0	100602	1920	1080
FRAME	1540900076969	89	2	19216800000603	607	1077	839	199	237	0	47163	1920	1080
FRAME	1540900076969	97	2	19216800000603	504	796	526	416	263	0	109408	1920	1080
FRAME	1540900076969	98	1	19216800000603	801	1351	124	33	52	0	1716	1920	1080
FRAME	1540900077402	81	2	19216800000603	901	1608	152	120	61	0	7320	1920	1080
FRAME	1540900077402	87	2	19216800000603	505	800	543	411	245	0	100695	1920	1080
FRAME	1540900077402	89	2	19216800000603	607	1077	839	199	237	0	47163	1920	1080
FRAME	1540900077402	97	2	19216800000603	504	797	528	406	255	0	103530	1920	1080
FRAME	1540900077402	98	1	19216800000603	801	1351	124	33	52	0	1716	1920	1080
FRAME	1540900077998	81	2	19216800000603	901	1609	152	117	61	0	7137	1920	1080
FRAME	1540900077998	87	2	19216800000603	504	796	537	407	246	0	100122	1920	1080
FRAME	1540900077998	89	2	19216800000603	607	1077	841	199	235	0	46765	1920	1080
FRAME	1540900077998	97	2	19216800000603	504	795	529	407	264	0	107448	1920	1080
FRAME	1540900078369	81	2	19216800000603	901	1610	152	119	61	0	7259	1920	1080
FRAME	1540900078369	87	2	19216800000603	504	793	528	405	246	0	99630	1920	1080
FRAME	1540900078369	89	2	19216800000603	607	1079	843	196	236	0	46256	1920	1080
FRAME	1540900078369	97	2	19216800000603	504	795	529	407	264	0	107448	1920	1080
FRAME	1540900078799	81	2	19216800000603	901	1609	152	120	61	0	7320	1920	1080
FRAME	1540900078799	87	2	19216800000603	504	794	527	404	246	0	99384	1920	1080
FRAME	1540900078799	89	2	19216800000603	607	1081	840	194	235	0	45590	1920	1080
FRAME	1540900078799	97	2	19216800000603	504	795	529	407	264	0	107448	1920	1080
FRAME	1540900079099	81	2	19216800000603	901	1609	152	117	61	0	7137	1920	1080
FRAME	1540900079099	87	2	19216800000603	504	797	537	406	245	0	99470	1920	1080
FRAME	1540900079099	89	2	19216800000603	607	1081	838	193	234	0	45162	1920	1080
FRAME	1540900079099	97	2	19216800000603	504	793	528	405	255	0	103275	1920	1080
FRAME	1540900081195	1	2	19216800000603	402	751	272	81	100	0	8100	1920	1080
FRAME	1540900081736	2	2	19216800000603	500	953	87	68	44	0	2992	1920	1080
FRAME	1540900081736	3	2	19216800000603	601	1074	110	84	86	0	7224	1920	1080
FRAME	1540900081736	1	2	19216800000603	402	751	272	81	100	0	8100	1920	1080
FRAME	1540900082132	2	2	19216800000603	500	950	88	67	43	0	2881	1920	1080
FRAME	1540900082132	3	2	19216800000603	600	1067	103	69	69	0	4761	1920	1080
FRAME	1540900082132	1	2	19216800000603	402	751	272	81	100	0	8100	1920	1080
FRAME	1540900082828	2	2	19216800000603	500	950	89	67	40	0	2680	1920	1080
FRAME	1540900082828	3	2	19216800000603	600	1057	93	65	63	0	4095	1920	1080
FRAME	1540900082828	4	2	19216800000603	601	1100	186	108	87	0	9396	1920	1080
FRAME	1540900082828	1	2	19216800000603	402	751	272	81	100	0	8100	1920	1080
FRAME	1540900083291	2	2	19216800000603	500	951	88	67	41	0	2747	1920	1080
FRAME	1540900083291	3	2	19216800000603	600	1057	93	65	63	0	4095	1920	1080
FRAME	1540900083291	4	2	19216800000603	601	1093	179	105	88	0	9240	1920	1080
FRAME	1540900083560	2	2	19216800000603	500	952	87	67	39	0	2613	1920	1080
FRAME	1540900083560	3	2	19216800000603	600	1057	92	63	59	0	3717	1920	1080
FRAME	1540900083560	4	2	19216800000603	601	1092	174	104	85	0	8840	1920	1080
FRAME	1540900084123	2	2	19216800000603	500	952	85	67	40	0	2680	1920	1080
FRAME	1540900084123	3	2	19216800000603	600	1057	92	63	59	0	3717	1920	1080
FRAME	1540900084123	4	2	19216800000603	601	1093	173	100	83	0	8300	1920	1080
FRAME	1540900084576	2	2	19216800000603	500	951	78	61	37	0	2257	1920	1080
FRAME	1540900084576	3	2	19216800000603	600	1061	95	65	58	0	3770	1920	1080
FRAME	1540900084576	4	2	19216800000603	601	1093	171	98	84	0	8232	1920	1080
FRAME	1540900084874	2	2	19216800000603	500	949	71	61	39	0	2379	1920	1080
FRAME	1540900084874	3	2	19216800000603	600	1062	95	66	60	0	3960	1920	1080
FRAME	1540900084874	4	2	19216800000603	601	1092	165	97	83	0	8051	1920	1080
FRAME	1540900085314	2	2	19216800000603	500	947	71	61	40	0	2440	1920	1080
FRAME	1540900085314	3	2	19216800000603	600	1060	93	66	57	0	3762	1920	1080
FRAME	1540900085314	5	2	19216800000603	500	926	34	52	33	0	1716	1920	1080
FRAME	1540900085314	4	2	19216800000603	601	1091	162	94	81	0	7614	1920	1080
FRAME	1540900085706	2	2	19216800000603	500	947	74	61	41	0	2501	1920	1080
FRAME	1540900085706	3	2	19216800000603	600	1059	87	63	57	0	3591	1920	1080
FRAME	1540900085706	5	2	19216800000603	500	926	34	52	33	0	1716	1920	1080
FRAME	1540900085706	4	2	19216800000603	601	1087	159	89	78	0	6942	1920	1080
FRAME	1540900086229	2	2	19216800000603	500	950	75	58	39	0	2262	1920	1080
FRAME	1540900086229	3	2	19216800000603	600	1059	87	63	57	0	3591	1920	1080
FRAME	1540900086229	5	2	19216800000603	500	926	34	52	33	0	1716	1920	1080
FRAME	1540900086229	4	2	19216800000603	601	1084	151	87	75	0	6525	1920	1080
FRAME	1540900086537	2	2	19216800000603	500	951	72	59	38	0	2242	1920	1080
FRAME	1540900086537	3	2	19216800000603	600	1059	87	63	57	0	3591	1920	1080
FRAME	1540900086537	5	2	19216800000603	500	926	34	52	33	0	1716	1920	1080
FRAME	1540900086537	4	2	19216800000603	601	1083	144	89	75	0	6675	1920	1080
FRAME	1540900087133	2	2	19216800000603	500	949	66	60	38	0	2280	1920	1080
FRAME	1540900087133	3	2	19216800000603	600	1057	76	59	54	0	3186	1920	1080
FRAME	1540900087133	4	2	19216800000603	601	1083	142	90	75	0	6750	1920	1080
FRAME	1540900087703	2	2	19216800000603	500	947	62	60	36	0	2160	1920	1080
FRAME	1540900087703	3	2	19216800000603	600	1057	76	59	54	0	3186	1920	1080
FRAME	1540900087703	4	2	19216800000603	601	1084	141	87	75	0	6525	1920	1080
FRAME	1540900087937	2	2	19216800000603	500	947	61	60	37	0	2220	1920	1080
FRAME	1540900087937	3	2	19216800000603	600	1057	76	59	54	0	3186	1920	1080
FRAME	1540900087937	4	2	19216800000603	601	1085	138	89	75	0	6675	1920	1080
FRAME	1540900088506	2	2	19216800000603	500	948	62	60	37	0	2220	1920	1080
FRAME	1540900088506	3	2	19216800000603	600	1057	76	59	54	0	3186	1920	1080
FRAME	1540900088506	4	2	19216800000603	601	1082	132	87	82	0	7134	1920	1080
FRAME	1540900088829	2	2	19216800000603	500	947	61	57	37	0	2109	1920	1080
FRAME	1540900088829	4	2	19216800000603	601	1079	124	86	83	0	7138	1920	1080
FRAME	1540900089080	2	2	19216800000603	500	947	61	57	37	0	2109	1920	1080
FRAME	1540900089080	4	2	19216800000603	601	1078	121	85	81	0	6885	1920	1080
FRAME	1540900089405	2	2	19216800000603	500	947	61	57	37	0	2109	1920	1080
FRAME	1540900089405	4	2	19216800000603	601	1080	122	85	80	0	6800	1920	1080
FRAME	1540900089785	2	2	19216800000603	500	943	59	53	37	0	1961	1920	1080
FRAME	1540900089785	4	2	19216800000603	601	1081	123	85	81	0	6885	1920	1080
FRAME	1540900090181	2	2	19216800000603	500	943	59	53	37	0	1961	1920	1080
FRAME	1540900090181	4	2	19216800000603	601	1080	122	82	81	0	6642	1920	1080
FRAME	1540900090458	2	2	19216800000603	500	943	59	53	37	0	1961	1920	1080
FRAME	1540900090458	4	2	19216800000603	601	1077	119	80	81	0	6480	1920	1080
FRAME	1540900090831	2	2	19216800000603	500	943	59	53	37	0	1961	1920	1080
FRAME	1540900090831	4	2	19216800000603	601	1074	117	82	78	0	6396	1920	1080
FRAME	1540900091125	4	2	19216800000603	601	1072	116	83	76	0	6308	1920	1080
FRAME	1540900091300	4	2	19216800000603	601	1071	112	84	77	0	6468	1920	1080
FRAME	1540900091904	4	2	19216800000603	601	1066	109	81	78	0	6318	1920	1080
FRAME	1540900091904	6	2	19216800000603	304	574	528	147	188	0	27636	1920	1080
FRAME	1540900092320	4	2	19216800000603	600	1061	104	77	76	0	5852	1920	1080
FRAME	1540900092320	6	2	19216800000603	304	574	528	147	188	0	27636	1920	1080
FRAME	1540900092945	4	2	19216800000603	600	1060	99	81	72	0	5832	1920	1080
FRAME	1540900092945	6	2	19216800000603	304	574	528	147	188	0	27636	1920	1080
FRAME	1540900092945	7	2	19216800000603	402	643	285	111	105	0	11655	1920	1080
FRAME	1540900093268	4	2	19216800000603	600	1059	95	71	65	0	4615	1920	1080
FRAME	1540900093268	6	2	19216800000603	304	574	528	147	188	0	27636	1920	1080
FRAME	1540900093268	7	2	19216800000603	402	643	285	111	105	0	11655	1920	1080
FRAME	1540900093573	4	2	19216800000603	600	1056	89	66	61	0	4026	1920	1080
FRAME	1540900093573	7	2	19216800000603	402	643	285	111	105	0	11655	1920	1080
FRAME	1540900094233	4	2	19216800000603	600	1054	85	63	61	0	3843	1920	1080
FRAME	1540900094233	7	2	19216800000603	402	643	285	111	105	0	11655	1920	1080
FRAME	1540900094233	8	2	19216800000603	400	706	80	81	53	0	4293	1920	1080
FRAME	1540900094681	4	2	19216800000603	600	1051	84	65	58	0	3770	1920	1080
FRAME	1540900094681	8	2	19216800000603	400	726	29	68	39	0	2652	1920	1080
FRAME	1540900095016	4	2	19216800000603	600	1046	78	66	58	0	3828	1920	1080
FRAME	1540900095016	8	2	19216800000603	400	726	29	68	39	0	2652	1920	1080
FRAME	1540900095316	4	2	19216800000603	600	1046	78	66	58	0	3828	1920	1080
FRAME	1540900095316	8	2	19216800000603	400	726	29	68	39	0	2652	1920	1080
FRAME	1540900095513	4	2	19216800000603	600	1046	78	66	58	0	3828	1920	1080
FRAME	1540900095513	8	2	19216800000603	400	726	29	68	39	0	2652	1920	1080
FRAME	1540900095949	4	2	19216800000603	600	1046	78	66	58	0	3828	1920	1080
FRAME	1540900096104	4	2	19216800000603	600	1045	69	66	58	0	3828	1920	1080
FRAME	1540900096384	4	2	19216800000603	600	1045	69	66	58	0	3828	1920	1080
FRAME	1540900096621	4	2	19216800000603	600	1045	69	66	58	0	3828	1920	1080
FRAME	1540900096967	4	2	19216800000603	600	1045	63	63	51	0	3213	1920	1080
FRAME	1540900097306	4	2	19216800000603	600	1043	63	59	46	0	2714	1920	1080
FRAME	1540900097480	4	2	19216800000603	600	1042	62	60	47	0	2820	1920	1080
FRAME	1540900097634	4	2	19216800000603	600	1042	62	60	47	0	2820	1920	1080
FRAME	1540900098017	4	2	19216800000603	600	1042	62	60	47	0	2820	1920	1080
FRAME	1540900098351	4	2	19216800000603	600	1042	62	60	47	0	2820	1920	1080
FRAME	1540900100472	9	2	19216800000603	603	971	343	91	117	0	10647	1920	1080
FRAME	1540900100790	9	2	19216800000603	603	971	343	91	117	0	10647	1920	1080
FRAME	1540900101094	9	2	19216800000603	603	971	343	91	117	0	10647	1920	1080
FRAME	1540900101349	9	2	19216800000603	603	971	343	91	117	0	10647	1920	1080
FRAME	1540900102371	10	1	19216800000603	800	1353	38	38	58	0	2204	1920	1080
FRAME	1540900102846	10	1	19216800000603	800	1351	38	37	58	0	2146	1920	1080
FRAME	1540900102846	11	2	19216800000603	203	304	431	267	159	0	42453	1920	1080
FRAME	1540900103114	10	1	19216800000603	800	1355	37	37	56	0	2072	1920	1080
FRAME	1540900103114	11	2	19216800000603	104	105	521	245	173	0	42385	1920	1080
FRAME	1540900103396	10	1	19216800000603	800	1358	36	37	55	0	2035	1920	1080
FRAME	1540900103396	11	2	19216800000603	104	105	521	245	173	0	42385	1920	1080
FRAME	1540900103806	10	1	19216800000603	800	1358	37	37	58	0	2146	1920	1080
FRAME	1540900103806	11	2	19216800000603	104	105	521	245	173	0	42385	1920	1080
FRAME	1540900104279	10	1	19216800000603	800	1356	38	37	60	0	2220	1920	1080
FRAME	1540900104279	11	2	19216800000603	104	105	521	245	173	0	42385	1920	1080
FRAME	1540900104654	10	1	19216800000603	800	1355	38	37	61	0	2257	1920	1080
FRAME	1540900104855	10	1	19216800000603	800	1356	38	37	61	0	2257	1920	1080
FRAME	1540900105174	10	1	19216800000603	800	1357	37	37	61	0	2257	1920	1080
FRAME	1540900105309	10	1	19216800000603	800	1357	37	37	61	0	2257	1920	1080
FRAME	1540900105827	10	1	19216800000603	800	1356	37	37	61	0	2257	1920	1080
FRAME	1540900106216	10	1	19216800000603	800	1356	37	37	61	0	2257	1920	1080
FRAME	1540900106460	10	1	19216800000603	800	1356	37	37	61	0	2257	1920	1080
FRAME	1540900106642	10	1	19216800000603	800	1356	37	37	61	0	2257	1920	1080
FRAME	1540900106950	10	1	19216800000603	800	1356	37	37	61	0	2257	1920	1080
FRAME	1540900107458	10	1	19216800000603	800	1356	37	37	61	0	2257	1920	1080
FRAME	1540900107625	10	1	19216800000603	800	1356	37	37	61	0	2257	1920	1080
FRAME	1540900107807	10	1	19216800000603	800	1356	37	37	61	0	2257	1920	1080
FRAME	1540900108404	10	1	19216800000603	800	1356	37	37	61	0	2257	1920	1080
FRAME	1540900108404	12	1	19216800000603	905	1695	603	72	88	0	6336	1920	1080
FRAME	1540900108718	10	1	19216800000603	800	1356	37	37	61	0	2257	1920	1080
FRAME	1540900108718	12	1	19216800000603	905	1695	603	72	88	0	6336	1920	1080
FRAME	1540900109158	10	1	19216800000603	800	1356	37	37	61	0	2257	1920	1080
FRAME	1540900109158	12	1	19216800000603	905	1695	603	72	88	0	6336	1920	1080
FRAME	1540900109415	10	1	19216800000603	800	1356	37	37	61	0	2257	1920	1080
FRAME	1540900109415	12	1	19216800000603	905	1695	603	72	88	0	6336	1920	1080
FRAME	1540900109787	10	1	19216800000603	800	1356	37	37	61	0	2257	1920	1080
FRAME	1540900110381	10	1	19216800000603	800	1356	37	37	61	0	2257	1920	1080
FRAME	1540900110381	13	1	19216800000603	804	1502	491	71	110	0	7810	1920	1080
FRAME	1540900110645	10	1	19216800000603	800	1356	37	37	61	0	2257	1920	1080
FRAME	1540900110645	13	1	19216800000603	804	1502	491	71	110	0	7810	1920	1080
FRAME	1540900111121	10	1	19216800000603	800	1356	37	37	61	0	2257	1920	1080
FRAME	1540900111121	13	1	19216800000603	804	1502	491	71	110	0	7810	1920	1080
FRAME	1540900111473	10	1	19216800000603	800	1356	38	37	59	0	2183	1920	1080
FRAME	1540900111473	13	1	19216800000603	804	1502	491	71	110	0	7810	1920	1080
FRAME	1540900111683	10	1	19216800000603	800	1356	39	37	58	0	2146	1920	1080
FRAME	1540900111849	10	1	19216800000603	800	1356	39	37	58	0	2146	1920	1080
FRAME	1540900112140	10	1	19216800000603	800	1356	39	37	58	0	2146	1920	1080
FRAME	1540900112471	10	1	19216800000603	800	1356	39	37	58	0	2146	1920	1080
FRAME	1540900113069	10	1	19216800000603	800	1356	38	37	56	0	2072	1920	1080
FRAME	1540900113069	14	1	19216800000603	803	1488	412	36	72	0	2592	1920	1080
FRAME	1540900113307	10	1	19216800000603	800	1356	36	37	55	0	2035	1920	1080
FRAME	1540900113307	14	1	19216800000603	803	1488	412	36	72	0	2592	1920	1080
FRAME	1540900113557	10	1	19216800000603	800	1356	36	37	55	0	2035	1920	1080
FRAME	1540900113557	14	1	19216800000603	803	1488	412	36	72	0	2592	1920	1080
FRAME	1540900113897	10	1	19216800000603	800	1356	37	37	55	0	2035	1920	1080
FRAME	1540900113897	14	1	19216800000603	803	1488	412	36	72	0	2592	1920	1080
FRAME	1540900114346	10	1	19216800000603	800	1356	38	37	55	0	2035	1920	1080
FRAME	1540900114346	14	1	19216800000603	803	1477	396	33	67	0	2211	1920	1080
FRAME	1540900114666	10	1	19216800000603	800	1356	38	37	55	0	2035	1920	1080
FRAME	1540900114666	14	1	19216800000603	803	1466	379	35	71	0	2485	1920	1080
FRAME	1540900114873	10	1	19216800000603	800	1356	37	37	55	0	2035	1920	1080
FRAME	1540900114873	14	1	19216800000603	803	1460	380	45	93	0	4185	1920	1080
FRAME	1540900115668	10	1	19216800000603	800	1356	37	37	55	0	2035	1920	1080
FRAME	1540900115668	14	1	19216800000603	803	1459	391	50	102	0	5100	1920	1080
FRAME	1540900115668	15	1	19216800000603	904	1589	451	48	71	0	3408	1920	1080
FRAME	1540900115668	16	2	19216800000603	601	996	120	72	59	0	4248	1920	1080
FRAME	1540900115996	10	1	19216800000603	800	1356	37	37	55	0	2035	1920	1080
FRAME	1540900115996	14	1	19216800000603	803	1459	391	50	102	0	5100	1920	1080
FRAME	1540900115996	15	1	19216800000603	904	1580	444	45	70	0	3150	1920	1080
FRAME	1540900115996	16	2	19216800000603	601	996	120	72	59	0	4248	1920	1080
FRAME	1540900116737	10	1	19216800000603	800	1356	37	37	55	0	2035	1920	1080
FRAME	1540900116737	14	1	19216800000603	803	1459	391	50	102	0	5100	1920	1080
FRAME	1540900116737	15	1	19216800000603	904	1571	438	44	69	0	3036	1920	1080
FRAME	1540900116737	16	2	19216800000603	601	996	120	72	59	0	4248	1920	1080
FRAME	1540900116737	17	1	19216800000603	803	1444	404	33	66	0	2178	1920	1080
FRAME	1540900117160	10	1	19216800000603	800	1356	37	37	55	0	2035	1920	1080
FRAME	1540900117160	14	1	19216800000603	803	1459	391	50	102	0	5100	1920	1080
FRAME	1540900117160	15	1	19216800000603	904	1571	438	44	69	0	3036	1920	1080
FRAME	1540900117160	16	2	19216800000603	601	996	120	72	59	0	4248	1920	1080
FRAME	1540900117160	17	1	19216800000603	803	1437	390	32	72	0	2304	1920	1080
FRAME	1540900117756	10	1	19216800000603	800	1356	37	37	55	0	2035	1920	1080
FRAME	1540900117756	15	1	19216800000603	903	1567	430	55	77	0	4235	1920	1080
FRAME	1540900117756	17	1	19216800000603	803	1427	384	31	77	0	2387	1920	1080
FRAME	1540900118236	10	1	19216800000603	800	1356	38	37	56	0	2072	1920	1080
FRAME	1540900118236	15	1	19216800000603	903	1560	415	64	83	0	5312	1920	1080
FRAME	1540900118236	17	1	19216800000603	803	1427	384	31	77	0	2387	1920	1080
FRAME	1540900118807	10	1	19216800000603	800	1356	38	37	59	0	2183	1920	1080
FRAME	1540900118807	15	1	19216800000603	903	1549	404	59	79	0	4661	1920	1080
FRAME	1540900118807	17	1	19216800000603	803	1427	384	31	77	0	2387	1920	1080
FRAME	1540900118807	18	2	19216800000603	507	940	770	177	255	0	45135	1920	1080
FRAME	1540900119493	10	1	19216800000603	800	1356	38	37	57	0	2109	1920	1080
FRAME	1540900119493	15	1	19216800000603	903	1545	398	60	77	0	4620	1920	1080
FRAME	1540900119493	17	1	19216800000603	803	1427	384	31	77	0	2387	1920	1080
FRAME	1540900119493	18	2	19216800000603	505	931	625	167	222	0	37074	1920	1080
FRAME	1540900119906	10	1	19216800000603	800	1356	38	37	56	0	2072	1920	1080
FRAME	1540900119906	15	1	19216800000603	903	1545	398	60	77	0	4620	1920	1080
FRAME	1540900119906	18	2	19216800000603	505	931	625	167	222	0	37074	1920	1080
FRAME	1540900120176	10	1	19216800000603	800	1356	37	37	55	0	2035	1920	1080
FRAME	1540900120176	15	1	19216800000603	903	1545	398	60	77	0	4620	1920	1080
FRAME	1540900120176	18	2	19216800000603	505	931	625	167	222	0	37074	1920	1080
FRAME	1540900120654	10	1	19216800000603	800	1356	37	37	55	0	2035	1920	1080
FRAME	1540900120654	15	1	19216800000603	903	1545	398	60	77	0	4620	1920	1080
FRAME	1540900120654	18	2	19216800000603	505	931	625	167	222	0	37074	1920	1080
FRAME	1540900121231	10	1	19216800000603	800	1356	37	37	55	0	2035	1920	1080
FRAME	1540900121628	10	1	19216800000603	800	1358	37	34	55	0	1870	1920	1080
FRAME	1540900121940	10	1	19216800000603	800	1360	37	32	55	0	1760	1920	1080
FRAME	1540900122589	10	1	19216800000603	800	1360	37	32	55	0	1760	1920	1080
FRAME	1540900122589	19	2	19216800000603	303	384	415	222	159	0	35298	1920	1080
FRAME	1540900122589	20	2	19216800000603	502	915	228	78	85	0	6630	1920	1080
FRAME	1540900122857	10	1	19216800000603	800	1360	37	31	55	0	1705	1920	1080
FRAME	1540900122857	19	2	19216800000603	204	327	451	243	162	0	39366	1920	1080
FRAME	1540900122857	20	2	19216800000603	501	913	193	75	80	0	6000	1920	1080
FRAME	1540900123274	10	1	19216800000603	800	1358	37	34	55	0	1870	1920	1080
FRAME	1540900123274	19	2	19216800000603	204	257	490	260	167	0	43420	1920	1080
FRAME	1540900123274	20	2	19216800000603	501	912	154	74	76	0	5624	1920	1080
FRAME	1540900123653	10	1	19216800000603	800	1355	37	35	55	0	1925	1920	1080
FRAME	1540900123653	19	2	19216800000603	204	211	510	280	166	0	46480	1920	1080
FRAME	1540900123653	20	2	19216800000603	501	911	141	73	72	0	5256	1920	1080
FRAME	1540900123934	10	1	19216800000603	800	1355	37	36	55	0	1980	1920	1080
FRAME	1540900123934	19	2	19216800000603	104	178	518	290	169	0	49010	1920	1080
FRAME	1540900123934	20	2	19216800000603	501	914	140	70	68	0	4760	1920	1080
FRAME	1540900124212	10	1	19216800000603	800	1356	37	36	55	0	1980	1920	1080
FRAME	1540900124212	19	2	19216800000603	104	160	521	295	174	0	51330	1920	1080
FRAME	1540900124212	20	2	19216800000603	501	917	139	68	65	0	4420	1920	1080
FRAME	1540900124437	10	1	19216800000603	800	1356	37	36	55	0	1980	1920	1080
FRAME	1540900124437	19	2	19216800000603	104	160	521	295	174	0	51330	1920	1080
FRAME	1540900124437	20	2	19216800000603	501	917	139	68	65	0	4420	1920	1080
FRAME	1540900124729	10	1	19216800000603	800	1356	37	36	55	0	1980	1920	1080
FRAME	1540900124729	19	2	19216800000603	104	160	521	295	174	0	51330	1920	1080
FRAME	1540900124729	20	2	19216800000603	501	917	139	68	65	0	4420	1920	1080
FRAME	1540900125796	10	1	19216800000603	800	1356	37	36	55	0	1980	1920	1080
FRAME	1540900125796	19	2	19216800000603	104	160	521	295	174	0	51330	1920	1080
FRAME	1540900125796	20	2	19216800000603	501	917	139	68	65	0	4420	1920	1080
FRAME	1540900125796	21	2	19216800000603	704	1228	483	189	143	0	27027	1920	1080
FRAME	1540900125796	22	2	19216800000603	606	1023	752	312	400	0	124800	1920	1080
FRAME	1540900126673	21	2	19216800000603	704	1228	483	189	143	0	27027	1920	1080
FRAME	1540900126673	23	2	19216800000603	500	922	77	121	134	0	16214	1920	1080
FRAME	1540900126673	22	2	19216800000603	605	1011	630	285	383	0	109155	1920	1080
FRAME	1540900126673	24	1	19216800000603	905	1687	613	70	107	0	7490	1920	1080
FRAME	1540900127279	21	2	19216800000603	704	1228	483	189	143	0	27027	1920	1080
FRAME	1540900127279	23	2	19216800000603	500	922	77	121	134	0	16214	1920	1080
FRAME	1540900127279	22	2	19216800000603	605	1011	630	285	383	0	109155	1920	1080
FRAME	1540900127279	24	1	19216800000603	905	1669	587	68	104	0	7072	1920	1080
FRAME	1540900127279	25	2	19216800000603	805	1345	647	213	184	0	39192	1920	1080
FRAME	1540900127834	21	2	19216800000603	704	1228	483	189	143	0	27027	1920	1080
FRAME	1540900127834	23	2	19216800000603	500	922	77	121	134	0	16214	1920	1080
FRAME	1540900127834	22	2	19216800000603	605	1011	630	285	383	0	109155	1920	1080
FRAME	1540900127834	24	1	19216800000603	905	1646	569	64	103	0	6592	1920	1080
FRAME	1540900127834	25	2	19216800000603	704	1271	501	197	168	0	33096	1920	1080
FRAME	1540900127834	26	2	19216800000603	702	1165	321	111	105	0	11655	1920	1080
FRAME	1540900128500	21	2	19216800000603	704	1239	469	182	138	0	25116	1920	1080
FRAME	1540900128500	23	2	19216800000603	500	922	77	121	134	0	16214	1920	1080
FRAME	1540900128500	22	2	19216800000603	605	1011	630	285	383	0	109155	1920	1080
FRAME	1540900128500	24	1	19216800000603	905	1636	563	62	99	0	6138	1920	1080
FRAME	1540900128500	25	2	19216800000603	703	1231	417	168	150	0	25200	1920	1080
FRAME	1540900128500	26	2	19216800000603	702	1152	285	110	98	0	10780	1920	1080
FRAME	1540900129417	21	2	19216800000603	704	1239	469	182	138	0	25116	1920	1080
FRAME	1540900129417	22	2	19216800000603	603	967	340	230	285	0	65550	1920	1080
FRAME	1540900129417	24	1	19216800000603	905	1635	559	58	100	0	5800	1920	1080
FRAME	1540900129417	25	2	19216800000603	703	1237	415	153	133	0	20349	1920	1080
FRAME	1540900129417	26	2	19216800000603	602	1139	253	109	95	0	10355	1920	1080
FRAME	1540900129417	27	2	19216800000603	501	912	120	72	65	0	4680	1920	1080
FRAME	1540900129894	21	2	19216800000603	704	1239	469	182	138	0	25116	1920	1080
FRAME	1540900129894	22	2	19216800000603	500	911	46	184	244	0	44896	1920	1080
FRAME	1540900129894	24	1	19216800000603	905	1627	551	53	103	0	5459	1920	1080
FRAME	1540900129894	25	2	19216800000603	703	1232	407	137	128	0	17536	1920	1080
FRAME	1540900129894	26	2	19216800000603	602	1139	253	109	95	0	10355	1920	1080
FRAME	1540900129894	27	2	19216800000603	501	912	120	72	65	0	4680	1920	1080
FRAME	1540900130477	21	2	19216800000603	704	1239	469	182	138	0	25116	1920	1080
FRAME	1540900130477	22	2	19216800000603	500	911	46	184	244	0	44896	1920	1080
FRAME	1540900130477	24	1	19216800000603	905	1615	541	54	106	0	5724	1920	1080
FRAME	1540900130477	25	2	19216800000603	703	1206	361	132	118	0	15576	1920	1080
FRAME	1540900130477	26	2	19216800000603	602	1121	221	100	87	0	8700	1920	1080
FRAME	1540900130477	27	2	19216800000603	501	912	120	72	65	0	4680	1920	1080
FRAME	1540900130994	22	2	19216800000603	500	911	46	184	244	0	44896	1920	1080
FRAME	1540900130994	24	1	19216800000603	904	1606	533	57	102	0	5814	1920	1080
FRAME	1540900130994	25	2	19216800000603	702	1187	319	123	108	0	13284	1920	1080
FRAME	1540900130994	26	2	19216800000603	601	1095	182	95	83	0	7885	1920	1080
FRAME	1540900130994	27	2	19216800000603	501	912	120	72	65	0	4680	1920	1080
FRAME	1540900131779	22	2	19216800000603	500	911	46	184	244	0	44896	1920	1080
FRAME	1540900131779	24	1	19216800000603	904	1603	525	56	104	0	5824	1920	1080
FRAME	1540900131779	25	2	19216800000603	702	1175	285	116	105	0	12180	1920	1080
FRAME	1540900131779	26	2	19216800000603	601	1079	154	87	77	0	6699	1920	1080
FRAME	1540900132475	24	1	19216800000603	904	1599	516	52	101	0	5252	1920	1080
FRAME	1540900132475	25	2	19216800000603	702	1161	258	112	92	0	10304	1920	1080
FRAME	1540900132475	26	2	19216800000603	601	1077	139	86	73	0	6278	1920	1080
FRAME	1540900132475	28	2	19216800000603	500	922	101	129	159	0	20511	1920	1080
FRAME	1540900133021	24	1	19216800000603	904	1591	506	56	100	0	5600	1920	1080
FRAME	1540900133021	25	2	19216800000603	602	1143	229	107	82	0	8774	1920	1080
FRAME	1540900133021	26	2	19216800000603	601	1072	124	76	67	0	5092	1920	1080
FRAME	1540900133021	28	2	19216800000603	500	922	101	129	159	0	20511	1920	1080
FRAME	1540900133655	24	1	19216800000603	904	1583	493	58	92	0	5336	1920	1080
FRAME	1540900133655	25	2	19216800000603	601	1133	195	102	78	0	7956	1920	1080
FRAME	1540900133655	26	2	19216800000603	600	1059	104	71	61	0	4331	1920	1080
FRAME	1540900133655	28	2	19216800000603	500	922	101	129	159	0	20511	1920	1080
FRAME	1540900134282	24	1	19216800000603	904	1576	484	56	94	0	5264	1920	1080
FRAME	1540900134282	25	2	19216800000603	601	1128	173	102	75	0	7650	1920	1080
FRAME	1540900134282	26	2	19216800000603	600	1052	87	72	59	0	4248	1920	1080
FRAME	1540900134282	28	2	19216800000603	500	922	101	129	159	0	20511	1920	1080
FRAME	1540900134282	29	2	19216800000603	500	912	40	117	83	0	9711	1920	1080
FRAME	1540900134731	24	1	19216800000603	904	1570	481	52	93	0	4836	1920	1080
FRAME	1540900134731	25	2	19216800000603	601	1120	168	96	68	0	6528	1920	1080
FRAME	1540900134731	26	2	19216800000603	600	1048	75	69	52	0	3588	1920	1080
FRAME	1540900134731	29	2	19216800000603	500	912	40	117	83	0	9711	1920	1080
FRAME	1540900135402	24	1	19216800000603	904	1566	478	56	89	0	4984	1920	1080
FRAME	1540900135402	25	2	19216800000603	601	1111	161	96	65	0	6240	1920	1080
FRAME	1540900135402	26	2	19216800000603	600	1046	67	68	52	0	3536	1920	1080
FRAME	1540900135402	29	2	19216800000603	500	912	40	117	83	0	9711	1920	1080
FRAME	1540900135402	30	2	19216800000603	503	822	403	264	431	0	113784	1920	1080
