FRAME	1540899751104	1785	2	19216800000600	802	1524	246	133	78	0	10374	1920	1080
FRAME	1540899751104	1787	1	19216800000600	603	1115	416	53	112	0	5936	1920	1080
FRAME	1540899751104	1790	2	19216800000600	601	993	183	136	52	0	7072	1920	1080
FRAME	1540899751104	1791	2	19216800000600	801	1445	116	109	30	0	3270	1920	1080
FRAME	1540899751104	1793	2	19216800000600	401	696	214	168	70	0	11760	1920	1080
FRAME	1540899751157	408	2	19216800000602	702	455	138	37	57	0	2109	704	576
FRAME	1540899751157	525	2	19216800000602	601	376	62	23	31	0	713	704	576
FRAME	1540899751157	527	1	19216800000602	502	338	120	15	38	0	570	704	576
FRAME	1540899751157	531	1	19216800000602	503	295	203	17	67	0	1139	704	576
FRAME	1540899751157	534	1	19216800000602	703	470	200	17	64	0	1088	704	576
FRAME	1540899751157	532	1	19216800000602	708	433	499	41	119	0	4879	704	576
FRAME	1540899751540	1785	2	19216800000600	802	1524	248	133	76	0	10108	1920	1080
FRAME	1540899751540	1787	1	19216800000600	703	1156	398	45	93	0	4185	1920	1080
FRAME	1540899751540	1790	2	19216800000600	501	877	195	143	53	0	7579	1920	1080
FRAME	1540899751540	1791	2	19216800000600	801	1445	116	109	30	0	3270	1920	1080
FRAME	1540899751540	1793	2	19216800000600	302	487	242	195	76	0	14820	1920	1080
FRAME	1540899751845	408	2	19216800000602	702	454	137	39	58	0	2262	704	576
FRAME	1540899751848	1785	2	19216800000600	802	1524	244	133	75	0	9975	1920	1080
FRAME	1540899751845	525	2	19216800000602	601	377	62	23	31	0	713	704	576
FRAME	1540899751848	1787	1	19216800000600	703	1156	398	45	93	0	4185	1920	1080
FRAME	1540899751845	527	1	19216800000602	502	339	117	14	35	0	490	704	576
FRAME	1540899751848	1790	2	19216800000600	401	763	209	156	57	0	8892	1920	1080
FRAME	1540899751845	531	1	19216800000602	503	295	203	17	67	0	1139	704	576
FRAME	1540899751848	1793	2	19216800000600	202	271	267	215	80	0	17200	1920	1080
FRAME	1540899751845	534	1	19216800000602	703	470	208	18	66	0	1188	704	576
FRAME	1540899751845	532	1	19216800000602	608	387	488	42	119	0	4998	704	576
FRAME	1540899751845	535	2	19216800000602	600	399	49	20	24	0	480	704	576
FRAME	1540899752175	1785	2	19216800000600	802	1524	241	133	75	0	9975	1920	1080
FRAME	1540899752175	1787	1	19216800000600	703	1196	392	56	128	0	7168	1920	1080
FRAME	1540899752175	1790	2	19216800000600	402	688	218	165	59	0	9735	1920	1080
FRAME	1540899752175	1793	2	19216800000600	102	152	274	210	82	0	17220	1920	1080
FRAME	1540899752343	408	2	19216800000602	702	453	134	40	59	0	2360	704	576
FRAME	1540899752343	525	2	19216800000602	601	377	60	24	31	0	744	704	576
FRAME	1540899752343	527	1	19216800000602	501	341	113	13	37	0	481	704	576
FRAME	1540899752343	531	1	19216800000602	503	299	193	16	63	0	1008	704	576
FRAME	1540899752343	534	1	19216800000602	703	471	215	17	67	0	1139	704	576
FRAME	1540899752343	532	1	19216800000602	508	340	485	47	136	0	6392	704	576
FRAME	1540899752343	535	2	19216800000602	600	401	52	21	25	0	525	704	576
FRAME	1540899752826	1785	2	19216800000600	802	1524	242	133	75	0	9975	1920	1080
FRAME	1540899752826	1787	1	19216800000600	703	1219	398	52	120	0	6240	1920	1080
FRAME	1540899752826	1790	2	19216800000600	402	624	226	179	64	0	11456	1920	1080
FRAME	1540899752826	1793	2	19216800000600	102	152	274	210	82	0	17220	1920	1080
FRAME	1540899753162	1785	2	19216800000600	802	1524	244	133	75	0	9975	1920	1080
FRAME	1540899753162	1787	1	19216800000600	703	1227	392	56	116	0	6496	1920	1080
FRAME	1540899753162	1790	2	19216800000600	302	531	237	201	68	0	13668	1920	1080
FRAME	1540899753162	1793	2	19216800000600	102	152	274	210	82	0	17220	1920	1080
FRAME	1540899753263	408	2	19216800000602	702	453	132	40	59	0	2360	704	576
FRAME	1540899753263	525	2	19216800000602	601	375	59	24	31	0	744	704	576
FRAME	1540899753263	527	1	19216800000602	501	344	109	12	37	0	444	704	576
FRAME	1540899753263	531	1	19216800000602	503	304	175	16	61	0	976	704	576
FRAME	1540899753263	534	1	19216800000602	703	475	220	19	70	0	1330	704	576
FRAME	1540899753263	532	1	19216800000602	508	316	486	46	133	0	6118	704	576
FRAME	1540899753263	535	2	19216800000602	600	402	52	22	25	0	550	704	576
FRAME	1540899753263	536	2	19216800000602	600	376	32	16	18	0	288	704	576
FRAME	1540899753526	1785	2	19216800000600	802	1524	244	133	75	0	9975	1920	1080
FRAME	1540899753526	1787	1	19216800000600	703	1235	375	55	107	0	5885	1920	1080
FRAME	1540899753526	1790	2	19216800000600	302	410	250	224	71	0	15904	1920	1080
FRAME	1540899753526	1793	2	19216800000600	102	152	274	210	82	0	17220	1920	1080
FRAME	1540899753907	408	2	19216800000602	702	453	133	40	60	0	2400	704	576
FRAME	1540899753907	525	2	19216800000602	601	374	60	24	31	0	744	704	576
FRAME	1540899753907	527	1	19216800000602	501	345	108	12	38	0	456	704	576
FRAME	1540899753907	531	1	19216800000602	502	306	170	16	60	0	960	704	576
FRAME	1540899753907	534	1	19216800000602	703	477	222	19	69	0	1311	704	576
FRAME	1540899753907	532	1	19216800000602	508	296	478	46	136	0	6256	704	576
FRAME	1540899753907	535	2	19216800000602	600	404	51	22	26	0	572	704	576
FRAME	1540899753907	536	2	19216800000602	600	376	32	16	18	0	288	704	576
FRAME	1540899753952	1785	2	19216800000600	802	1524	243	133	75	0	9975	1920	1080
FRAME	1540899753952	1787	1	19216800000600	703	1243	362	55	106	0	5830	1920	1080
FRAME	1540899753952	1790	2	19216800000600	202	314	260	241	76	0	18316	1920	1080
FRAME	1540899754338	1785	2	19216800000600	802	1524	243	133	75	0	9975	1920	1080
FRAME	1540899754338	1787	1	19216800000600	703	1243	362	55	106	0	5830	1920	1080
FRAME	1540899754338	1790	2	19216800000600	202	203	271	247	75	0	18525	1920	1080
FRAME	1540899754657	408	2	19216800000602	702	453	135	40	61	0	2440	704	576
FRAME	1540899754657	525	2	19216800000602	601	375	61	24	31	0	744	704	576
FRAME	1540899754657	527	1	19216800000602	501	345	109	12	36	0	432	704	576
FRAME	1540899754657	531	1	19216800000602	502	306	170	16	60	0	960	704	576
FRAME	1540899754657	534	1	19216800000602	703	476	222	20	73	0	1460	704	576
FRAME	1540899754657	532	1	19216800000602	407	261	455	44	119	0	5236	704	576
FRAME	1540899754657	535	2	19216800000602	600	408	52	23	29	0	667	704	576
FRAME	1540899754657	536	2	19216800000602	600	374	32	15	19	0	285	704	576
FRAME	1540899754788	1785	2	19216800000600	802	1524	243	133	75	0	9975	1920	1080
FRAME	1540899754788	1787	1	19216800000600	703	1243	362	55	106	0	5830	1920	1080
FRAME	1540899754788	1790	2	19216800000600	202	203	271	247	75	0	18525	1920	1080
FRAME	1540899755289	1785	2	19216800000600	802	1524	243	133	75	0	9975	1920	1080
FRAME	1540899755289	1787	1	19216800000600	703	1275	361	58	104	0	6032	1920	1080
FRAME	1540899755289	1790	2	19216800000600	202	203	271	247	75	0	18525	1920	1080
FRAME	1540899755353	408	2	19216800000602	702	453	136	40	61	0	2440	704	576
FRAME	1540899755353	525	2	19216800000602	601	376	61	24	31	0	744	704	576
FRAME	1540899755353	527	1	19216800000602	501	343	109	12	36	0	432	704	576
FRAME	1540899755353	531	1	19216800000602	502	306	170	16	60	0	960	704	576
FRAME	1540899755353	534	1	19216800000602	703	477	225	21	74	0	1554	704	576
FRAME	1540899755353	532	1	19216800000602	407	231	426	38	105	0	3990	704	576
FRAME	1540899755353	535	2	19216800000602	600	411	54	23	31	0	713	704	576
FRAME	1540899755353	536	2	19216800000602	600	373	34	15	19	0	285	704	576
FRAME	1540899755541	1785	2	19216800000600	802	1524	243	133	75	0	9975	1920	1080
FRAME	1540899755541	1787	1	19216800000600	703	1324	361	59	106	0	6254	1920	1080
FRAME	1540899755541	1790	2	19216800000600	202	203	271	247	75	0	18525	1920	1080
FRAME	1540899755884	408	2	19216800000602	702	453	135	40	61	0	2440	704	576
FRAME	1540899755884	525	2	19216800000602	601	376	60	24	31	0	744	704	576
FRAME	1540899755884	527	1	19216800000602	501	342	107	12	35	0	420	704	576
FRAME	1540899755884	531	1	19216800000602	502	306	170	16	60	0	960	704	576
FRAME	1540899755884	534	1	19216800000602	704	481	231	23	76	0	1748	704	576
FRAME	1540899755884	532	1	19216800000602	407	221	412	35	99	0	3465	704	576
FRAME	1540899755884	535	2	19216800000602	600	411	54	23	33	0	759	704	576
FRAME	1540899755884	536	2	19216800000602	600	374	35	15	20	0	300	704	576
FRAME	1540899755911	1785	2	19216800000600	802	1524	242	133	78	0	10374	1920	1080
FRAME	1540899755911	1787	1	19216800000600	703	1343	359	63	106	0	6678	1920	1080
FRAME	1540899756455	1785	2	19216800000600	802	1524	242	133	76	0	10108	1920	1080
FRAME	1540899756455	1787	1	19216800000600	703	1343	359	63	106	0	6678	1920	1080
FRAME	1540899756455	1794	2	19216800000600	1000	1776	96	69	34	0	2346	1920	1080
FRAME	1540899756871	408	2	19216800000602	702	453	134	40	61	0	2440	704	576
FRAME	1540899756871	525	2	19216800000602	601	374	60	25	31	0	775	704	576
FRAME	1540899756871	527	1	19216800000602	501	344	107	12	37	0	444	704	576
FRAME	1540899756871	534	1	19216800000602	704	483	237	23	78	0	1794	704	576
FRAME	1540899756871	532	1	19216800000602	407	221	418	32	101	0	3232	704	576
FRAME	1540899756871	535	2	19216800000602	600	410	56	22	33	0	726	704	576
FRAME	1540899756871	536	2	19216800000602	600	375	34	15	20	0	300	704	576
FRAME	1540899756978	1785	2	19216800000600	802	1524	243	133	79	0	10507	1920	1080
FRAME	1540899756978	1787	1	19216800000600	703	1343	359	63	106	0	6678	1920	1080
FRAME	1540899756978	1794	2	19216800000600	1001	1751	110	74	38	0	2812	1920	1080
FRAME	1540899757303	1785	2	19216800000600	802	1524	241	133	80	0	10640	1920	1080
FRAME	1540899757303	1787	1	19216800000600	703	1343	359	63	106	0	6678	1920	1080
FRAME	1540899757303	1794	2	19216800000600	1001	1759	128	73	36	0	2628	1920	1080
FRAME	1540899757435	408	2	19216800000602	702	453	135	41	60	0	2460	704	576
FRAME	1540899757435	525	2	19216800000602	601	374	60	26	30	0	780	704	576
FRAME	1540899757435	527	1	19216800000602	501	344	107	12	37	0	444	704	576
FRAME	1540899757435	534	1	19216800000602	704	484	240	25	81	0	2025	704	576
FRAME	1540899757435	532	1	19216800000602	407	213	418	28	98	0	2744	704	576
FRAME	1540899757435	535	2	19216800000602	601	409	62	22	36	0	792	704	576
FRAME	1540899757435	536	2	19216800000602	600	376	33	17	19	0	323	704	576
FRAME	1540899757867	1785	2	19216800000600	802	1524	241	133	76	0	10108	1920	1080
FRAME	1540899757867	1794	2	19216800000600	1001	1789	135	79	37	0	2923	1920	1080
FRAME	1540899757867	1795	2	19216800000600	901	1678	113	75	36	0	2700	1920	1080
FRAME	1540899758174	1785	2	19216800000600	802	1524	244	133	75	0	9975	1920	1080
FRAME	1540899758174	1794	2	19216800000600	1001	1810	129	82	37	0	3034	1920	1080
FRAME	1540899758174	1795	2	19216800000600	901	1636	113	98	49	0	4802	1920	1080
FRAME	1540899758316	408	2	19216800000602	702	455	136	42	60	0	2520	704	576
FRAME	1540899758316	525	2	19216800000602	601	373	60	25	30	0	750	704	576
FRAME	1540899758316	527	1	19216800000602	501	344	107	12	37	0	444	704	576
FRAME	1540899758316	534	1	19216800000602	704	486	242	25	82	0	2050	704	576
FRAME	1540899758316	532	1	19216800000602	307	202	402	26	94	0	2444	704	576
FRAME	1540899758316	535	2	19216800000602	601	409	64	24	41	0	984	704	576
FRAME	1540899758316	536	2	19216800000602	600	377	34	18	19	0	342	704	576
FRAME	1540899758552	1785	2	19216800000600	802	1523	242	136	77	0	10472	1920	1080
FRAME	1540899758552	1794	2	19216800000600	1001	1810	129	82	37	0	3034	1920	1080
FRAME	1540899758552	1795	2	19216800000600	901	1636	113	98	49	0	4802	1920	1080
FRAME	1540899758796	408	2	19216800000602	702	454	137	42	60	0	2520	704	576
FRAME	1540899758796	525	2	19216800000602	601	374	60	26	30	0	780	704	576
FRAME	1540899758796	527	1	19216800000602	501	344	107	12	37	0	444	704	576
FRAME	1540899758796	534	1	19216800000602	704	487	246	26	80	0	2080	704	576
FRAME	1540899758796	532	1	19216800000602	306	202	387	24	99	0	2376	704	576
FRAME	1540899758796	535	2	19216800000602	601	408	65	23	39	0	897	704	576
FRAME	1540899758796	536	2	19216800000602	600	377	35	19	20	0	380	704	576
FRAME	1540899759183	408	2	19216800000602	702	452	137	44	60	0	2640	704	576
FRAME	1540899759183	525	2	19216800000602	601	375	60	26	30	0	780	704	576
FRAME	1540899759183	527	1	19216800000602	501	344	108	12	37	0	444	704	576
FRAME	1540899759183	534	1	19216800000602	704	487	254	26	82	0	2132	704	576
FRAME	1540899759183	532	1	19216800000602	406	212	381	22	97	0	2134	704	576
FRAME	1540899759183	535	2	19216800000602	601	407	68	27	39	0	1053	704	576
FRAME	1540899759183	536	2	19216800000602	600	378	34	19	19	0	361	704	576
FRAME	1540899759537	1785	2	19216800000600	802	1522	238	134	78	0	10452	1920	1080
FRAME	1540899759537	1794	2	19216800000600	1001	1810	129	82	37	0	3034	1920	1080
FRAME	1540899759537	1795	2	19216800000600	901	1553	114	106	57	0	6042	1920	1080
FRAME	1540899759537	1796	1	19216800000600	803	1522	343	50	92	0	4600	1920	1080
FRAME	1540899759537	1797	2	19216800000600	901	1564	112	129	63	0	8127	1920	1080
FRAME	1540899759537	1798	2	19216800000600	601	970	144	219	152	0	33288	1920	1080
FRAME	1540899759760	408	2	19216800000602	702	451	135	43	61	0	2623	704	576
FRAME	1540899759760	525	2	19216800000602	601	375	60	26	30	0	780	704	576
FRAME	1540899759760	527	1	19216800000602	502	333	122	15	48	0	720	704	576
FRAME	1540899759760	534	1	19216800000602	704	486	257	25	81	0	2025	704	576
FRAME	1540899759760	532	1	19216800000602	406	222	379	23	95	0	2185	704	576
FRAME	1540899759760	535	2	19216800000602	601	407	70	29	39	0	1131	704	576
FRAME	1540899759760	536	2	19216800000602	600	380	34	17	19	0	323	704	576
FRAME	1540899759848	1785	2	19216800000600	802	1523	240	133	78	0	10374	1920	1080
FRAME	1540899759848	1794	2	19216800000600	1001	1804	122	77	31	0	2387	1920	1080
FRAME	1540899759848	1795	2	19216800000600	801	1427	122	125	66	0	8250	1920	1080
FRAME	1540899759848	1796	1	19216800000600	903	1556	335	52	90	0	4680	1920	1080
FRAME	1540899759848	1797	2	19216800000600	901	1564	112	129	63	0	8127	1920	1080
FRAME	1540899759848	1798	2	19216800000600	601	970	144	219	152	0	33288	1920	1080
FRAME	1540899760153	408	2	19216800000602	702	452	134	43	58	0	2494	704	576
FRAME	1540899760153	525	2	19216800000602	601	374	60	26	30	0	780	704	576
FRAME	1540899760153	527	1	19216800000602	502	333	122	15	48	0	720	704	576
FRAME	1540899760153	534	1	19216800000602	704	488	257	25	86	0	2150	704	576
FRAME	1540899760153	532	1	19216800000602	406	228	374	24	95	0	2280	704	576
FRAME	1540899760153	535	2	19216800000602	601	405	72	30	40	0	1200	704	576
FRAME	1540899760153	536	2	19216800000602	600	381	34	15	19	0	285	704	576
FRAME	1540899760350	1785	2	19216800000600	802	1525	246	133	78	0	10374	1920	1080
FRAME	1540899760350	1794	2	19216800000600	1001	1785	122	75	29	0	2175	1920	1080
FRAME	1540899760350	1795	2	19216800000600	701	1319	134	132	67	0	8844	1920	1080
FRAME	1540899760350	1796	1	19216800000600	903	1585	324	56	89	0	4984	1920	1080
FRAME	1540899760350	1797	2	19216800000600	901	1564	112	129	63	0	8127	1920	1080
FRAME	1540899760350	1798	2	19216800000600	601	970	144	219	152	0	33288	1920	1080
FRAME	1540899760622	408	2	19216800000602	702	453	133	42	56	0	2352	704	576
FRAME	1540899760622	525	2	19216800000602	601	374	60	26	30	0	780	704	576
FRAME	1540899760622	527	1	19216800000602	502	333	122	15	48	0	720	704	576
FRAME	1540899760622	534	1	19216800000602	804	491	259	23	82	0	1886	704	576
FRAME	1540899760622	532	1	19216800000602	406	231	367	23	95	0	2185	704	576
FRAME	1540899760622	535	2	19216800000602	601	401	74	31	40	0	1240	704	576
FRAME	1540899760622	536	2	19216800000602	600	381	34	14	19	0	266	704	576
FRAME	1540899760991	1785	2	19216800000600	802	1525	248	133	78	0	10374	1920	1080
FRAME	1540899760991	1794	2	19216800000600	1001	1782	127	80	28	0	2240	1920	1080
FRAME	1540899760991	1795	2	19216800000600	701	1319	134	132	67	0	8844	1920	1080
FRAME	1540899760991	1796	1	19216800000600	902	1596	319	58	85	0	4930	1920	1080
FRAME	1540899760991	1797	2	19216800000600	901	1564	112	129	63	0	8127	1920	1080
FRAME	1540899760991	1798	2	19216800000600	601	970	144	219	152	0	33288	1920	1080
FRAME	1540899760991	1799	2	19216800000600	701	1329	132	150	75	0	11250	1920	1080
FRAME	1540899761169	408	2	19216800000602	702	452	129	41	50	0	2050	704	576
FRAME	1540899761169	525	2	19216800000602	601	374	60	26	30	0	780	704	576
FRAME	1540899761169	527	1	19216800000602	502	333	122	15	48	0	720	704	576
FRAME	1540899761169	534	1	19216800000602	804	492	263	22	81	0	1782	704	576
FRAME	1540899761169	532	1	19216800000602	406	236	357	25	88	0	2200	704	576
FRAME	1540899761169	535	2	19216800000602	601	401	76	30	41	0	1230	704	576
FRAME	1540899761169	536	2	19216800000602	600	381	34	14	19	0	266	704	576
FRAME	1540899761771	1785	2	19216800000600	802	1524	246	133	78	0	10374	1920	1080
FRAME	1540899761771	1794	2	19216800000600	1001	1796	131	82	28	0	2296	1920	1080
FRAME	1540899761771	1795	2	19216800000600	701	1319	134	132	67	0	8844	1920	1080
FRAME	1540899761771	1796	1	19216800000600	902	1600	318	56	83	0	4648	1920	1080
FRAME	1540899761771	1799	2	19216800000600	701	1254	141	150	78	0	11700	1920	1080
FRAME	1540899761787	408	2	19216800000602	702	453	123	39	46	0	1794	704	576
FRAME	1540899761787	525	2	19216800000602	601	374	60	26	30	0	780	704	576
FRAME	1540899761787	534	1	19216800000602	804	493	268	24	86	0	2064	704	576
FRAME	1540899761787	532	1	19216800000602	406	242	349	26	88	0	2288	704	576
FRAME	1540899761787	535	2	19216800000602	601	402	79	30	41	0	1230	704	576
FRAME	1540899761787	536	2	19216800000602	600	380	34	15	19	0	285	704	576
FRAME	1540899762349	408	2	19216800000602	702	455	121	38	45	0	1710	704	576
FRAME	1540899762349	525	2	19216800000602	601	375	60	28	30	0	840	704	576
FRAME	1540899762349	534	1	19216800000602	804	498	276	24	94	0	2256	704	576
FRAME	1540899762349	532	1	19216800000602	406	247	342	23	78	0	1794	704	576
FRAME	1540899762349	535	2	19216800000602	601	402	80	30	41	0	1230	704	576
FRAME	1540899762349	536	2	19216800000602	600	379	34	15	19	0	285	704	576
FRAME	1540899762506	1785	2	19216800000600	802	1524	244	133	78	0	10374	1920	1080
FRAME	1540899762506	1794	2	19216800000600	1001	1810	129	89	35	0	3115	1920	1080
FRAME	1540899762506	1795	2	19216800000600	701	1319	134	132	67	0	8844	1920	1080
FRAME	1540899762506	1796	1	19216800000600	902	1609	314	58	87	0	5046	1920	1080
FRAME	1540899762506	1800	2	19216800000600	401	579	187	318	179	0	56922	1920	1080
FRAME	1540899762506	1799	2	19216800000600	601	1146	150	153	81	0	12393	1920	1080
FRAME	1540899762730	408	2	19216800000602	702	455	130	37	50	0	1850	704	576
FRAME	1540899762730	525	2	19216800000602	601	376	60	29	30	0	870	704	576
FRAME	1540899762730	534	1	19216800000602	804	503	284	25	93	0	2325	704	576
FRAME	1540899762730	532	1	19216800000602	405	251	334	22	79	0	1738	704	576
FRAME	1540899762730	535	2	19216800000602	601	399	82	31	42	0	1302	704	576
FRAME	1540899762730	536	2	19216800000602	600	380	34	18	19	0	342	704	576
FRAME	1540899763020	1785	2	19216800000600	802	1524	242	133	80	0	10640	1920	1080
FRAME	1540899763020	1794	2	19216800000600	1001	1809	125	90	35	0	3150	1920	1080
FRAME	1540899763020	1796	1	19216800000600	902	1627	306	53	89	0	4717	1920	1080
FRAME	1540899763020	1800	2	19216800000600	202	325	221	357	184	0	65688	1920	1080
FRAME	1540899763020	1799	2	19216800000600	601	1146	150	153	81	0	12393	1920	1080
FRAME	1540899763362	408	2	19216800000602	702	454	140	37	52	0	1924	704	576
FRAME	1540899763362	525	2	19216800000602	601	376	60	28	30	0	840	704	576
FRAME	1540899763362	534	1	19216800000602	805	504	287	26	90	0	2340	704	576
FRAME	1540899763362	532	1	19216800000602	405	250	333	21	83	0	1743	704	576
FRAME	1540899763362	535	2	19216800000602	601	397	86	31	43	0	1333	704	576
FRAME	1540899763362	536	2	19216800000602	600	380	34	19	19	0	361	704	576
FRAME	1540899764022	408	2	19216800000602	702	454	140	37	53	0	1961	704	576
FRAME	1540899764022	525	2	19216800000602	601	374	60	27	30	0	810	704	576
FRAME	1540899764022	534	1	19216800000602	805	503	288	28	91	0	2548	704	576
FRAME	1540899764022	532	1	19216800000602	405	248	330	21	79	0	1659	704	576
FRAME	1540899764022	535	2	19216800000602	601	397	92	30	44	0	1320	704	576
FRAME	1540899764022	536	2	19216800000602	600	381	34	20	21	0	420	704	576
FRAME	1540899764070	1785	2	19216800000600	802	1524	240	133	77	0	10241	1920	1080
FRAME	1540899764070	1794	2	19216800000600	1001	1809	125	90	35	0	3150	1920	1080
FRAME	1540899764070	1796	1	19216800000600	902	1647	304	57	89	0	5073	1920	1080
FRAME	1540899764070	1800	2	19216800000600	202	325	221	357	184	0	65688	1920	1080
FRAME	1540899764070	1799	2	19216800000600	601	1146	150	153	81	0	12393	1920	1080
FRAME	1540899764070	1801	1	19216800000600	106	177	713	114	187	0	21318	1920	1080
FRAME	1540899764070	1802	2	19216800000600	601	990	161	186	100	0	18600	1920	1080
FRAME	1540899764351	408	2	19216800000602	702	454	135	37	55	0	2035	704	576
FRAME	1540899764351	525	2	19216800000602	601	373	60	27	30	0	810	704	576
FRAME	1540899764351	534	1	19216800000602	805	504	293	29	88	0	2552	704	576
FRAME	1540899764351	532	1	19216800000602	405	247	323	21	77	0	1617	704	576
FRAME	1540899764351	535	2	19216800000602	601	398	95	30	46	0	1380	704	576
FRAME	1540899764351	536	2	19216800000602	600	381	35	20	22	0	440	704	576
FRAME	1540899764851	1785	2	19216800000600	802	1524	243	133	76	0	10108	1920	1080
FRAME	1540899764851	1794	2	19216800000600	1001	1795	125	87	35	0	3045	1920	1080
FRAME	1540899764851	1796	1	19216800000600	902	1666	303	53	79	0	4187	1920	1080
FRAME	1540899764851	1800	2	19216800000600	202	325	221	357	184	0	65688	1920	1080
FRAME	1540899764851	1799	2	19216800000600	601	1146	150	153	81	0	12393	1920	1080
FRAME	1540899764851	1801	1	19216800000600	106	177	713	114	187	0	21318	1920	1080
FRAME	1540899764851	1802	2	19216800000600	501	875	174	204	111	0	22644	1920	1080
FRAME	1540899764861	408	2	19216800000602	702	454	131	37	57	0	2109	704	576
FRAME	1540899764861	525	2	19216800000602	601	375	60	26	29	0	754	704	576
FRAME	1540899764861	534	1	19216800000602	805	507	297	28	88	0	2464	704	576
FRAME	1540899764861	532	1	19216800000602	405	245	319	23	77	0	1771	704	576
FRAME	1540899764861	535	2	19216800000602	601	399	97	30	47	0	1410	704	576
FRAME	1540899764861	536	2	19216800000602	600	380	35	20	22	0	440	704	576
FRAME	1540899765270	408	2	19216800000602	702	454	132	39	59	0	2301	704	576
FRAME	1540899765270	525	2	19216800000602	601	376	61	25	28	0	700	704	576
FRAME	1540899765270	534	1	19216800000602	805	506	304	27	88	0	2376	704	576
FRAME	1540899765270	532	1	19216800000602	405	243	314	24	75	0	1800	704	576
FRAME	1540899765270	535	2	19216800000602	601	396	101	31	49	0	1519	704	576
FRAME	1540899765270	536	2	19216800000602	600	380	34	19	22	0	418	704	576
FRAME	1540899765544	1785	2	19216800000600	802	1524	245	133	77	0	10241	1920	1080
FRAME	1540899765544	1794	2	19216800000600	1001	1797	133	92	36	0	3312	1920	1080
FRAME	1540899765544	1796	1	19216800000600	902	1695	297	60	82	0	4920	1920	1080
FRAME	1540899765544	1800	2	19216800000600	202	325	221	357	184	0	65688	1920	1080
FRAME	1540899765544	1801	1	19216800000600	106	177	713	114	187	0	21318	1920	1080
FRAME	1540899765544	1802	2	19216800000600	501	875	174	204	111	0	22644	1920	1080
FRAME	1540899765880	408	2	19216800000602	702	454	135	38	60	0	2280	704	576
FRAME	1540899765880	525	2	19216800000602	601	376	60	25	29	0	725	704	576
FRAME	1540899765880	534	1	19216800000602	805	504	311	27	87	0	2349	704	576
FRAME	1540899765880	532	1	19216800000602	405	245	309	22	76	0	1672	704	576
FRAME	1540899765880	535	2	19216800000602	601	392	106	31	51	0	1581	704	576
FRAME	1540899765880	536	2	19216800000602	600	380	34	19	22	0	418	704	576
FRAME	1540899765880	537	1	19216800000602	309	146	529	53	87	0	4611	704	576
FRAME	1540899766318	408	2	19216800000602	702	455	135	38	59	0	2242	704	576
FRAME	1540899766318	525	2	19216800000602	601	375	59	26	29	0	754	704	576
FRAME	1540899766318	534	1	19216800000602	805	504	319	26	90	0	2340	704	576
FRAME	1540899766318	532	1	19216800000602	405	249	307	19	76	0	1444	704	576
FRAME	1540899766318	535	2	19216800000602	602	391	115	33	52	0	1716	704	576
FRAME	1540899766318	536	2	19216800000602	600	380	34	19	22	0	418	704	576
FRAME	1540899766318	537	1	19216800000602	308	154	512	45	105	0	4725	704	576
FRAME	1540899766465	1785	2	19216800000600	802	1523	246	130	76	0	9880	1920	1080
FRAME	1540899766465	1794	2	19216800000600	1001	1797	133	92	36	0	3312	1920	1080
FRAME	1540899766465	1796	1	19216800000600	902	1721	287	57	77	0	4389	1920	1080
FRAME	1540899766465	1801	1	19216800000600	106	177	713	114	187	0	21318	1920	1080
FRAME	1540899766465	1802	2	19216800000600	501	875	174	204	111	0	22644	1920	1080
FRAME	1540899766465	1803	2	19216800000600	401	705	194	258	124	0	31992	1920	1080
FRAME	1540899766901	408	2	19216800000602	702	456	134	38	60	0	2280	704	576
FRAME	1540899766901	525	2	19216800000602	601	374	59	25	29	0	725	704	576
FRAME	1540899766901	534	1	19216800000602	805	510	332	34	103	0	3502	704	576
FRAME	1540899766901	532	1	19216800000602	405	251	301	19	75	0	1425	704	576
FRAME	1540899766901	535	2	19216800000602	602	392	124	33	55	0	1815	704	576
FRAME	1540899766901	536	2	19216800000602	600	380	34	19	22	0	418	704	576
FRAME	1540899766901	537	1	19216800000602	308	154	512	45	105	0	4725	704	576
FRAME	1540899766901	538	1	19216800000602	306	193	384	46	157	0	7222	704	576
FRAME	1540899766956	1785	2	19216800000600	802	1523	246	130	76	0	9880	1920	1080
FRAME	1540899766956	1794	2	19216800000600	1001	1797	133	92	36	0	3312	1920	1080
FRAME	1540899766956	1796	1	19216800000600	902	1721	287	57	77	0	4389	1920	1080
FRAME	1540899766956	1802	2	19216800000600	501	875	174	204	111	0	22644	1920	1080
FRAME	1540899766956	1803	2	19216800000600	302	432	221	294	137	0	40278	1920	1080
FRAME	1540899767802	408	2	19216800000602	702	456	133	38	61	0	2318	704	576
FRAME	1540899767802	525	2	19216800000602	601	375	59	26	29	0	754	704	576
FRAME	1540899767802	534	1	19216800000602	806	518	344	40	104	0	4160	704	576
FRAME	1540899767802	532	1	19216800000602	405	250	293	19	76	0	1444	704	576
FRAME	1540899767802	535	2	19216800000602	602	392	131	35	57	0	1995	704	576
FRAME	1540899767802	537	1	19216800000602	308	171	476	37	100	0	3700	704	576
FRAME	1540899767802	539	1	19216800000602	703	462	201	18	65	0	1170	704	576
FRAME	1540899767802	538	1	19216800000602	306	193	384	46	157	0	7222	704	576
FRAME	1540899768103	1785	2	19216800000600	802	1522	242	131	75	0	9825	1920	1080
FRAME	1540899768103	1794	2	19216800000600	1001	1797	133	92	36	0	3312	1920	1080
FRAME	1540899768103	1796	1	19216800000600	1002	1745	279	50	71	0	3550	1920	1080
FRAME	1540899768103	1803	2	19216800000600	102	183	247	321	148	0	47508	1920	1080
FRAME	1540899768103	1804	1	19216800000600	305	459	618	78	166	0	12948	1920	1080
FRAME	1540899768246	408	2	19216800000602	702	454	134	39	61	0	2379	704	576
FRAME	1540899768246	525	2	19216800000602	601	375	59	26	29	0	754	704	576
FRAME	1540899768246	534	1	19216800000602	806	523	352	40	104	0	4160	704	576
FRAME	1540899768246	532	1	19216800000602	404	245	284	21	73	0	1533	704	576
FRAME	1540899768246	535	2	19216800000602	602	390	142	40	61	0	2440	704	576
FRAME	1540899768246	537	1	19216800000602	307	184	433	35	96	0	3360	704	576
FRAME	1540899768246	539	1	19216800000602	703	463	211	18	66	0	1188	704	576
FRAME	1540899768246	538	1	19216800000602	306	207	354	47	137	0	6439	704	576
FRAME	1540899768613	1785	2	19216800000600	802	1524	238	132	78	0	10296	1920	1080
FRAME	1540899768613	1796	1	19216800000600	1002	1776	272	46	68	0	3128	1920	1080
FRAME	1540899768613	1803	2	19216800000600	102	183	247	321	148	0	47508	1920	1080
FRAME	1540899768613	1804	1	19216800000600	305	459	618	78	166	0	12948	1920	1080
FRAME	1540899768866	408	2	19216800000602	702	453	135	38	60	0	2280	704	576
FRAME	1540899768866	525	2	19216800000602	601	374	59	26	29	0	754	704	576
FRAME	1540899768866	534	1	19216800000602	806	523	360	41	104	0	4264	704	576
FRAME	1540899768866	532	1	19216800000602	404	240	277	22	70	0	1540	704	576
FRAME	1540899768866	535	2	19216800000602	602	388	153	44	64	0	2816	704	576
FRAME	1540899768866	537	1	19216800000602	307	187	411	34	92	0	3128	704	576
FRAME	1540899768866	539	1	19216800000602	703	467	214	18	67	0	1206	704	576
FRAME	1540899768866	538	1	19216800000602	405	219	319	47	130	0	6110	704	576
FRAME	1540899769458	408	2	19216800000602	702	454	133	38	59	0	2242	704	576
FRAME	1540899769458	525	2	19216800000602	601	374	59	25	29	0	725	704	576
FRAME	1540899769458	534	1	19216800000602	806	521	363	41	104	0	4264	704	576
FRAME	1540899769458	532	1	19216800000602	404	240	276	22	72	0	1584	704	576
FRAME	1540899769458	535	2	19216800000602	602	388	161	46	64	0	2944	704	576
FRAME	1540899769458	537	1	19216800000602	307	186	412	30	95	0	2850	704	576
FRAME	1540899769458	539	1	19216800000602	703	471	217	17	68	0	1156	704	576
FRAME	1540899769458	538	1	19216800000602	405	218	313	46	126	0	5796	704	576
FRAME	1540899769543	1785	2	19216800000600	802	1525	238	132	80	0	10560	1920	1080
FRAME	1540899769543	1796	1	19216800000600	1002	1798	269	44	71	0	3124	1920	1080
FRAME	1540899769543	1803	2	19216800000600	102	183	247	321	148	0	47508	1920	1080
FRAME	1540899769543	1804	1	19216800000600	305	459	618	78	166	0	12948	1920	1080
FRAME	1540899769543	1805	2	19216800000600	801	1366	131	99	36	0	3564	1920	1080
FRAME	1540899769543	1806	1	19216800000600	305	565	580	69	147	0	10143	1920	1080
FRAME	1540899770000	408	2	19216800000602	702	455	132	40	61	0	2440	704	576
FRAME	1540899770000	525	2	19216800000602	601	375	59	25	29	0	725	704	576
FRAME	1540899770000	534	1	19216800000602	806	528	365	42	109	0	4578	704	576
FRAME	1540899770000	532	1	19216800000602	404	242	276	23	73	0	1679	704	576
FRAME	1540899770000	535	2	19216800000602	602	391	168	53	70	0	3710	704	576
FRAME	1540899770000	537	1	19216800000602	307	192	410	30	91	0	2730	704	576
FRAME	1540899770000	539	1	19216800000602	703	472	221	16	67	0	1072	704	576
FRAME	1540899770000	538	1	19216800000602	405	215	322	44	123	0	5412	704	576
FRAME	1540899770265	1785	2	19216800000600	802	1525	243	126	76	0	9576	1920	1080
FRAME	1540899770265	1796	1	19216800000600	1002	1807	272	52	76	0	3952	1920	1080
FRAME	1540899770265	1803	2	19216800000600	102	183	247	321	148	0	47508	1920	1080
FRAME	1540899770265	1804	1	19216800000600	305	459	618	78	166	0	12948	1920	1080
FRAME	1540899770265	1805	2	19216800000600	801	1366	131	99	36	0	3564	1920	1080
FRAME	1540899770265	1806	1	19216800000600	405	604	574	68	151	0	10268	1920	1080
FRAME	1540899770790	1785	2	19216800000600	802	1524	245	129	79	0	10191	1920	1080
FRAME	1540899770790	1796	1	19216800000600	1002	1807	272	52	76	0	3952	1920	1080
FRAME	1540899770790	1805	2	19216800000600	801	1366	131	99	36	0	3564	1920	1080
FRAME	1540899770790	1806	1	19216800000600	405	651	559	64	147	0	9408	1920	1080
FRAME	1540899770916	408	2	19216800000602	702	454	134	40	63	0	2520	704	576
FRAME	1540899770916	525	2	19216800000602	601	376	59	25	29	0	725	704	576
FRAME	1540899770916	534	1	19216800000602	806	536	367	37	108	0	3996	704	576
FRAME	1540899770916	532	1	19216800000602	404	247	272	22	67	0	1474	704	576
FRAME	1540899770916	535	2	19216800000602	603	395	175	56	74	0	4144	704	576
FRAME	1540899770916	537	1	19216800000602	306	201	395	30	86	0	2580	704	576
FRAME	1540899770916	539	1	19216800000602	703	470	224	16	68	0	1088	704	576
FRAME	1540899770916	538	1	19216800000602	405	215	320	43	119	0	5117	704	576
FRAME	1540899771286	1785	2	19216800000600	802	1523	241	134	80	0	10720	1920	1080
FRAME	1540899771286	1796	1	19216800000600	1002	1807	272	52	76	0	3952	1920	1080
FRAME	1540899771286	1805	2	19216800000600	801	1366	131	99	36	0	3564	1920	1080
FRAME	1540899771286	1806	1	19216800000600	405	691	541	65	145	0	9425	1920	1080
FRAME	1540899771286	1807	2	19216800000600	901	1666	128	117	37	0	4329	1920	1080
FRAME	1540899771343	408	2	19216800000602	702	453	136	40	63	0	2520	704	576
FRAME	1540899771343	525	2	19216800000602	601	376	60	25	30	0	750	704	576
FRAME	1540899771343	534	1	19216800000602	806	536	376	37	115	0	4255	704	576
FRAME	1540899771343	532	1	19216800000602	404	252	264	23	67	0	1541	704	576
FRAME	1540899771343	535	2	19216800000602	603	394	187	55	81	0	4455	704	576
FRAME	1540899771343	537	1	19216800000602	306	207	374	31	81	0	2511	704	576
FRAME	1540899771343	539	1	19216800000602	704	469	230	15	68	0	1020	704	576
FRAME	1540899771343	538	1	19216800000602	405	222	299	38	98	0	3724	704	576
FRAME	1540899771681	1785	2	19216800000600	802	1522	237	133	81	0	10773	1920	1080
FRAME	1540899771681	1796	1	19216800000600	1002	1807	272	52	76	0	3952	1920	1080
FRAME	1540899771681	1806	1	19216800000600	404	714	537	66	144	0	9504	1920	1080
FRAME	1540899771681	1807	2	19216800000600	1001	1747	126	107	37	0	3959	1920	1080
FRAME	1540899772014	408	2	19216800000602	702	453	135	40	63	0	2520	704	576
FRAME	1540899772014	525	2	19216800000602	601	375	61	25	31	0	775	704	576
FRAME	1540899772014	534	1	19216800000602	806	533	393	37	119	0	4403	704	576
FRAME	1540899772014	532	1	19216800000602	404	256	255	22	63	0	1386	704	576
FRAME	1540899772014	535	2	19216800000602	603	392	201	57	86	0	4902	704	576
FRAME	1540899772014	537	1	19216800000602	406	211	358	28	85	0	2380	704	576
FRAME	1540899772014	539	1	19216800000602	704	471	239	14	69	0	966	704	576
FRAME	1540899772014	538	1	19216800000602	404	232	276	36	85	0	3060	704	576
FRAME	1540899772216	1785	2	19216800000600	802	1524	238	133	81	0	10773	1920	1080
FRAME	1540899772216	1806	1	19216800000600	404	729	537	60	140	0	8400	1920	1080
FRAME	1540899772216	1807	2	19216800000600	1001	1747	126	107	37	0	3959	1920	1080
FRAME	1540899772381	1785	2	19216800000600	802	1525	240	133	81	0	10773	1920	1080
FRAME	1540899772381	1806	1	19216800000600	404	750	527	54	139	0	7506	1920	1080
FRAME	1540899772381	1807	2	19216800000600	1001	1803	140	129	46	0	5934	1920	1080
FRAME	1540899772387	408	2	19216800000602	702	453	135	40	64	0	2560	704	576
FRAME	1540899772387	525	2	19216800000602	601	375	61	25	31	0	775	704	576
FRAME	1540899772387	534	1	19216800000602	807	534	402	39	119	0	4641	704	576
FRAME	1540899772387	532	1	19216800000602	404	258	248	21	59	0	1239	704	576
FRAME	1540899772387	535	2	19216800000602	603	392	211	60	88	0	5280	704	576
FRAME	1540899772387	537	1	19216800000602	406	213	352	26	82	0	2132	704	576
FRAME	1540899772387	539	1	19216800000602	704	477	243	18	70	0	1260	704	576
FRAME	1540899772387	538	1	19216800000602	404	239	269	35	80	0	2800	704	576
FRAME	1540899772654	1785	2	19216800000600	802	1525	240	133	81	0	10773	1920	1080
FRAME	1540899772654	1806	1	19216800000600	404	750	527	54	139	0	7506	1920	1080
FRAME	1540899772654	1807	2	19216800000600	1001	1803	140	129	46	0	5934	1920	1080
FRAME	1540899772856	408	2	19216800000602	702	453	135	40	64	0	2560	704	576
FRAME	1540899772856	525	2	19216800000602	601	375	60	25	32	0	800	704	576
FRAME	1540899772856	534	1	19216800000602	807	538	406	38	122	0	4636	704	576
FRAME	1540899772856	532	1	19216800000602	404	261	247	21	60	0	1260	704	576
FRAME	1540899772856	535	2	19216800000602	603	392	222	62	90	0	5580	704	576
FRAME	1540899772856	537	1	19216800000602	406	217	347	24	78	0	1872	704	576
FRAME	1540899772856	539	1	19216800000602	704	484	246	19	71	0	1349	704	576
FRAME	1540899772856	538	1	19216800000602	404	239	270	35	76	0	2660	704	576
FRAME	1540899773203	1785	2	19216800000600	802	1524	239	133	81	0	10773	1920	1080
FRAME	1540899773203	1806	1	19216800000600	404	750	527	54	139	0	7506	1920	1080
FRAME	1540899773203	1807	2	19216800000600	1001	1803	140	129	46	0	5934	1920	1080
FRAME	1540899773203	1808	2	19216800000600	302	540	230	198	85	0	16830	1920	1080
FRAME	1540899773546	1785	2	19216800000600	802	1523	239	130	81	0	10530	1920	1080
FRAME	1540899773546	1806	1	19216800000600	404	750	527	54	139	0	7506	1920	1080
FRAME	1540899773546	1807	2	19216800000600	1001	1803	140	129	46	0	5934	1920	1080
FRAME	1540899773546	1808	2	19216800000600	302	446	238	210	88	0	18480	1920	1080
FRAME	1540899773580	408	2	19216800000602	702	453	135	40	64	0	2560	704	576
FRAME	1540899773580	525	2	19216800000602	601	375	60	25	32	0	800	704	576
FRAME	1540899773580	534	1	19216800000602	807	540	410	39	125	0	4875	704	576
FRAME	1540899773580	532	1	19216800000602	404	264	249	17	61	0	1037	704	576
FRAME	1540899773580	535	2	19216800000602	604	390	229	65	92	0	5980	704	576
FRAME	1540899773580	537	1	19216800000602	405	223	341	24	77	0	1848	704	576
FRAME	1540899773580	539	1	19216800000602	704	485	253	20	74	0	1480	704	576
FRAME	1540899773580	538	1	19216800000602	404	239	270	35	76	0	2660	704	576
FRAME	1540899773580	540	2	19216800000602	600	378	35	17	19	0	323	704	576
FRAME	1540899773893	1785	2	19216800000600	802	1522	239	131	81	0	10611	1920	1080
FRAME	1540899773893	1808	2	19216800000600	202	311	249	225	90	0	20250	1920	1080
FRAME	1540899774022	408	2	19216800000602	702	453	135	41	63	0	2583	704	576
FRAME	1540899774022	525	2	19216800000602	601	375	61	27	31	0	837	704	576
FRAME	1540899774022	534	1	19216800000602	807	542	420	40	123	0	4920	704	576
FRAME	1540899774022	532	1	19216800000602	404	267	243	16	54	0	864	704	576
FRAME	1540899774022	535	2	19216800000602	604	387	249	68	101	0	6868	704	576
FRAME	1540899774022	537	1	19216800000602	405	230	329	24	78	0	1872	704	576
FRAME	1540899774022	539	1	19216800000602	704	485	253	20	74	0	1480	704	576
FRAME	1540899774022	538	1	19216800000602	404	239	266	33	78	0	2574	704	576
FRAME	1540899774022	540	2	19216800000602	600	378	35	17	19	0	323	704	576
FRAME	1540899774133	1785	2	19216800000600	802	1524	239	132	81	0	10692	1920	1080
FRAME	1540899774133	1808	2	19216800000600	202	199	262	224	96	0	21504	1920	1080
FRAME	1540899774437	1785	2	19216800000600	802	1523	239	129	81	0	10449	1920	1080
FRAME	1540899774437	1808	2	19216800000600	102	135	268	250	99	0	24750	1920	1080
FRAME	1540899774626	408	2	19216800000602	702	454	135	41	62	0	2542	704	576
FRAME	1540899774626	525	2	19216800000602	601	375	63	27	30	0	810	704	576
FRAME	1540899774626	534	1	19216800000602	807	542	430	40	123	0	4920	704	576
FRAME	1540899774626	532	1	19216800000602	404	269	231	15	51	0	765	704	576
FRAME	1540899774626	535	2	19216800000602	604	383	277	67	104	0	6968	704	576
FRAME	1540899774626	537	1	19216800000602	405	234	317	24	80	0	1920	704	576
FRAME	1540899774626	539	1	19216800000602	704	489	264	21	70	0	1470	704	576
FRAME	1540899774626	538	1	19216800000602	404	243	262	32	78	0	2496	704	576
FRAME	1540899774626	540	2	19216800000602	600	378	35	17	19	0	323	704	576
FRAME	1540899774703	1785	2	19216800000600	802	1522	239	131	81	0	10611	1920	1080
FRAME	1540899774703	1808	2	19216800000600	102	135	268	250	99	0	24750	1920	1080
FRAME	1540899774934	408	2	19216800000602	702	454	134	41	61	0	2501	704	576
FRAME	1540899774934	525	2	19216800000602	601	374	62	27	31	0	837	704	576
FRAME	1540899774934	534	1	19216800000602	807	544	438	41	125	0	5125	704	576
FRAME	1540899774934	532	1	19216800000602	404	272	230	17	53	0	901	704	576
FRAME	1540899774934	535	2	19216800000602	605	382	289	71	116	0	8236	704	576
FRAME	1540899774934	537	1	19216800000602	405	233	311	24	79	0	1896	704	576
FRAME	1540899774934	539	1	19216800000602	704	489	264	21	70	0	1470	704	576
FRAME	1540899774934	538	1	19216800000602	404	247	256	32	73	0	2336	704	576
FRAME	1540899774934	540	2	19216800000602	600	378	35	17	19	0	323	704	576
FRAME	1540899775050	1785	2	19216800000600	802	1522	239	129	81	0	10449	1920	1080
FRAME	1540899775050	1808	2	19216800000600	102	135	268	250	99	0	24750	1920	1080
FRAME	1540899775335	1785	2	19216800000600	802	1522	239	128	81	0	10368	1920	1080
FRAME	1540899775335	1808	2	19216800000600	102	135	268	250	99	0	24750	1920	1080
FRAME	1540899775498	408	2	19216800000602	702	453	134	41	60	0	2460	704	576
FRAME	1540899775498	525	2	19216800000602	601	374	61	27	30	0	810	704	576
FRAME	1540899775498	534	1	19216800000602	807	550	449	41	126	0	5166	704	576
FRAME	1540899775498	532	1	19216800000602	404	275	236	16	56	0	896	704	576
FRAME	1540899775498	535	2	19216800000602	605	381	295	75	125	0	9375	704	576
FRAME	1540899775498	537	1	19216800000602	405	232	309	23	75	0	1725	704	576
FRAME	1540899775498	539	1	19216800000602	704	489	264	21	70	0	1470	704	576
FRAME	1540899775498	538	1	19216800000602	404	249	249	28	70	0	1960	704	576
FRAME	1540899775718	1785	2	19216800000600	802	1521	239	127	81	0	10287	1920	1080
FRAME	1540899775903	1785	2	19216800000600	802	1521	239	127	81	0	10287	1920	1080
FRAME	1540899776098	1785	2	19216800000600	802	1521	239	127	81	0	10287	1920	1080
FRAME	1540899776295	408	2	19216800000602	702	453	134	41	60	0	2460	704	576
FRAME	1540899776287	1785	2	19216800000600	802	1521	239	127	81	0	10287	1920	1080
FRAME	1540899776295	525	2	19216800000602	601	374	61	27	30	0	810	704	576
FRAME	1540899776295	534	1	19216800000602	807	554	455	41	125	0	5125	704	576
FRAME	1540899776295	532	1	19216800000602	404	276	233	16	49	0	784	704	576
FRAME	1540899776295	535	2	19216800000602	605	380	305	76	134	0	10184	704	576
FRAME	1540899776295	537	1	19216800000602	405	235	308	22	73	0	1606	704	576
FRAME	1540899776295	539	1	19216800000602	704	489	264	21	70	0	1470	704	576
FRAME	1540899776295	538	1	19216800000602	404	248	247	27	67	0	1809	704	576
FRAME	1540899776295	541	1	19216800000602	502	323	136	10	37	0	370	704	576
FRAME	1540899776601	1785	2	19216800000600	802	1521	239	127	81	0	10287	1920	1080
FRAME	1540899776769	1785	2	19216800000600	802	1523	239	130	80	0	10400	1920	1080
FRAME	1540899776979	1785	2	19216800000600	802	1525	238	131	79	0	10349	1920	1080
FRAME	1540899777086	408	2	19216800000602	702	454	134	42	60	0	2520	704	576
FRAME	1540899777086	525	2	19216800000602	601	375	61	28	31	0	868	704	576
FRAME	1540899777086	534	1	19216800000602	908	563	466	42	125	0	5250	704	576
FRAME	1540899777086	532	1	19216800000602	403	279	223	15	54	0	810	704	576
FRAME	1540899777086	535	2	19216800000602	605	374	327	80	139	0	11120	704	576
FRAME	1540899777086	537	1	19216800000602	405	241	299	21	72	0	1512	704	576
FRAME	1540899777086	538	1	19216800000602	404	251	243	26	62	0	1612	704	576
FRAME	1540899777086	541	1	19216800000602	502	324	139	10	36	0	360	704	576
FRAME	1540899777086	542	2	19216800000602	605	375	323	96	178	0	17088	704	576
FRAME	1540899777268	1785	2	19216800000600	802	1526	239	132	80	0	10560	1920	1080
FRAME	1540899777553	1785	2	19216800000600	802	1523	239	129	79	0	10191	1920	1080
FRAME	1540899777745	1785	2	19216800000600	802	1521	239	131	80	0	10480	1920	1080
FRAME	1540899777882	408	2	19216800000602	702	454	134	41	60	0	2460	704	576
FRAME	1540899777882	525	2	19216800000602	601	376	61	27	31	0	837	704	576
FRAME	1540899777882	534	1	19216800000602	908	577	483	42	119	0	4998	704	576
FRAME	1540899777882	532	1	19216800000602	503	287	217	17	55	0	935	704	576
FRAME	1540899777882	535	2	19216800000602	606	364	369	92	154	0	14168	704	576
FRAME	1540899777882	537	1	19216800000602	404	251	282	21	74	0	1554	704	576
FRAME	1540899777882	538	1	19216800000602	404	258	229	26	57	0	1482	704	576
FRAME	1540899777882	541	1	19216800000602	502	326	140	10	36	0	360	704	576
FRAME	1540899777882	542	2	19216800000602	606	367	363	101	175	0	17675	704	576
FRAME	1540899777949	1785	2	19216800000600	802	1524	239	132	81	0	10692	1920	1080
FRAME	1540899778241	1785	2	19216800000600	802	1526	240	132	81	0	10692	1920	1080
FRAME	1540899778315	1785	2	19216800000600	802	1523	240	129	81	0	10449	1920	1080
FRAME	1540899778347	408	2	19216800000602	702	453	133	41	59	0	2419	704	576
FRAME	1540899778347	525	2	19216800000602	601	377	60	27	30	0	810	704	576
FRAME	1540899778347	534	1	19216800000602	908	585	500	43	125	0	5375	704	576
FRAME	1540899778347	532	1	19216800000602	503	295	214	19	55	0	1045	704	576
FRAME	1540899778347	535	2	19216800000602	607	355	413	107	165	0	17655	704	576
FRAME	1540899778347	537	1	19216800000602	404	265	267	20	75	0	1500	704	576
FRAME	1540899778347	538	1	19216800000602	403	266	217	25	56	0	1400	704	576
FRAME	1540899778347	541	1	19216800000602	502	327	139	10	34	0	340	704	576
FRAME	1540899778347	542	2	19216800000602	607	358	404	112	176	0	19712	704	576
FRAME	1540899778456	1785	2	19216800000600	802	1520	239	128	81	0	10368	1920	1080
FRAME	1540899779014	1785	2	19216800000600	802	1519	239	127	81	0	10287	1920	1080
FRAME	1540899779014	1809	1	19216800000600	604	1027	439	47	118	0	5546	1920	1080
FRAME	1540899779077	408	2	19216800000602	702	453	133	41	59	0	2419	704	576
FRAME	1540899779077	525	2	19216800000602	601	377	59	27	31	0	837	704	576
FRAME	1540899779077	534	1	19216800000602	909	587	513	46	125	0	5750	704	576
FRAME	1540899779077	532	1	19216800000602	503	298	208	16	48	0	768	704	576
FRAME	1540899779077	535	2	19216800000602	507	346	444	112	169	0	18928	704	576
FRAME	1540899779077	537	1	19216800000602	404	275	262	19	72	0	1368	704	576
FRAME	1540899779077	538	1	19216800000602	403	272	214	25	57	0	1425	704	576
FRAME	1540899779077	541	1	19216800000602	502	327	137	10	33	0	330	704	576
FRAME	1540899779077	542	2	19216800000602	507	347	431	113	180	0	20340	704	576
FRAME	1540899779183	1785	2	19216800000600	802	1523	239	130	81	0	10530	1920	1080
FRAME	1540899779183	1809	1	19216800000600	603	1044	430	45	113	0	5085	1920	1080
FRAME	1540899779656	1785	2	19216800000600	802	1526	239	131	81	0	10611	1920	1080
FRAME	1540899779656	1809	1	19216800000600	603	1062	421	44	116	0	5104	1920	1080
FRAME	1540899779656	1810	2	19216800000600	1001	1774	142	117	31	0	3627	1920	1080
FRAME	1540899779780	408	2	19216800000602	702	453	133	41	59	0	2419	704	576
FRAME	1540899779780	525	2	19216800000602	601	376	60	26	31	0	806	704	576
FRAME	1540899779780	534	1	19216800000602	909	585	516	49	124	0	6076	704	576
FRAME	1540899779780	532	1	19216800000602	503	294	203	14	46	0	644	704	576
FRAME	1540899779780	535	2	19216800000602	507	339	452	115	177	0	20355	704	576
FRAME	1540899779780	537	1	19216800000602	404	278	264	19	72	0	1368	704	576
FRAME	1540899779780	538	1	19216800000602	403	273	218	26	63	0	1638	704	576
FRAME	1540899779780	541	1	19216800000602	502	327	137	10	32	0	320	704	576
FRAME	1540899779780	542	2	19216800000602	507	339	439	117	180	0	21060	704	576
FRAME	1540899780143	1785	2	19216800000600	802	1524	239	129	81	0	10449	1920	1080
FRAME	1540899780143	1809	1	19216800000600	603	1062	421	44	116	0	5104	1920	1080
FRAME	1540899780143	1810	2	19216800000600	1001	1815	140	98	31	0	3038	1920	1080
FRAME	1540899780435	1785	2	19216800000600	802	1521	239	128	81	0	10368	1920	1080
FRAME	1540899780435	1809	1	19216800000600	603	1062	421	44	116	0	5104	1920	1080
FRAME	1540899780435	1810	2	19216800000600	1001	1815	140	98	31	0	3038	1920	1080
FRAME	1540899780480	408	2	19216800000602	702	453	133	41	59	0	2419	704	576
FRAME	1540899780480	525	2	19216800000602	601	374	62	25	30	0	750	704	576
FRAME	1540899780480	534	1	19216800000602	909	585	517	51	114	0	5814	704	576
FRAME	1540899780480	532	1	19216800000602	503	290	198	13	43	0	559	704	576
FRAME	1540899780480	535	2	19216800000602	508	336	456	118	185	0	21830	704	576
FRAME	1540899780480	537	1	19216800000602	504	282	260	20	68	0	1360	704	576
FRAME	1540899780480	538	1	19216800000602	403	272	215	25	61	0	1525	704	576
FRAME	1540899780480	541	1	19216800000602	502	328	138	10	30	0	300	704	576
FRAME	1540899780480	542	2	19216800000602	507	337	443	123	187	0	23001	704	576
FRAME	1540899780797	1785	2	19216800000600	802	1519	239	127	81	0	10287	1920	1080
FRAME	1540899780797	1809	1	19216800000600	603	1086	416	49	117	0	5733	1920	1080
FRAME	1540899780797	1810	2	19216800000600	1001	1815	140	98	31	0	3038	1920	1080
FRAME	1540899781128	1785	2	19216800000600	802	1520	239	127	81	0	10287	1920	1080
FRAME	1540899781128	1809	1	19216800000600	603	1117	412	52	116	0	6032	1920	1080
FRAME	1540899781128	1810	2	19216800000600	1001	1815	140	98	31	0	3038	1920	1080
FRAME	1540899781203	408	2	19216800000602	702	453	133	41	59	0	2419	704	576
FRAME	1540899781203	525	2	19216800000602	601	374	62	25	31	0	775	704	576
FRAME	1540899781203	534	1	19216800000602	909	588	524	53	105	0	5565	704	576
FRAME	1540899781203	532	1	19216800000602	503	291	192	13	42	0	546	704	576
FRAME	1540899781203	535	2	19216800000602	508	331	470	122	192	0	23424	704	576
FRAME	1540899781203	537	1	19216800000602	504	290	242	17	54	0	918	704	576
FRAME	1540899781203	538	1	19216800000602	403	272	215	25	61	0	1525	704	576
FRAME	1540899781203	541	1	19216800000602	502	328	138	11	31	0	341	704	576
FRAME	1540899781203	542	2	19216800000602	508	333	456	127	186	0	23622	704	576
FRAME	1540899781411	1785	2	19216800000600	802	1524	239	130	81	0	10530	1920	1080
FRAME	1540899781411	1809	1	19216800000600	603	1130	408	50	112	0	5600	1920	1080
FRAME	1540899781636	1785	2	19216800000600	802	1525	239	128	81	0	10368	1920	1080
FRAME	1540899781636	1809	1	19216800000600	603	1130	402	52	109	0	5668	1920	1080
FRAME	1540899781798	408	2	19216800000602	702	453	133	41	59	0	2419	704	576
FRAME	1540899781798	525	2	19216800000602	601	375	61	24	29	0	696	704	576
FRAME	1540899781798	534	1	19216800000602	909	597	533	55	97	0	5335	704	576
FRAME	1540899781798	532	1	19216800000602	503	295	188	13	41	0	533	704	576
FRAME	1540899781798	535	2	19216800000602	508	326	481	128	189	0	24192	704	576
FRAME	1540899781798	537	1	19216800000602	504	290	242	17	54	0	918	704	576
FRAME	1540899781798	538	1	19216800000602	403	276	206	25	67	0	1675	704	576
FRAME	1540899781798	541	1	19216800000602	502	327	138	11	31	0	341	704	576
FRAME	1540899781798	542	2	19216800000602	508	333	456	127	186	0	23622	704	576
FRAME	1540899782247	1785	2	19216800000600	802	1523	239	130	81	0	10530	1920	1080
FRAME	1540899782247	1809	1	19216800000600	603	1133	397	50	109	0	5450	1920	1080
FRAME	1540899782247	1811	2	19216800000600	203	354	374	402	151	0	60702	1920	1080
FRAME	1540899782409	408	2	19216800000602	702	454	133	39	59	0	2301	704	576
FRAME	1540899782409	525	2	19216800000602	601	374	60	23	28	0	644	704	576
FRAME	1540899782409	534	1	19216800000602	909	611	538	57	88	0	5016	704	576
FRAME	1540899782409	532	1	19216800000602	503	295	188	13	41	0	533	704	576
FRAME	1540899782409	535	2	19216800000602	508	321	491	129	174	0	22446	704	576
FRAME	1540899782409	537	1	19216800000602	503	301	219	18	57	0	1026	704	576
FRAME	1540899782409	538	1	19216800000602	503	284	196	26	63	0	1638	704	576
FRAME	1540899782409	541	1	19216800000602	502	326	137	11	31	0	341	704	576
FRAME	1540899782409	542	2	19216800000602	508	326	474	132	183	0	24156	704	576
FRAME	1540899782659	1785	2	19216800000600	802	1523	239	131	81	0	10611	1920	1080
FRAME	1540899782659	1809	1	19216800000600	603	1133	397	50	109	0	5450	1920	1080
FRAME	1540899782659	1811	2	19216800000600	402	605	322	336	137	0	46032	1920	1080
FRAME	1540899783053	1785	2	19216800000600	802	1525	239	132	81	0	10692	1920	1080
FRAME	1540899783053	1809	1	19216800000600	603	1133	397	50	109	0	5450	1920	1080
FRAME	1540899783053	1811	2	19216800000600	402	605	322	336	137	0	46032	1920	1080
FRAME	1540899783053	1812	2	19216800000600	502	816	278	240	105	0	25200	1920	1080
FRAME	1540899783103	408	2	19216800000602	702	455	133	40	59	0	2360	704	576
FRAME	1540899783103	525	2	19216800000602	601	374	59	23	29	0	667	704	576
FRAME	1540899783103	534	1	19216800000602	909	621	541	53	76	0	4028	704	576
FRAME	1540899783103	532	1	19216800000602	503	300	182	13	37	0	481	704	576
FRAME	1540899783103	535	2	19216800000602	508	314	498	132	166	0	21912	704	576
FRAME	1540899783103	537	1	19216800000602	503	309	205	19	59	0	1121	704	576
FRAME	1540899783103	538	1	19216800000602	503	288	195	22	75	0	1650	704	576
FRAME	1540899783103	541	1	19216800000602	502	326	137	10	31	0	310	704	576
FRAME	1540899783103	542	2	19216800000602	508	326	474	132	183	0	24156	704	576
FRAME	1540899783469	1785	2	19216800000600	802	1525	240	132	78	0	10296	1920	1080
FRAME	1540899783469	1809	1	19216800000600	603	1133	397	50	109	0	5450	1920	1080
FRAME	1540899783469	1811	2	19216800000600	602	1033	233	252	113	0	28476	1920	1080
FRAME	1540899783469	1812	2	19216800000600	502	816	278	240	105	0	25200	1920	1080
FRAME	1540899783692	408	2	19216800000602	702	454	133	40	59	0	2360	704	576
FRAME	1540899783692	525	2	19216800000602	601	375	60	24	28	0	672	704	576
FRAME	1540899783692	534	1	19216800000602	909	629	548	49	61	0	2989	704	576
FRAME	1540899783692	532	1	19216800000602	503	307	171	12	33	0	396	704	576
FRAME	1540899783692	535	2	19216800000602	508	308	498	139	155	0	21545	704	576
FRAME	1540899783692	537	1	19216800000602	503	311	196	19	59	0	1121	704	576
FRAME	1540899783692	538	1	19216800000602	503	286	201	22	74	0	1628	704	576
FRAME	1540899783692	541	1	19216800000602	502	325	138	11	30	0	330	704	576
FRAME	1540899783692	542	2	19216800000602	508	320	491	140	178	0	24920	704	576
FRAME	1540899783790	1785	2	19216800000600	802	1527	241	132	76	0	10032	1920	1080
FRAME	1540899783790	1811	2	19216800000600	602	1033	233	252	113	0	28476	1920	1080
FRAME	1540899783790	1812	2	19216800000600	502	816	278	240	105	0	25200	1920	1080
FRAME	1540899784418	1785	2	19216800000600	802	1535	241	135	72	0	9720	1920	1080
FRAME	1540899784418	1811	2	19216800000600	602	1033	233	252	113	0	28476	1920	1080
FRAME	1540899784418	1812	2	19216800000600	502	816	278	240	105	0	25200	1920	1080
FRAME	1540899784418	1813	2	19216800000600	601	1030	155	74	39	0	2886	1920	1080
FRAME	1540899784776	408	2	19216800000602	702	453	133	40	59	0	2360	704	576
FRAME	1540899784776	525	2	19216800000602	601	376	61	24	28	0	672	704	576
FRAME	1540899784776	534	1	19216800000602	1009	638	555	47	52	0	2444	704	576
FRAME	1540899784776	532	1	19216800000602	503	307	171	12	33	0	396	704	576
FRAME	1540899784776	535	2	19216800000602	508	310	497	142	149	0	21158	704	576
FRAME	1540899784776	537	1	19216800000602	503	310	191	20	59	0	1180	704	576
FRAME	1540899784776	538	1	19216800000602	503	283	196	21	72	0	1512	704	576
FRAME	1540899784776	541	1	19216800000602	502	324	139	11	30	0	330	704	576
FRAME	1540899784776	542	2	19216800000602	508	320	489	145	177	0	25665	704	576
FRAME	1540899784991	1785	2	19216800000600	902	1555	238	137	73	0	10001	1920	1080
FRAME	1540899784991	1811	2	19216800000600	602	1033	233	252	113	0	28476	1920	1080
FRAME	1540899784991	1813	2	19216800000600	601	1030	155	74	39	0	2886	1920	1080
FRAME	1540899785331	1785	2	19216800000600	902	1587	230	129	67	0	8643	1920	1080
FRAME	1540899785331	1813	2	19216800000600	601	1030	155	74	39	0	2886	1920	1080
FRAME	1540899785364	408	2	19216800000602	702	453	133	40	59	0	2360	704	576
FRAME	1540899785364	525	2	19216800000602	601	376	62	25	30	0	750	704	576
FRAME	1540899785364	534	1	19216800000602	1009	638	555	47	52	0	2444	704	576
FRAME	1540899785364	532	1	19216800000602	502	313	167	14	37	0	518	704	576
FRAME	1540899785364	535	2	19216800000602	508	311	501	145	142	0	20590	704	576
FRAME	1540899785364	537	1	19216800000602	503	310	191	20	59	0	1180	704	576
FRAME	1540899785364	538	1	19216800000602	503	286	189	23	76	0	1748	704	576
FRAME	1540899785364	541	1	19216800000602	502	324	140	11	33	0	363	704	576
FRAME	1540899785364	542	2	19216800000602	508	320	489	145	177	0	25665	704	576
FRAME	1540899785962	1785	2	19216800000600	902	1587	230	129	67	0	8643	1920	1080
FRAME	1540899785962	1813	2	19216800000600	601	1030	155	74	39	0	2886	1920	1080
FRAME	1540899785962	1814	2	19216800000600	701	1263	163	72	58	0	4176	1920	1080
FRAME	1540899786028	408	2	19216800000602	702	453	133	40	59	0	2360	704	576
FRAME	1540899786028	525	2	19216800000602	601	377	62	27	30	0	810	704	576
FRAME	1540899786028	534	1	19216800000602	1009	638	555	47	52	0	2444	704	576
FRAME	1540899786028	532	1	19216800000602	502	312	169	13	35	0	455	704	576
FRAME	1540899786028	535	2	19216800000602	508	310	507	148	139	0	20572	704	576
FRAME	1540899786028	537	1	19216800000602	503	310	191	20	59	0	1180	704	576
FRAME	1540899786028	538	1	19216800000602	503	291	181	23	65	0	1495	704	576
FRAME	1540899786028	541	1	19216800000602	502	324	141	11	34	0	374	704	576
FRAME	1540899786028	542	2	19216800000602	508	320	489	145	177	0	25665	704	576
FRAME	1540899786475	1785	2	19216800000600	902	1587	230	129	67	0	8643	1920	1080
FRAME	1540899786475	1814	2	19216800000600	701	1271	144	60	53	0	3180	1920	1080
FRAME	1540899786810	1785	2	19216800000600	901	1668	212	134	62	0	8308	1920	1080
FRAME	1540899786810	1814	2	19216800000600	701	1271	144	60	53	0	3180	1920	1080
FRAME	1540899786900	408	2	19216800000602	702	453	133	40	59	0	2360	704	576
FRAME	1540899786900	525	2	19216800000602	601	378	62	28	30	0	840	704	576
FRAME	1540899786900	534	1	19216800000602	1009	638	555	47	52	0	2444	704	576
FRAME	1540899786900	532	1	19216800000602	502	307	168	13	36	0	468	704	576
FRAME	1540899786900	535	2	19216800000602	509	305	513	149	130	0	19370	704	576
FRAME	1540899786900	537	1	19216800000602	503	310	191	20	59	0	1180	704	576
FRAME	1540899786900	538	1	19216800000602	503	294	175	23	61	0	1403	704	576
FRAME	1540899786900	541	1	19216800000602	502	324	139	11	33	0	363	704	576
FRAME	1540899786900	542	2	19216800000602	508	320	489	145	177	0	25665	704	576
FRAME	1540899786900	543	2	19216800000602	708	473	505	136	135	0	18360	704	576
FRAME	1540899787003	1785	2	19216800000600	901	1668	212	134	62	0	8308	1920	1080
FRAME	1540899787003	1814	2	19216800000600	701	1271	144	60	53	0	3180	1920	1080
FRAME	1540899787399	1785	2	19216800000600	901	1668	212	134	62	0	8308	1920	1080
FRAME	1540899787399	1814	2	19216800000600	701	1271	144	60	53	0	3180	1920	1080
FRAME	1540899787689	1785	2	19216800000600	901	1668	212	134	62	0	8308	1920	1080
FRAME	1540899787812	408	2	19216800000602	702	453	133	40	59	0	2360	704	576
FRAME	1540899787812	525	2	19216800000602	601	377	61	29	31	0	899	704	576
FRAME	1540899787812	532	1	19216800000602	502	307	168	13	36	0	468	704	576
FRAME	1540899787812	535	2	19216800000602	509	305	513	149	130	0	19370	704	576
FRAME	1540899787812	538	1	19216800000602	503	294	175	23	61	0	1403	704	576
FRAME	1540899787812	541	1	19216800000602	502	325	137	12	31	0	372	704	576
FRAME	1540899787812	543	2	19216800000602	708	474	479	127	161	0	20447	704	576
FRAME	1540899788423	408	2	19216800000602	702	453	133	40	59	0	2360	704	576
FRAME	1540899788423	525	2	19216800000602	601	375	61	27	32	0	864	704	576
FRAME	1540899788423	532	1	19216800000602	502	305	158	13	33	0	429	704	576
FRAME	1540899788423	535	2	19216800000602	509	305	513	149	130	0	19370	704	576
FRAME	1540899788423	538	1	19216800000602	503	294	175	23	61	0	1403	704	576
FRAME	1540899788423	541	1	19216800000602	502	327	138	13	30	0	390	704	576
FRAME	1540899788423	543	2	19216800000602	707	468	413	112	148	0	16576	704	576
FRAME	1540899789168	1815	1	19216800000600	305	543	589	66	162	0	10692	1920	1080
FRAME	1540899789168	1816	2	19216800000600	202	375	259	234	68	0	15912	1920	1080
FRAME	1540899789261	408	2	19216800000602	702	453	133	40	59	0	2360	704	576
FRAME	1540899789261	525	2	19216800000602	601	374	61	27	32	0	864	704	576
FRAME	1540899789261	532	1	19216800000602	502	306	148	14	33	0	462	704	576
FRAME	1540899789261	535	2	19216800000602	509	305	513	149	130	0	19370	704	576
FRAME	1540899789261	538	1	19216800000602	502	299	169	23	58	0	1334	704	576
FRAME	1540899789261	541	1	19216800000602	502	328	138	13	31	0	403	704	576
FRAME	1540899789261	543	2	19216800000602	705	453	340	106	150	0	15900	704	576
FRAME	1540899789261	544	1	19216800000602	502	331	144	13	31	0	403	704	576
FRAME	1540899789507	1815	1	19216800000600	305	543	589	66	162	0	10692	1920	1080
FRAME	1540899789507	1816	2	19216800000600	202	375	259	234	68	0	15912	1920	1080
FRAME	1540899789730	1815	1	19216800000600	305	543	589	66	162	0	10692	1920	1080
FRAME	1540899789730	1816	2	19216800000600	202	375	259	234	68	0	15912	1920	1080
FRAME	1540899789888	408	2	19216800000602	702	453	133	40	59	0	2360	704	576
FRAME	1540899789931	1815	1	19216800000600	305	543	589	66	162	0	10692	1920	1080
FRAME	1540899789888	525	2	19216800000602	601	375	62	26	32	0	832	704	576
FRAME	1540899789931	1816	2	19216800000600	202	375	259	234	68	0	15912	1920	1080
FRAME	1540899789888	532	1	19216800000602	502	306	148	14	33	0	462	704	576
FRAME	1540899789888	538	1	19216800000602	502	305	162	22	60	0	1320	704	576
FRAME	1540899789888	541	1	19216800000602	502	328	138	13	31	0	403	704	576
FRAME	1540899789888	543	2	19216800000602	705	439	296	98	133	0	13034	704	576
FRAME	1540899789888	544	1	19216800000602	502	338	136	12	31	0	372	704	576
FRAME	1540899790461	408	2	19216800000602	702	453	133	40	59	0	2360	704	576
FRAME	1540899790461	525	2	19216800000602	601	375	63	26	32	0	832	704	576
FRAME	1540899790461	532	1	19216800000602	502	306	148	14	33	0	462	704	576
FRAME	1540899790461	538	1	19216800000602	502	307	161	21	60	0	1260	704	576
FRAME	1540899790461	541	1	19216800000602	502	327	137	12	31	0	372	704	576
FRAME	1540899790461	543	2	19216800000602	704	428	267	92	117	0	10764	704	576
FRAME	1540899790461	544	1	19216800000602	502	338	136	12	31	0	372	704	576
FRAME	1540899790807	1817	1	19216800000600	404	712	530	57	137	0	7809	1920	1080
FRAME	1540899790919	1817	1	19216800000600	404	712	530	57	137	0	7809	1920	1080
FRAME	1540899791102	1817	1	19216800000600	404	712	530	57	137	0	7809	1920	1080
FRAME	1540899791113	408	2	19216800000602	702	453	134	40	60	0	2400	704	576
FRAME	1540899791113	525	2	19216800000602	601	375	62	28	32	0	896	704	576
FRAME	1540899791113	532	1	19216800000602	502	306	148	14	33	0	462	704	576
FRAME	1540899791113	538	1	19216800000602	502	309	157	24	58	0	1392	704	576
FRAME	1540899791113	541	1	19216800000602	502	325	136	13	33	0	429	704	576
FRAME	1540899791113	543	2	19216800000602	704	422	246	86	104	0	8944	704	576
FRAME	1540899791113	544	1	19216800000602	502	338	136	12	31	0	372	704	576
FRAME	1540899791351	1817	1	19216800000600	404	712	530	57	137	0	7809	1920	1080
FRAME	1540899791538	408	2	19216800000602	702	453	135	40	62	0	2480	704	576
FRAME	1540899791538	525	2	19216800000602	601	375	61	27	32	0	864	704	576
FRAME	1540899791538	538	1	19216800000602	502	313	150	24	59	0	1416	704	576
FRAME	1540899791538	541	1	19216800000602	502	325	135	13	32	0	416	704	576
FRAME	1540899791538	543	2	19216800000602	703	420	226	80	95	0	7600	704	576
FRAME	1540899791538	544	1	19216800000602	502	338	136	12	31	0	372	704	576
FRAME	1540899791893	408	2	19216800000602	702	453	135	40	63	0	2520	704	576
FRAME	1540899791893	525	2	19216800000602	601	375	62	26	32	0	832	704	576
FRAME	1540899791893	538	1	19216800000602	502	319	148	21	58	0	1218	704	576
FRAME	1540899791893	541	1	19216800000602	502	326	135	13	34	0	442	704	576
FRAME	1540899791893	543	2	19216800000602	603	417	206	71	84	0	5964	704	576
FRAME	1540899792481	408	2	19216800000602	702	453	135	40	62	0	2480	704	576
FRAME	1540899792481	525	2	19216800000602	601	375	63	26	31	0	806	704	576
FRAME	1540899792481	538	1	19216800000602	502	319	148	21	58	0	1218	704	576
FRAME	1540899792481	541	1	19216800000602	502	328	137	13	38	0	494	704	576
FRAME	1540899792481	543	2	19216800000602	603	414	186	65	81	0	5265	704	576
FRAME	1540899792995	408	2	19216800000602	702	453	133	41	60	0	2460	704	576
FRAME	1540899792995	525	2	19216800000602	601	374	62	26	31	0	806	704	576
FRAME	1540899792995	538	1	19216800000602	502	325	148	23	61	0	1403	704	576
FRAME	1540899792995	541	1	19216800000602	502	328	137	13	38	0	494	704	576
FRAME	1540899792995	543	2	19216800000602	603	411	173	59	70	0	4130	704	576
FRAME	1540899793819	408	2	19216800000602	702	454	133	41	60	0	2460	704	576
FRAME	1540899793819	525	2	19216800000602	601	374	61	25	31	0	775	704	576
FRAME	1540899793819	538	1	19216800000602	502	328	145	22	60	0	1320	704	576
FRAME	1540899793819	541	1	19216800000602	502	328	137	13	38	0	494	704	576
FRAME	1540899793819	543	2	19216800000602	602	409	164	55	66	0	3630	704	576
FRAME	1540899793819	545	2	19216800000602	600	376	34	15	19	0	285	704	576
FRAME	1540899794224	1818	1	19216800000600	603	1066	422	47	118	0	5546	1920	1080
FRAME	1540899794218	408	2	19216800000602	702	455	134	42	61	0	2562	704	576
FRAME	1540899794218	525	2	19216800000602	601	375	62	25	30	0	750	704	576
FRAME	1540899794218	538	1	19216800000602	502	329	136	21	63	0	1323	704	576
FRAME	1540899794218	541	1	19216800000602	502	328	137	13	38	0	494	704	576
FRAME	1540899794218	543	2	19216800000602	602	407	151	49	63	0	3087	704	576
FRAME	1540899794218	545	2	19216800000602	600	376	34	15	19	0	285	704	576
FRAME	1540899794420	1818	1	19216800000600	603	1066	422	47	118	0	5546	1920	1080
FRAME	1540899794668	1818	1	19216800000600	603	1102	415	60	122	0	7320	1920	1080
FRAME	1540899794712	408	2	19216800000602	702	455	135	42	60	0	2520	704	576
FRAME	1540899794712	525	2	19216800000602	601	376	61	25	31	0	775	704	576
FRAME	1540899794712	538	1	19216800000602	502	330	132	22	61	0	1342	704	576
FRAME	1540899794712	543	2	19216800000602	602	405	136	45	58	0	2610	704	576
FRAME	1540899794712	545	2	19216800000602	600	376	34	15	19	0	285	704	576
FRAME	1540899794994	1818	1	19216800000600	603	1102	415	60	122	0	7320	1920	1080
FRAME	1540899795301	408	2	19216800000602	702	454	135	42	62	0	2604	704	576
FRAME	1540899795301	525	2	19216800000602	601	376	60	25	32	0	800	704	576
FRAME	1540899795301	538	1	19216800000602	502	329	134	22	60	0	1320	704	576
FRAME	1540899795301	543	2	19216800000602	602	404	125	45	54	0	2430	704	576
FRAME	1540899795301	545	2	19216800000602	600	376	36	17	20	0	340	704	576
FRAME	1540899795556	1818	1	19216800000600	603	1102	415	60	122	0	7320	1920	1080
FRAME	1540899795556	1819	1	19216800000600	902	1567	311	43	86	0	3698	1920	1080
FRAME	1540899795700	408	2	19216800000602	702	454	135	42	62	0	2604	704	576
FRAME	1540899795700	525	2	19216800000602	601	375	59	25	31	0	775	704	576
FRAME	1540899795700	538	1	19216800000602	502	329	134	22	60	0	1320	704	576
FRAME	1540899795700	543	2	19216800000602	602	404	118	43	51	0	2193	704	576
FRAME	1540899795700	545	2	19216800000602	600	376	36	17	20	0	340	704	576
FRAME	1540899796016	1818	1	19216800000600	603	1102	415	60	122	0	7320	1920	1080
FRAME	1540899796016	1819	1	19216800000600	902	1575	308	46	89	0	4094	1920	1080
FRAME	1540899796126	408	2	19216800000602	702	454	135	42	64	0	2688	704	576
FRAME	1540899796126	525	2	19216800000602	601	375	60	26	30	0	780	704	576
FRAME	1540899796126	538	1	19216800000602	502	329	134	22	60	0	1320	704	576
FRAME	1540899796126	543	2	19216800000602	601	404	112	42	46	0	1932	704	576
FRAME	1540899796126	545	2	19216800000602	600	379	36	20	20	0	400	704	576
FRAME	1540899796315	1819	1	19216800000600	902	1575	308	46	89	0	4094	1920	1080
FRAME	1540899796410	408	2	19216800000602	702	454	135	42	63	0	2646	704	576
FRAME	1540899796410	525	2	19216800000602	601	374	60	28	30	0	840	704	576
FRAME	1540899796410	538	1	19216800000602	502	329	134	22	60	0	1320	704	576
FRAME	1540899796410	543	2	19216800000602	601	403	104	40	47	0	1880	704	576
FRAME	1540899796410	545	2	19216800000602	600	382	35	21	20	0	420	704	576
FRAME	1540899796461	1819	1	19216800000600	902	1588	303	53	87	0	4611	1920	1080
FRAME	1540899796755	1819	1	19216800000600	902	1605	300	54	86	0	4644	1920	1080
FRAME	1540899796760	408	2	19216800000602	702	454	134	42	62	0	2604	704	576
FRAME	1540899796760	525	2	19216800000602	601	373	60	29	29	0	841	704	576
FRAME	1540899796760	543	2	19216800000602	601	401	98	38	43	0	1634	704	576
FRAME	1540899796760	545	2	19216800000602	600	384	35	22	20	0	440	704	576
FRAME	1540899797050	1819	1	19216800000600	902	1612	300	51	84	0	4284	1920	1080
FRAME	1540899797243	1819	1	19216800000600	902	1612	300	51	84	0	4284	1920	1080
FRAME	1540899797218	408	2	19216800000602	702	453	133	41	61	0	2501	704	576
FRAME	1540899797218	525	2	19216800000602	601	374	61	28	28	0	784	704	576
FRAME	1540899797218	543	2	19216800000602	601	400	95	37	41	0	1517	704	576
FRAME	1540899797218	545	2	19216800000602	600	384	35	20	20	0	400	704	576
FRAME	1540899797462	1819	1	19216800000600	902	1612	300	51	84	0	4284	1920	1080
FRAME	1540899797664	1819	1	19216800000600	902	1612	300	51	84	0	4284	1920	1080
FRAME	1540899797751	408	2	19216800000602	702	453	134	41	61	0	2501	704	576
FRAME	1540899797751	525	2	19216800000602	601	374	61	27	29	0	783	704	576
FRAME	1540899797751	543	2	19216800000602	601	401	95	36	40	0	1440	704	576
FRAME	1540899797751	545	2	19216800000602	600	383	35	18	20	0	360	704	576
FRAME	1540899797751	546	2	19216800000602	600	382	42	18	21	0	378	704	576
FRAME	1540899798246	408	2	19216800000602	702	453	135	41	62	0	2542	704	576
FRAME	1540899798246	525	2	19216800000602	601	375	62	26	29	0	754	704	576
FRAME	1540899798246	543	2	19216800000602	601	401	91	36	38	0	1368	704	576
FRAME	1540899798246	545	2	19216800000602	600	381	35	17	20	0	340	704	576
FRAME	1540899798246	546	2	19216800000602	600	392	28	17	21	0	357	704	576
FRAME	1540899798553	408	2	19216800000602	702	454	135	42	62	0	2604	704	576
FRAME	1540899798553	525	2	19216800000602	601	375	62	25	28	0	700	704	576
FRAME	1540899798553	543	2	19216800000602	601	402	84	36	36	0	1296	704	576
FRAME	1540899798553	545	2	19216800000602	600	380	35	16	20	0	320	704	576
FRAME	1540899798553	546	2	19216800000602	600	392	28	17	21	0	357	704	576
FRAME	1540899798894	408	2	19216800000602	702	455	134	42	61	0	2562	704	576
FRAME	1540899798894	525	2	19216800000602	601	375	61	26	28	0	728	704	576
FRAME	1540899798894	543	2	19216800000602	601	405	79	37	36	0	1332	704	576
FRAME	1540899798894	545	2	19216800000602	600	379	35	18	20	0	360	704	576
FRAME	1540899798894	546	2	19216800000602	600	392	28	17	21	0	357	704	576
FRAME	1540899799104	1820	1	19216800000600	902	1658	287	50	83	0	4150	1920	1080
FRAME	1540899799226	408	2	19216800000602	702	454	133	41	61	0	2501	704	576
FRAME	1540899799226	525	2	19216800000602	601	374	61	26	28	0	728	704	576
FRAME	1540899799226	543	2	19216800000602	601	406	79	36	34	0	1224	704	576
FRAME	1540899799226	545	2	19216800000602	600	380	35	20	20	0	400	704	576
FRAME	1540899799226	546	2	19216800000602	600	392	28	17	21	0	357	704	576
FRAME	1540899799355	1820	1	19216800000600	902	1658	287	50	83	0	4150	1920	1080
FRAME	1540899799521	1820	1	19216800000600	902	1658	287	50	83	0	4150	1920	1080
FRAME	1540899799617	408	2	19216800000602	702	454	133	42	60	0	2520	704	576
FRAME	1540899799617	525	2	19216800000602	601	374	60	26	29	0	754	704	576
FRAME	1540899799617	543	2	19216800000602	601	403	79	36	34	0	1224	704	576
FRAME	1540899799617	545	2	19216800000602	600	381	35	21	20	0	420	704	576
FRAME	1540899799764	1820	1	19216800000600	902	1658	287	50	83	0	4150	1920	1080
FRAME	1540899800172	408	2	19216800000602	702	453	134	41	60	0	2460	704	576
FRAME	1540899800172	525	2	19216800000602	601	374	60	26	28	0	728	704	576
FRAME	1540899800172	543	2	19216800000602	601	401	76	35	35	0	1225	704	576
FRAME	1540899800172	545	2	19216800000602	600	382	35	22	20	0	440	704	576
FRAME	1540899800702	408	2	19216800000602	702	453	135	41	60	0	2460	704	576
FRAME	1540899800702	525	2	19216800000602	601	374	61	26	28	0	728	704	576
FRAME	1540899800702	543	2	19216800000602	601	403	71	35	36	0	1260	704	576
FRAME	1540899800702	545	2	19216800000602	600	382	35	22	19	0	418	704	576
FRAME	1540899801316	408	2	19216800000602	702	454	135	42	60	0	2520	704	576
FRAME	1540899801316	525	2	19216800000602	601	374	61	26	27	0	702	704	576
FRAME	1540899801316	543	2	19216800000602	601	409	65	32	33	0	1056	704	576
FRAME	1540899801316	545	2	19216800000602	600	381	36	22	19	0	418	704	576
FRAME	1540899801316	547	1	19216800000602	502	342	115	14	34	0	476	704	576
FRAME	1540899801672	408	2	19216800000602	702	455	134	42	60	0	2520	704	576
FRAME	1540899801672	525	2	19216800000602	601	374	60	26	27	0	702	704	576
FRAME	1540899801672	543	2	19216800000602	601	411	63	32	33	0	1056	704	576
FRAME	1540899801672	545	2	19216800000602	600	381	37	22	18	0	396	704	576
FRAME	1540899801672	547	1	19216800000602	502	342	115	14	34	0	476	704	576
FRAME	1540899802171	408	2	19216800000602	702	454	134	41	60	0	2460	704	576
FRAME	1540899802171	525	2	19216800000602	601	374	60	26	27	0	702	704	576
FRAME	1540899802171	543	2	19216800000602	601	409	64	32	32	0	1024	704	576
FRAME	1540899802171	545	2	19216800000602	600	381	36	22	18	0	396	704	576
FRAME	1540899802171	547	1	19216800000602	502	342	115	14	34	0	476	704	576
FRAME	1540899802877	408	2	19216800000602	702	453	134	41	60	0	2460	704	576
FRAME	1540899802877	525	2	19216800000602	601	374	60	26	27	0	702	704	576
FRAME	1540899802877	543	2	19216800000602	601	407	64	32	32	0	1024	704	576
FRAME	1540899802877	545	2	19216800000602	600	381	36	22	18	0	396	704	576
FRAME	1540899802877	547	1	19216800000602	502	342	115	14	34	0	476	704	576
FRAME	1540899803190	408	2	19216800000602	702	453	134	41	60	0	2460	704	576
FRAME	1540899803190	525	2	19216800000602	601	374	60	25	27	0	675	704	576
FRAME	1540899803190	543	2	19216800000602	601	407	62	31	31	0	961	704	576
FRAME	1540899803190	545	2	19216800000602	600	381	36	22	18	0	396	704	576
FRAME	1540899803190	547	1	19216800000602	501	345	105	14	36	0	504	704	576
FRAME	1540899803833	408	2	19216800000602	702	453	134	41	60	0	2460	704	576
FRAME	1540899803833	525	2	19216800000602	601	375	60	25	27	0	675	704	576
FRAME	1540899803833	543	2	19216800000602	601	408	60	29	30	0	870	704	576
FRAME	1540899803833	545	2	19216800000602	600	380	36	20	18	0	360	704	576
FRAME	1540899803833	547	1	19216800000602	501	345	105	14	36	0	504	704	576
FRAME	1540899803833	548	2	19216800000602	607	379	455	113	175	0	19775	704	576
FRAME	1540899804151	408	2	19216800000602	702	454	134	42	61	0	2562	704	576
FRAME	1540899804151	525	2	19216800000602	601	376	60	26	28	0	728	704	576
FRAME	1540899804151	543	2	19216800000602	600	408	56	28	30	0	840	704	576
FRAME	1540899804151	545	2	19216800000602	600	378	36	19	18	0	342	704	576
FRAME	1540899804151	547	1	19216800000602	501	345	100	14	35	0	490	704	576
FRAME	1540899804151	548	2	19216800000602	606	385	372	95	141	0	13395	704	576
FRAME	1540899804533	408	2	19216800000602	702	454	134	41	61	0	2501	704	576
FRAME	1540899804533	525	2	19216800000602	601	375	59	26	29	0	754	704	576
FRAME	1540899804533	543	2	19216800000602	600	407	52	27	29	0	783	704	576
FRAME	1540899804533	545	2	19216800000602	600	378	36	19	18	0	342	704	576
FRAME	1540899804533	547	1	19216800000602	501	345	100	14	35	0	490	704	576
FRAME	1540899804533	548	2	19216800000602	604	394	262	83	123	0	10209	704	576
FRAME	1540899805171	1821	1	19216800000600	1002	1783	250	45	68	0	3060	1920	1080
FRAME	1540899805401	408	2	19216800000602	702	454	133	42	61	0	2562	704	576
FRAME	1540899805401	525	2	19216800000602	601	374	60	26	28	0	728	704	576
FRAME	1540899805401	543	2	19216800000602	600	408	51	28	29	0	812	704	576
FRAME	1540899805401	545	2	19216800000602	600	378	36	17	18	0	306	704	576
FRAME	1540899805401	547	1	19216800000602	501	345	100	14	35	0	490	704	576
FRAME	1540899805401	548	2	19216800000602	603	397	210	75	108	0	8100	704	576
FRAME	1540899805428	1821	1	19216800000600	1002	1793	247	41	68	0	2788	1920	1080
FRAME	1540899805633	1821	1	19216800000600	1002	1793	247	41	68	0	2788	1920	1080
FRAME	1540899805764	408	2	19216800000602	702	453	133	41	61	0	2501	704	576
FRAME	1540899805764	525	2	19216800000602	601	374	60	26	29	0	754	704	576
FRAME	1540899805764	543	2	19216800000602	600	409	51	29	28	0	812	704	576
FRAME	1540899805764	545	2	19216800000602	600	378	36	17	18	0	306	704	576
FRAME	1540899805764	547	1	19216800000602	501	345	100	14	35	0	490	704	576
FRAME	1540899805764	548	2	19216800000602	603	396	204	63	88	0	5544	704	576
FRAME	1540899805776	1821	1	19216800000600	1002	1793	247	41	68	0	2788	1920	1080
FRAME	1540899806081	1821	1	19216800000600	1002	1793	247	41	68	0	2788	1920	1080
FRAME	1540899806484	408	2	19216800000602	702	453	133	41	61	0	2501	704	576
FRAME	1540899806484	525	2	19216800000602	601	374	60	25	29	0	725	704	576
FRAME	1540899806484	543	2	19216800000602	600	410	50	28	28	0	784	704	576
FRAME	1540899806484	545	2	19216800000602	600	380	36	16	18	0	288	704	576
FRAME	1540899806484	548	2	19216800000602	603	395	200	56	75	0	4200	704	576
FRAME	1540899806793	408	2	19216800000602	702	455	133	41	60	0	2460	704	576
FRAME	1540899806793	525	2	19216800000602	601	375	60	25	30	0	750	704	576
FRAME	1540899806793	543	2	19216800000602	600	409	48	27	27	0	729	704	576
FRAME	1540899806793	545	2	19216800000602	600	380	36	16	18	0	288	704	576
FRAME	1540899806793	548	2	19216800000602	603	395	180	50	64	0	3200	704	576
FRAME	1540899807132	408	2	19216800000602	702	457	133	42	61	0	2562	704	576
FRAME	1540899807132	525	2	19216800000602	601	376	60	25	31	0	775	704	576
FRAME	1540899807132	543	2	19216800000602	600	410	45	26	25	0	650	704	576
FRAME	1540899807132	545	2	19216800000602	600	381	36	17	18	0	306	704	576
FRAME	1540899807132	548	2	19216800000602	602	397	148	47	59	0	2773	704	576
FRAME	1540899807648	408	2	19216800000602	702	455	135	42	62	0	2604	704	576
FRAME	1540899807648	525	2	19216800000602	601	376	61	23	31	0	713	704	576
FRAME	1540899807648	543	2	19216800000602	600	410	44	25	24	0	600	704	576
FRAME	1540899807648	545	2	19216800000602	600	381	36	15	18	0	270	704	576
FRAME	1540899807648	548	2	19216800000602	602	400	133	44	54	0	2376	704	576
FRAME	1540899808049	408	2	19216800000602	702	453	135	42	62	0	2604	704	576
FRAME	1540899808049	525	2	19216800000602	601	376	62	24	30	0	720	704	576
FRAME	1540899808049	543	2	19216800000602	600	411	44	25	24	0	600	704	576
FRAME	1540899808049	545	2	19216800000602	600	381	36	15	18	0	270	704	576
FRAME	1540899808049	548	2	19216800000602	602	400	132	41	52	0	2132	704	576
FRAME	1540899808585	408	2	19216800000602	702	454	134	41	61	0	2501	704	576
FRAME	1540899808585	525	2	19216800000602	601	375	61	23	31	0	713	704	576
FRAME	1540899808585	543	2	19216800000602	600	414	44	26	25	0	650	704	576
FRAME	1540899808585	545	2	19216800000602	600	381	36	15	18	0	270	704	576
FRAME	1540899808585	548	2	19216800000602	602	400	130	39	51	0	1989	704	576
FRAME	1540899808842	408	2	19216800000602	702	456	133	42	61	0	2562	704	576
FRAME	1540899808842	525	2	19216800000602	601	376	60	24	30	0	720	704	576
FRAME	1540899808842	543	2	19216800000602	600	414	47	22	24	0	528	704	576
FRAME	1540899808842	545	2	19216800000602	600	381	36	15	18	0	270	704	576
FRAME	1540899808842	548	2	19216800000602	602	400	123	37	48	0	1776	704	576
FRAME	1540899809309	408	2	19216800000602	702	455	133	42	60	0	2520	704	576
FRAME	1540899809309	525	2	19216800000602	601	376	59	24	30	0	720	704	576
FRAME	1540899809309	543	2	19216800000602	600	411	49	18	21	0	378	704	576
FRAME	1540899809309	545	2	19216800000602	600	381	35	14	17	0	238	704	576
FRAME	1540899809309	548	2	19216800000602	602	401	115	35	46	0	1610	704	576
FRAME	1540899809611	408	2	19216800000602	702	454	134	42	62	0	2604	704	576
FRAME	1540899809611	525	2	19216800000602	601	374	60	23	30	0	690	704	576
FRAME	1540899809611	543	2	19216800000602	600	411	49	18	21	0	378	704	576
FRAME	1540899809611	545	2	19216800000602	600	381	35	16	19	0	304	704	576
FRAME	1540899809611	548	2	19216800000602	601	402	108	35	45	0	1575	704	576
FRAME	1540899810224	408	2	19216800000602	702	454	135	42	62	0	2604	704	576
FRAME	1540899810224	525	2	19216800000602	601	374	61	24	30	0	720	704	576
FRAME	1540899810224	543	2	19216800000602	600	411	49	18	21	0	378	704	576
FRAME	1540899810224	545	2	19216800000602	600	381	36	16	18	0	288	704	576
FRAME	1540899810224	548	2	19216800000602	601	403	103	35	45	0	1575	704	576
FRAME	1540899810224	549	1	19216800000602	502	322	152	13	39	0	507	704	576
FRAME	1540899810224	550	1	19216800000602	209	123	532	78	84	0	6552	704	576
FRAME	1540899811306	408	2	19216800000602	702	454	135	42	63	0	2646	704	576
FRAME	1540899811306	525	2	19216800000602	601	375	61	24	30	0	720	704	576
FRAME	1540899811306	543	2	19216800000602	600	411	49	18	21	0	378	704	576
FRAME	1540899811306	545	2	19216800000602	600	379	35	15	17	0	255	704	576
FRAME	1540899811306	548	2	19216800000602	601	403	98	35	43	0	1505	704	576
FRAME	1540899811306	549	1	19216800000602	502	322	152	13	39	0	507	704	576
FRAME	1540899811306	551	2	19216800000602	600	412	35	24	22	0	528	704	576
FRAME	1540899811306	550	1	19216800000602	209	123	532	78	84	0	6552	704	576
FRAME	1540899811306	552	1	19216800000602	909	598	531	53	85	0	4505	704	576
FRAME	1540899811900	408	2	19216800000602	702	454	135	42	63	0	2646	704	576
FRAME	1540899811900	525	2	19216800000602	601	376	60	24	30	0	720	704	576
FRAME	1540899811900	545	2	19216800000602	600	379	35	17	17	0	289	704	576
FRAME	1540899811900	548	2	19216800000602	601	406	90	34	40	0	1360	704	576
FRAME	1540899811900	549	1	19216800000602	502	315	156	14	36	0	504	704	576
FRAME	1540899811900	551	2	19216800000602	600	413	32	24	22	0	528	704	576
FRAME	1540899811900	550	1	19216800000602	309	146	518	69	109	0	7521	704	576
FRAME	1540899811900	552	1	19216800000602	909	584	519	51	102	0	5202	704	576
FRAME	1540899812420	408	2	19216800000602	702	453	134	41	63	0	2583	704	576
FRAME	1540899812420	525	2	19216800000602	601	376	59	25	31	0	775	704	576
FRAME	1540899812420	545	2	19216800000602	600	381	35	16	17	0	272	704	576
FRAME	1540899812420	548	2	19216800000602	601	411	81	35	40	0	1400	704	576
FRAME	1540899812420	549	1	19216800000602	502	310	160	14	40	0	560	704	576
FRAME	1540899812420	551	2	19216800000602	600	412	29	23	21	0	483	704	576
FRAME	1540899812420	550	1	19216800000602	309	146	518	69	109	0	7521	704	576
FRAME	1540899812420	552	1	19216800000602	908	571	497	46	114	0	5244	704	576
FRAME	1540899812999	408	2	19216800000602	702	453	134	41	62	0	2542	704	576
FRAME	1540899812999	525	2	19216800000602	601	377	59	26	32	0	832	704	576
FRAME	1540899812999	545	2	19216800000602	600	380	35	15	17	0	255	704	576
FRAME	1540899812999	548	2	19216800000602	601	414	78	31	36	0	1116	704	576
FRAME	1540899812999	549	1	19216800000602	502	308	163	14	42	0	588	704	576
FRAME	1540899812999	551	2	19216800000602	600	412	27	24	22	0	528	704	576
FRAME	1540899812999	550	1	19216800000602	308	178	485	64	132	0	8448	704	576
FRAME	1540899812999	552	1	19216800000602	908	565	478	43	117	0	5031	704	576
FRAME	1540899813836	408	2	19216800000602	702	454	134	42	62	0	2604	704	576
FRAME	1540899813836	525	2	19216800000602	601	377	60	26	32	0	832	704	576
FRAME	1540899813836	545	2	19216800000602	600	379	35	15	17	0	255	704	576
FRAME	1540899813836	548	2	19216800000602	601	414	79	30	34	0	1020	704	576
FRAME	1540899813836	549	1	19216800000602	502	307	163	14	43	0	602	704	576
FRAME	1540899813836	551	2	19216800000602	600	411	24	23	22	0	506	704	576
FRAME	1540899813836	550	1	19216800000602	308	195	484	59	117	0	6903	704	576
FRAME	1540899813836	552	1	19216800000602	908	567	464	40	124	0	4960	704	576
FRAME	1540899813836	553	2	19216800000602	701	448	85	14	26	0	364	704	576
FRAME	1540899814483	408	2	19216800000602	702	454	134	41	62	0	2542	704	576
FRAME	1540899814483	525	2	19216800000602	601	376	62	28	31	0	868	704	576
FRAME	1540899814483	545	2	19216800000602	600	378	36	15	18	0	270	704	576
FRAME	1540899814483	548	2	19216800000602	601	414	73	30	33	0	990	704	576
FRAME	1540899814483	549	1	19216800000602	502	308	163	14	44	0	616	704	576
FRAME	1540899814483	551	2	19216800000602	600	412	23	22	20	0	440	704	576
FRAME	1540899814483	550	1	19216800000602	308	195	484	59	117	0	6903	704	576
FRAME	1540899814483	552	1	19216800000602	907	563	445	36	107	0	3852	704	576
FRAME	1540899814483	553	2	19216800000602	701	448	85	14	26	0	364	704	576
FRAME	1540899814483	554	1	19216800000602	309	144	526	86	98	0	8428	704	576
FRAME	1540899815052	408	2	19216800000602	702	454	134	42	62	0	2604	704	576
FRAME	1540899815052	525	2	19216800000602	601	375	62	27	29	0	783	704	576
FRAME	1540899815052	545	2	19216800000602	600	377	37	15	18	0	270	704	576
FRAME	1540899815052	548	2	19216800000602	601	417	65	30	32	0	960	704	576
FRAME	1540899815052	549	1	19216800000602	502	308	162	14	41	0	574	704	576
FRAME	1540899815052	551	2	19216800000602	600	413	22	21	18	0	378	704	576
FRAME	1540899815052	550	1	19216800000602	308	201	503	43	107	0	4601	704	576
FRAME	1540899815052	552	1	19216800000602	807	551	423	33	101	0	3333	704	576
FRAME	1540899815052	553	2	19216800000602	701	448	85	14	26	0	364	704	576
FRAME	1540899815052	554	1	19216800000602	308	167	502	76	119	0	9044	704	576
FRAME	1540899815643	408	2	19216800000602	702	453	134	41	62	0	2542	704	576
FRAME	1540899815643	525	2	19216800000602	601	376	61	26	28	0	728	704	576
FRAME	1540899815643	545	2	19216800000602	600	378	36	14	17	0	238	704	576
FRAME	1540899815643	548	2	19216800000602	601	419	62	28	31	0	868	704	576
FRAME	1540899815643	549	1	19216800000602	502	308	162	14	41	0	574	704	576
FRAME	1540899815643	551	2	19216800000602	600	414	22	21	18	0	378	704	576
FRAME	1540899815643	550	1	19216800000602	308	201	503	43	107	0	4601	704	576
FRAME	1540899815643	552	1	19216800000602	807	545	413	31	100	0	3100	704	576
FRAME	1540899815643	553	2	19216800000602	701	448	85	14	26	0	364	704	576
FRAME	1540899815643	554	1	19216800000602	308	174	493	70	134	0	9380	704	576
FRAME	1540899816437	408	2	19216800000602	702	453	134	41	61	0	2501	704	576
FRAME	1540899816437	525	2	19216800000602	601	375	59	26	29	0	754	704	576
FRAME	1540899816437	545	2	19216800000602	600	379	35	14	17	0	238	704	576
FRAME	1540899816437	548	2	19216800000602	601	417	62	27	29	0	783	704	576
FRAME	1540899816437	549	1	19216800000602	502	308	162	14	41	0	574	704	576
FRAME	1540899816437	551	2	19216800000602	600	414	22	21	16	0	336	704	576
FRAME	1540899816437	550	1	19216800000602	308	201	503	43	107	0	4601	704	576
FRAME	1540899816437	552	1	19216800000602	807	546	411	28	97	0	2716	704	576
FRAME	1540899816437	554	1	19216800000602	308	171	496	66	140	0	9240	704	576
FRAME	1540899817161	408	2	19216800000602	702	453	134	41	61	0	2501	704	576
FRAME	1540899817161	525	2	19216800000602	601	373	59	25	27	0	675	704	576
FRAME	1540899817161	545	2	19216800000602	600	378	35	16	17	0	272	704	576
FRAME	1540899817161	548	2	19216800000602	601	416	58	26	31	0	806	704	576
FRAME	1540899817161	549	1	19216800000602	502	308	162	14	41	0	574	704	576
FRAME	1540899817161	551	2	19216800000602	600	414	20	21	17	0	357	704	576
FRAME	1540899817161	550	1	19216800000602	308	201	503	43	107	0	4601	704	576
FRAME	1540899817161	552	1	19216800000602	807	543	403	29	93	0	2697	704	576
FRAME	1540899817161	554	1	19216800000602	308	174	491	63	149	0	9387	704	576
FRAME	1540899818370	408	2	19216800000602	702	453	134	41	62	0	2542	704	576
FRAME	1540899818370	525	2	19216800000602	601	373	60	26	26	0	676	704	576
FRAME	1540899818370	545	2	19216800000602	600	377	35	17	17	0	289	704	576
FRAME	1540899818370	548	2	19216800000602	600	416	52	25	31	0	775	704	576
FRAME	1540899818370	551	2	19216800000602	600	415	19	21	17	0	357	704	576
FRAME	1540899818370	552	1	19216800000602	806	535	391	26	92	0	2392	704	576
FRAME	1540899818370	554	1	19216800000602	308	186	474	60	159	0	9540	704	576
FRAME	1540899818370	555	2	19216800000602	600	405	15	24	17	0	408	704	576
FRAME	1540899818370	556	2	19216800000602	601	390	98	10	25	0	250	704	576
FRAME	1540899819436	408	2	19216800000602	702	453	134	41	61	0	2501	704	576
FRAME	1540899819436	525	2	19216800000602	601	374	60	26	29	0	754	704	576
FRAME	1540899819436	545	2	19216800000602	600	378	36	18	18	0	324	704	576
FRAME	1540899819436	548	2	19216800000602	600	417	46	24	29	0	696	704	576
FRAME	1540899819436	551	2	19216800000602	600	417	18	22	18	0	396	704	576
FRAME	1540899819436	552	1	19216800000602	806	527	372	29	98	0	2842	704	576
FRAME	1540899819436	554	1	19216800000602	307	196	452	59	156	0	9204	704	576
FRAME	1540899819436	555	2	19216800000602	600	405	15	24	17	0	408	704	576
FRAME	1540899819436	556	2	19216800000602	601	390	98	10	25	0	250	704	576
FRAME	1540899819436	557	1	19216800000602	502	324	156	13	38	0	494	704	576
FRAME	1540899819436	558	1	19216800000602	701	433	106	10	25	0	250	704	576
FRAME	1540899820037	1822	2	19216800000600	1001	1776	117	108	34	0	3672	1920	1080
FRAME	1540899820282	1822	2	19216800000600	1001	1795	130	93	34	0	3162	1920	1080
FRAME	1540899820695	1822	2	19216800000600	1001	1808	135	89	31	0	2759	1920	1080
FRAME	1540899820695	1823	2	19216800000600	901	1626	127	102	34	0	3468	1920	1080
FRAME	1540899820763	408	2	19216800000602	702	453	134	41	59	0	2419	704	576
FRAME	1540899820763	525	2	19216800000602	601	375	61	25	30	0	750	704	576
FRAME	1540899820763	545	2	19216800000602	600	377	37	18	18	0	324	704	576
FRAME	1540899820763	548	2	19216800000602	600	416	39	24	31	0	744	704	576
FRAME	1540899820763	551	2	19216800000602	600	416	12	23	17	0	391	704	576
FRAME	1540899820763	552	1	19216800000602	806	519	346	27	95	0	2565	704	576
FRAME	1540899820763	554	1	19216800000602	307	200	423	56	148	0	8288	704	576
FRAME	1540899820763	555	2	19216800000602	600	405	15	24	17	0	408	704	576
FRAME	1540899820763	556	2	19216800000602	601	390	98	10	25	0	250	704	576
FRAME	1540899820763	557	1	19216800000602	502	326	170	13	34	0	442	704	576
FRAME	1540899820763	558	1	19216800000602	701	433	106	10	25	0	250	704	576
FRAME	1540899820763	559	1	19216800000602	406	235	374	21	76	0	1596	704	576
FRAME	1540899820763	560	1	19216800000602	602	383	137	11	32	0	352	704	576
FRAME	1540899821050	1822	2	19216800000600	1001	1808	135	89	31	0	2759	1920	1080
FRAME	1540899821050	1823	2	19216800000600	901	1586	130	96	32	0	3072	1920	1080
FRAME	1540899821357	1822	2	19216800000600	1001	1808	135	89	31	0	2759	1920	1080
FRAME	1540899821357	1823	2	19216800000600	901	1537	135	93	31	0	2883	1920	1080
FRAME	1540899821601	1822	2	19216800000600	1001	1808	135	89	31	0	2759	1920	1080
FRAME	1540899821601	1823	2	19216800000600	901	1537	135	93	31	0	2883	1920	1080
FRAME	1540899821716	408	2	19216800000602	702	453	134	41	59	0	2419	704	576
FRAME	1540899821716	525	2	19216800000602	601	376	61	25	30	0	750	704	576
FRAME	1540899821716	545	2	19216800000602	600	377	37	16	17	0	272	704	576
FRAME	1540899821716	548	2	19216800000602	600	415	35	24	27	0	648	704	576
FRAME	1540899821716	551	2	19216800000602	600	416	12	23	17	0	391	704	576
FRAME	1540899821716	552	1	19216800000602	805	506	328	24	87	0	2088	704	576
FRAME	1540899821716	554	1	19216800000602	307	202	400	56	147	0	8232	704	576
FRAME	1540899821716	555	2	19216800000602	600	405	15	24	17	0	408	704	576
FRAME	1540899821716	556	2	19216800000602	601	390	98	10	25	0	250	704	576
FRAME	1540899821716	557	1	19216800000602	502	326	170	13	34	0	442	704	576
FRAME	1540899821716	558	1	19216800000602	701	433	106	10	25	0	250	704	576
FRAME	1540899821716	559	1	19216800000602	406	245	359	22	68	0	1496	704	576
FRAME	1540899821716	561	1	19216800000602	503	305	179	13	37	0	481	704	576
FRAME	1540899821716	560	1	19216800000602	603	387	173	15	45	0	675	704	576
FRAME	1540899822309	1823	2	19216800000600	801	1494	140	98	29	0	2842	1920	1080
FRAME	1540899822309	1824	2	19216800000600	901	1699	117	81	32	0	2592	1920	1080
FRAME	1540899822537	408	2	19216800000602	702	453	134	41	59	0	2419	704	576
FRAME	1540899822537	525	2	19216800000602	601	376	59	26	31	0	806	704	576
FRAME	1540899822537	545	2	19216800000602	600	377	37	16	17	0	272	704	576
FRAME	1540899822537	548	2	19216800000602	600	415	35	24	27	0	648	704	576
FRAME	1540899822537	551	2	19216800000602	600	416	12	23	17	0	391	704	576
FRAME	1540899822537	552	1	19216800000602	805	499	319	22	86	0	1892	704	576
FRAME	1540899822537	554	1	19216800000602	306	207	388	50	143	0	7150	704	576
FRAME	1540899822537	557	1	19216800000602	502	326	170	13	34	0	442	704	576
FRAME	1540899822537	558	1	19216800000602	701	433	106	10	25	0	250	704	576
FRAME	1540899822537	559	1	19216800000602	406	250	346	21	68	0	1428	704	576
FRAME	1540899822537	561	1	19216800000602	503	305	179	13	37	0	481	704	576
FRAME	1540899822537	560	1	19216800000602	603	395	213	19	50	0	950	704	576
FRAME	1540899822537	562	2	19216800000602	603	394	207	20	43	0	860	704	576
FRAME	1540899822787	1823	2	19216800000600	801	1494	140	98	29	0	2842	1920	1080
FRAME	1540899822787	1824	2	19216800000600	901	1658	122	83	31	0	2573	1920	1080
FRAME	1540899823053	1823	2	19216800000600	801	1417	147	103	32	0	3296	1920	1080
FRAME	1540899823053	1824	2	19216800000600	901	1598	131	81	31	0	2511	1920	1080
FRAME	1540899823295	1823	2	19216800000600	701	1327	154	118	31	0	3658	1920	1080
FRAME	1540899823295	1824	2	19216800000600	901	1558	135	80	31	0	2480	1920	1080
FRAME	1540899823536	1823	2	19216800000600	701	1289	158	122	33	0	4026	1920	1080
FRAME	1540899823536	1824	2	19216800000600	901	1543	135	85	29	0	2465	1920	1080
FRAME	1540899823663	408	2	19216800000602	702	453	135	41	61	0	2501	704	576
FRAME	1540899823663	525	2	19216800000602	601	374	59	28	31	0	868	704	576
FRAME	1540899823663	545	2	19216800000602	600	377	37	16	17	0	272	704	576
FRAME	1540899823663	548	2	19216800000602	600	415	35	24	27	0	648	704	576
FRAME	1540899823663	551	2	19216800000602	600	416	12	23	17	0	391	704	576
FRAME	1540899823663	552	1	19216800000602	805	499	319	22	86	0	1892	704	576
FRAME	1540899823663	554	1	19216800000602	406	213	382	49	140	0	6860	704	576
FRAME	1540899823663	557	1	19216800000602	502	326	170	13	34	0	442	704	576
FRAME	1540899823663	559	1	19216800000602	406	252	347	20	70	0	1400	704	576
FRAME	1540899823663	561	1	19216800000602	503	302	192	19	54	0	1026	704	576
FRAME	1540899823663	560	1	19216800000602	604	406	244	20	50	0	1000	704	576
FRAME	1540899823663	562	2	19216800000602	603	394	207	20	43	0	860	704	576
FRAME	1540899823956	1823	2	19216800000600	701	1289	158	122	33	0	4026	1920	1080
FRAME	1540899823956	1824	2	19216800000600	901	1538	137	88	30	0	2640	1920	1080
FRAME	1540899824334	1823	2	19216800000600	701	1289	158	122	33	0	4026	1920	1080
FRAME	1540899824334	1824	2	19216800000600	901	1538	137	88	30	0	2640	1920	1080
FRAME	1540899824629	408	2	19216800000602	702	453	135	41	61	0	2501	704	576
FRAME	1540899824629	525	2	19216800000602	601	373	60	27	31	0	837	704	576
FRAME	1540899824629	545	2	19216800000602	600	377	37	16	17	0	272	704	576
FRAME	1540899824629	548	2	19216800000602	600	415	35	24	27	0	648	704	576
FRAME	1540899824629	552	1	19216800000602	805	499	319	22	86	0	1892	704	576
FRAME	1540899824629	554	1	19216800000602	406	224	368	50	134	0	6700	704	576
FRAME	1540899824629	559	1	19216800000602	406	252	347	20	70	0	1400	704	576
FRAME	1540899824629	561	1	19216800000602	503	290	210	24	64	0	1536	704	576
FRAME	1540899824629	560	1	19216800000602	605	414	290	26	50	0	1300	704	576
FRAME	1540899824629	562	2	19216800000602	603	394	207	20	43	0	860	704	576
FRAME	1540899824773	1823	2	19216800000600	701	1289	158	122	33	0	4026	1920	1080
FRAME	1540899824773	1824	2	19216800000600	901	1538	137	88	30	0	2640	1920	1080
FRAME	1540899824773	1825	2	19216800000600	1001	1807	140	77	28	0	2156	1920	1080
FRAME	1540899825256	1824	2	19216800000600	901	1538	137	88	30	0	2640	1920	1080
FRAME	1540899825256	1825	2	19216800000600	1001	1828	141	84	29	0	2436	1920	1080
FRAME	1540899825448	1825	2	19216800000600	1001	1849	141	75	27	0	2025	1920	1080
FRAME	1540899825573	408	2	19216800000602	702	453	135	41	62	0	2542	704	576
FRAME	1540899825573	525	2	19216800000602	601	374	61	27	32	0	864	704	576
FRAME	1540899825573	552	1	19216800000602	805	499	319	22	86	0	1892	704	576
FRAME	1540899825573	554	1	19216800000602	406	224	368	50	134	0	6700	704	576
FRAME	1540899825573	559	1	19216800000602	406	241	366	21	74	0	1554	704	576
FRAME	1540899825573	561	1	19216800000602	403	276	227	23	65	0	1495	704	576
FRAME	1540899825573	560	1	19216800000602	606	412	385	36	75	0	2700	704	576
FRAME	1540899825573	562	2	19216800000602	603	394	207	20	43	0	860	704	576
FRAME	1540899825573	563	1	19216800000602	509	296	516	47	114	0	5358	704	576
FRAME	1540899825824	1825	2	19216800000600	1001	1849	141	75	27	0	2025	1920	1080
FRAME	1540899826049	1825	2	19216800000600	1001	1849	141	75	27	0	2025	1920	1080
FRAME	1540899826294	1825	2	19216800000600	1001	1849	141	75	27	0	2025	1920	1080
FRAME	1540899826566	408	2	19216800000602	702	453	135	41	62	0	2542	704	576
FRAME	1540899826566	525	2	19216800000602	601	375	61	26	31	0	806	704	576
FRAME	1540899826566	554	1	19216800000602	405	235	339	48	122	0	5856	704	576
FRAME	1540899826566	559	1	19216800000602	406	241	366	21	74	0	1554	704	576
FRAME	1540899826566	561	1	19216800000602	404	265	276	21	66	0	1386	704	576
FRAME	1540899826566	560	1	19216800000602	606	412	385	36	75	0	2700	704	576
FRAME	1540899826566	563	1	19216800000602	408	254	489	44	118	0	5192	704	576
FRAME	1540899827237	408	2	19216800000602	702	453	134	43	61	0	2623	704	576
FRAME	1540899827237	525	2	19216800000602	601	374	62	24	30	0	720	704	576
FRAME	1540899827237	554	1	19216800000602	404	249	282	33	89	0	2937	704	576
FRAME	1540899827237	559	1	19216800000602	407	222	418	26	90	0	2340	704	576
FRAME	1540899827237	561	1	19216800000602	404	265	276	21	66	0	1386	704	576
FRAME	1540899827237	560	1	19216800000602	606	412	385	36	75	0	2700	704	576
FRAME	1540899827237	563	1	19216800000602	408	254	489	44	118	0	5192	704	576
FRAME	1540899827237	564	1	19216800000602	503	294	180	18	48	0	864	704	576
FRAME	1540899827624	1826	2	19216800000600	801	1387	113	171	105	0	17955	1920	1080
FRAME	1540899827858	1826	2	19216800000600	801	1387	113	171	105	0	17955	1920	1080
FRAME	1540899828081	1826	2	19216800000600	801	1387	113	171	105	0	17955	1920	1080
FRAME	1540899828116	408	2	19216800000602	702	453	135	40	58	0	2320	704	576
FRAME	1540899828116	525	2	19216800000602	601	374	61	24	29	0	696	704	576
FRAME	1540899828116	554	1	19216800000602	404	249	282	33	89	0	2937	704	576
FRAME	1540899828116	559	1	19216800000602	408	213	458	29	98	0	2842	704	576
FRAME	1540899828116	561	1	19216800000602	404	265	276	21	66	0	1386	704	576
FRAME	1540899828116	560	1	19216800000602	606	412	385	36	75	0	2700	704	576
FRAME	1540899828116	563	1	19216800000602	408	254	489	44	118	0	5192	704	576
FRAME	1540899828116	565	2	19216800000602	600	418	21	16	16	0	256	704	576
FRAME	1540899828116	564	1	19216800000602	503	294	180	18	48	0	864	704	576
FRAME	1540899828116	566	1	19216800000602	309	141	529	48	93	0	4464	704	576
FRAME	1540899828263	1826	2	19216800000600	801	1387	113	171	105	0	17955	1920	1080
FRAME	1540899829210	1827	2	19216800000600	601	1056	136	192	147	0	28224	1920	1080
FRAME	1540899829284	408	2	19216800000602	702	453	130	39	50	0	1950	704	576
FRAME	1540899829284	525	2	19216800000602	601	374	61	25	28	0	700	704	576
FRAME	1540899829284	554	1	19216800000602	404	249	282	33	89	0	2937	704	576
FRAME	1540899829284	559	1	19216800000602	407	220	436	28	98	0	2744	704	576
FRAME	1540899829284	561	1	19216800000602	404	265	276	21	66	0	1386	704	576
FRAME	1540899829284	563	1	19216800000602	408	254	489	44	118	0	5192	704	576
FRAME	1540899829284	565	2	19216800000602	600	418	21	16	16	0	256	704	576
FRAME	1540899829284	564	1	19216800000602	503	294	180	18	48	0	864	704	576
FRAME	1540899829284	567	1	19216800000602	404	278	258	31	60	0	1860	704	576
FRAME	1540899829284	566	1	19216800000602	308	162	511	44	106	0	4664	704	576
FRAME	1540899829284	568	1	19216800000602	502	313	152	14	32	0	448	704	576
FRAME	1540899829517	1827	2	19216800000600	601	994	139	201	150	0	30150	1920	1080
FRAME	1540899829735	1827	2	19216800000600	501	924	144	206	153	0	31518	1920	1080
FRAME	1540899830065	1828	2	19216800000600	601	976	145	219	139	0	30441	1920	1080
FRAME	1540899830065	1827	2	19216800000600	501	866	151	217	158	0	34286	1920	1080
FRAME	1540899830308	1828	2	19216800000600	501	803	153	239	154	0	36806	1920	1080
FRAME	1540899830308	1827	2	19216800000600	501	866	151	217	158	0	34286	1920	1080
FRAME	1540899830393	408	2	19216800000602	702	455	126	38	53	0	2014	704	576
